Analysis & Synthesis report for sls_mem_vhdl
Fri Mar 07 15:15:55 2025
Quartus Prime Version 18.1.0 Build 625 09/12/2018 SJ Lite Edition


---------------------
; Table of Contents ;
---------------------
  1. Legal Notice
  2. Analysis & Synthesis Summary
  3. Analysis & Synthesis Settings
  4. Parallel Compilation
  5. Analysis & Synthesis Source Files Read
  6. Analysis & Synthesis Resource Usage Summary
  7. Analysis & Synthesis Resource Utilization by Entity
  8. Analysis & Synthesis RAM Summary
  9. Registers Removed During Synthesis
 10. General Register Statistics
 11. Multiplexer Restructuring Statistics (Restructuring Performed)
 12. Source assignments for sls_mem_vhdl:cut|sls_rom_vhdl:myrom|altsyncram:altsyncram_component|altsyncram_ghs3:auto_generated
 13. Source assignments for sls_mem_vhdl:cut|sls_ram_vhdl:my_ram|altsyncram:altsyncram_component|altsyncram_sup3:auto_generated
 14. Parameter Settings for User Entity Instance: sls_mem_vhdl:cut|sls_rom_vhdl:myrom|altsyncram:altsyncram_component
 15. Parameter Settings for User Entity Instance: sls_mem_vhdl:cut|sls_ram_vhdl:my_ram|altsyncram:altsyncram_component
 16. Parameter Settings for User Entity Instance: sls_mem_cu_vhdl:mem_cu
 17. altsyncram Parameter Settings by Entity Instance
 18. Port Connectivity Checks: "sls_mem_vhdl:cut"
 19. Post-Synthesis Netlist Statistics for Top Partition
 20. Elapsed Time Per Partition
 21. Analysis & Synthesis Messages



----------------
; Legal Notice ;
----------------
Copyright (C) 2018  Intel Corporation. All rights reserved.
Your use of Intel Corporation's design tools, logic functions 
and other software and tools, and its AMPP partner logic 
functions, and any output files from any of the foregoing 
(including device programming or simulation files), and any 
associated documentation or information are expressly subject 
to the terms and conditions of the Intel Program License 
Subscription Agreement, the Intel Quartus Prime License Agreement,
the Intel FPGA IP License Agreement, or other applicable license
agreement, including, without limitation, that your use is for
the sole purpose of programming logic devices manufactured by
Intel and sold by Intel or its authorized distributors.  Please
refer to the applicable agreement for further details.



+----------------------------------------------------------------------------------+
; Analysis & Synthesis Summary                                                     ;
+------------------------------------+---------------------------------------------+
; Analysis & Synthesis Status        ; Successful - Fri Mar 07 15:15:55 2025       ;
; Quartus Prime Version              ; 18.1.0 Build 625 09/12/2018 SJ Lite Edition ;
; Revision Name                      ; sls_mem_vhdl                                ;
; Top-level Entity Name              ; sls_mem_fpga_emulation_vhdl                 ;
; Family                             ; Cyclone IV E                                ;
; Total logic elements               ; 82                                          ;
;     Total combinational functions  ; 78                                          ;
;     Dedicated logic registers      ; 61                                          ;
; Total registers                    ; 61                                          ;
; Total pins                         ; 10                                          ;
; Total virtual pins                 ; 0                                           ;
; Total memory bits                  ; 2,048                                       ;
; Embedded Multiplier 9-bit elements ; 0                                           ;
; Total PLLs                         ; 0                                           ;
+------------------------------------+---------------------------------------------+


+---------------------------------------------------------------------------------------------------------------------+
; Analysis & Synthesis Settings                                                                                       ;
+------------------------------------------------------------------+-----------------------------+--------------------+
; Option                                                           ; Setting                     ; Default Value      ;
+------------------------------------------------------------------+-----------------------------+--------------------+
; Device                                                           ; EP4CE22F17C6                ;                    ;
; Top-level entity name                                            ; sls_mem_fpga_emulation_vhdl ; sls_mem_vhdl       ;
; Family name                                                      ; Cyclone IV E                ; Cyclone V          ;
; Use smart compilation                                            ; Off                         ; Off                ;
; Enable parallel Assembler and Timing Analyzer during compilation ; On                          ; On                 ;
; Enable compact report table                                      ; Off                         ; Off                ;
; Restructure Multiplexers                                         ; Auto                        ; Auto               ;
; Create Debugging Nodes for IP Cores                              ; Off                         ; Off                ;
; Preserve fewer node names                                        ; On                          ; On                 ;
; Intel FPGA IP Evaluation Mode                                    ; Enable                      ; Enable             ;
; Verilog Version                                                  ; Verilog_2001                ; Verilog_2001       ;
; VHDL Version                                                     ; VHDL_1993                   ; VHDL_1993          ;
; State Machine Processing                                         ; Auto                        ; Auto               ;
; Safe State Machine                                               ; Off                         ; Off                ;
; Extract Verilog State Machines                                   ; On                          ; On                 ;
; Extract VHDL State Machines                                      ; On                          ; On                 ;
; Ignore Verilog initial constructs                                ; Off                         ; Off                ;
; Iteration limit for constant Verilog loops                       ; 5000                        ; 5000               ;
; Iteration limit for non-constant Verilog loops                   ; 250                         ; 250                ;
; Add Pass-Through Logic to Inferred RAMs                          ; On                          ; On                 ;
; Infer RAMs from Raw Logic                                        ; On                          ; On                 ;
; Parallel Synthesis                                               ; On                          ; On                 ;
; DSP Block Balancing                                              ; Auto                        ; Auto               ;
; NOT Gate Push-Back                                               ; On                          ; On                 ;
; Power-Up Don't Care                                              ; On                          ; On                 ;
; Remove Redundant Logic Cells                                     ; Off                         ; Off                ;
; Remove Duplicate Registers                                       ; On                          ; On                 ;
; Ignore CARRY Buffers                                             ; Off                         ; Off                ;
; Ignore CASCADE Buffers                                           ; Off                         ; Off                ;
; Ignore GLOBAL Buffers                                            ; Off                         ; Off                ;
; Ignore ROW GLOBAL Buffers                                        ; Off                         ; Off                ;
; Ignore LCELL Buffers                                             ; Off                         ; Off                ;
; Ignore SOFT Buffers                                              ; On                          ; On                 ;
; Limit AHDL Integers to 32 Bits                                   ; Off                         ; Off                ;
; Optimization Technique                                           ; Balanced                    ; Balanced           ;
; Carry Chain Length                                               ; 70                          ; 70                 ;
; Auto Carry Chains                                                ; On                          ; On                 ;
; Auto Open-Drain Pins                                             ; On                          ; On                 ;
; Perform WYSIWYG Primitive Resynthesis                            ; Off                         ; Off                ;
; Auto ROM Replacement                                             ; On                          ; On                 ;
; Auto RAM Replacement                                             ; On                          ; On                 ;
; Auto DSP Block Replacement                                       ; On                          ; On                 ;
; Auto Shift Register Replacement                                  ; Auto                        ; Auto               ;
; Allow Shift Register Merging across Hierarchies                  ; Auto                        ; Auto               ;
; Auto Clock Enable Replacement                                    ; On                          ; On                 ;
; Strict RAM Replacement                                           ; Off                         ; Off                ;
; Allow Synchronous Control Signals                                ; On                          ; On                 ;
; Force Use of Synchronous Clear Signals                           ; Off                         ; Off                ;
; Auto RAM Block Balancing                                         ; On                          ; On                 ;
; Auto RAM to Logic Cell Conversion                                ; Off                         ; Off                ;
; Auto Resource Sharing                                            ; Off                         ; Off                ;
; Allow Any RAM Size For Recognition                               ; Off                         ; Off                ;
; Allow Any ROM Size For Recognition                               ; Off                         ; Off                ;
; Allow Any Shift Register Size For Recognition                    ; Off                         ; Off                ;
; Use LogicLock Constraints during Resource Balancing              ; On                          ; On                 ;
; Ignore translate_off and synthesis_off directives                ; Off                         ; Off                ;
; Timing-Driven Synthesis                                          ; On                          ; On                 ;
; Report Parameter Settings                                        ; On                          ; On                 ;
; Report Source Assignments                                        ; On                          ; On                 ;
; Report Connectivity Checks                                       ; On                          ; On                 ;
; Ignore Maximum Fan-Out Assignments                               ; Off                         ; Off                ;
; Synchronization Register Chain Length                            ; 2                           ; 2                  ;
; Power Optimization During Synthesis                              ; Normal compilation          ; Normal compilation ;
; HDL message level                                                ; Level2                      ; Level2             ;
; Suppress Register Optimization Related Messages                  ; Off                         ; Off                ;
; Number of Removed Registers Reported in Synthesis Report         ; 5000                        ; 5000               ;
; Number of Swept Nodes Reported in Synthesis Report               ; 5000                        ; 5000               ;
; Number of Inverted Registers Reported in Synthesis Report        ; 100                         ; 100                ;
; Clock MUX Protection                                             ; On                          ; On                 ;
; Auto Gated Clock Conversion                                      ; Off                         ; Off                ;
; Block Design Naming                                              ; Auto                        ; Auto               ;
; SDC constraint protection                                        ; Off                         ; Off                ;
; Synthesis Effort                                                 ; Auto                        ; Auto               ;
; Shift Register Replacement - Allow Asynchronous Clear Signal     ; On                          ; On                 ;
; Pre-Mapping Resynthesis Optimization                             ; Off                         ; Off                ;
; Analysis & Synthesis Message Level                               ; Medium                      ; Medium             ;
; Disable Register Merging Across Hierarchies                      ; Auto                        ; Auto               ;
; Resource Aware Inference For Block RAM                           ; On                          ; On                 ;
+------------------------------------------------------------------+-----------------------------+--------------------+


+------------------------------------------+
; Parallel Compilation                     ;
+----------------------------+-------------+
; Processors                 ; Number      ;
+----------------------------+-------------+
; Number detected on machine ; 16          ;
; Maximum allowed            ; 8           ;
;                            ;             ;
; Average used               ; 1.00        ;
; Maximum used               ; 1           ;
;                            ;             ;
; Usage by Processor         ; % Time Used ;
;     Processor 1            ; 100.0%      ;
+----------------------------+-------------+


+----------------------------------------------------------------------------------------------------------------------------------------------------------------------------------------------------------------------------------+
; Analysis & Synthesis Source Files Read                                                                                                                                                                                           ;
+------------------------------------------------+-----------------+----------------------------------+------------------------------------------------------------------------------------------------------------------+---------+
; File Name with User-Entered Path               ; Used in Netlist ; File Type                        ; File Name with Absolute Path                                                                                     ; Library ;
+------------------------------------------------+-----------------+----------------------------------+------------------------------------------------------------------------------------------------------------------+---------+
; sls_mem_fpga_emulation_vhdl.vhd                ; yes             ; User VHDL File                   ; C:/Users/sls3445/Documents/DS2_Labs/Lab7/sls_mem_vhdl_restored/Lab7/sls_mem_vhdl/sls_mem_fpga_emulation_vhdl.vhd ;         ;
; sls_mem_cu_vhdl.vhd                            ; yes             ; User VHDL File                   ; C:/Users/sls3445/Documents/DS2_Labs/Lab7/sls_mem_vhdl_restored/Lab7/sls_mem_vhdl/sls_mem_cu_vhdl.vhd             ;         ;
; sls_ram_vhdl.vhd                               ; yes             ; User Wizard-Generated File       ; C:/Users/sls3445/Documents/DS2_Labs/Lab7/sls_mem_vhdl_restored/Lab7/sls_mem_vhdl/sls_ram_vhdl.vhd                ;         ;
; ../../sls_package.vhd                          ; yes             ; User VHDL File                   ; C:/Users/sls3445/Documents/DS2_Labs/Lab7/sls_mem_vhdl_restored/sls_package.vhd                                   ;         ;
; sls_rom_vhdl.vhd                               ; yes             ; User Wizard-Generated File       ; C:/Users/sls3445/Documents/DS2_Labs/Lab7/sls_mem_vhdl_restored/Lab7/sls_mem_vhdl/sls_rom_vhdl.vhd                ;         ;
; sls_rom_vhdl.mif                               ; yes             ; User Memory Initialization File  ; C:/Users/sls3445/Documents/DS2_Labs/Lab7/sls_mem_vhdl_restored/Lab7/sls_mem_vhdl/sls_rom_vhdl.mif                ;         ;
; ../sls_8bit_upcnt_vhdl/sls_8bit_upcnt_vhdl.vhd ; yes             ; User VHDL File                   ; C:/Users/sls3445/Documents/DS2_Labs/Lab7/sls_mem_vhdl_restored/Lab7/sls_8bit_upcnt_vhdl/sls_8bit_upcnt_vhdl.vhd  ;         ;
; ../sls_4bit_reg_vhdl/sls_4bit_reg_vhdl.vhd     ; yes             ; User VHDL File                   ; C:/Users/sls3445/Documents/DS2_Labs/Lab7/sls_mem_vhdl_restored/Lab7/sls_4bit_reg_vhdl/sls_4bit_reg_vhdl.vhd      ;         ;
; sls_mem_vhdl.vhd                               ; yes             ; User VHDL File                   ; C:/Users/sls3445/Documents/DS2_Labs/Lab7/sls_mem_vhdl_restored/Lab7/sls_mem_vhdl/sls_mem_vhdl.vhd                ;         ;
; altsyncram.tdf                                 ; yes             ; Megafunction                     ; c:/intelfpga_lite/18.1/quartus/libraries/megafunctions/altsyncram.tdf                                            ;         ;
; stratix_ram_block.inc                          ; yes             ; Megafunction                     ; c:/intelfpga_lite/18.1/quartus/libraries/megafunctions/stratix_ram_block.inc                                     ;         ;
; lpm_mux.inc                                    ; yes             ; Megafunction                     ; c:/intelfpga_lite/18.1/quartus/libraries/megafunctions/lpm_mux.inc                                               ;         ;
; lpm_decode.inc                                 ; yes             ; Megafunction                     ; c:/intelfpga_lite/18.1/quartus/libraries/megafunctions/lpm_decode.inc                                            ;         ;
; aglobal181.inc                                 ; yes             ; Megafunction                     ; c:/intelfpga_lite/18.1/quartus/libraries/megafunctions/aglobal181.inc                                            ;         ;
; a_rdenreg.inc                                  ; yes             ; Megafunction                     ; c:/intelfpga_lite/18.1/quartus/libraries/megafunctions/a_rdenreg.inc                                             ;         ;
; altrom.inc                                     ; yes             ; Megafunction                     ; c:/intelfpga_lite/18.1/quartus/libraries/megafunctions/altrom.inc                                                ;         ;
; altram.inc                                     ; yes             ; Megafunction                     ; c:/intelfpga_lite/18.1/quartus/libraries/megafunctions/altram.inc                                                ;         ;
; altdpram.inc                                   ; yes             ; Megafunction                     ; c:/intelfpga_lite/18.1/quartus/libraries/megafunctions/altdpram.inc                                              ;         ;
; db/altsyncram_ghs3.tdf                         ; yes             ; Auto-Generated Megafunction      ; C:/Users/sls3445/Documents/DS2_Labs/Lab7/sls_mem_vhdl_restored/Lab7/sls_mem_vhdl/db/altsyncram_ghs3.tdf          ;         ;
; db/altsyncram_sup3.tdf                         ; yes             ; Auto-Generated Megafunction      ; C:/Users/sls3445/Documents/DS2_Labs/Lab7/sls_mem_vhdl_restored/Lab7/sls_mem_vhdl/db/altsyncram_sup3.tdf          ;         ;
+------------------------------------------------+-----------------+----------------------------------+------------------------------------------------------------------------------------------------------------------+---------+


+--------------------------------------------------------+
; Analysis & Synthesis Resource Usage Summary            ;
+---------------------------------------------+----------+
; Resource                                    ; Usage    ;
+---------------------------------------------+----------+
; Estimated Total logic elements              ; 82       ;
;                                             ;          ;
; Total combinational functions               ; 78       ;
; Logic element usage by number of LUT inputs ;          ;
;     -- 4 input functions                    ; 15       ;
;     -- 3 input functions                    ; 11       ;
;     -- <=2 input functions                  ; 52       ;
;                                             ;          ;
; Logic elements by mode                      ;          ;
;     -- normal mode                          ; 41       ;
;     -- arithmetic mode                      ; 37       ;
;                                             ;          ;
; Total registers                             ; 61       ;
;     -- Dedicated logic registers            ; 61       ;
;     -- I/O registers                        ; 0        ;
;                                             ;          ;
; I/O pins                                    ; 10       ;
; Total memory bits                           ; 2048     ;
;                                             ;          ;
; Embedded Multiplier 9-bit elements          ; 0        ;
;                                             ;          ;
; Maximum fan-out node                        ; intClock ;
; Maximum fan-out                             ; 43       ;
; Total fan-out                               ; 495      ;
; Average fan-out                             ; 2.96     ;
+---------------------------------------------+----------+


+---------------------------------------------------------------------------------------------------------------------------------------------------------------------------------------------------------------------------------------------------------------------------------------------------------------------------------------------------------+
; Analysis & Synthesis Resource Utilization by Entity                                                                                                                                                                                                                                                                                                     ;
+----------------------------------------------+---------------------+---------------------------+-------------+--------------+---------+-----------+------+--------------+----------------------------------------------------------------------------------------------------------------------------------+-----------------------------+--------------+
; Compilation Hierarchy Node                   ; Combinational ALUTs ; Dedicated Logic Registers ; Memory Bits ; DSP Elements ; DSP 9x9 ; DSP 18x18 ; Pins ; Virtual Pins ; Full Hierarchy Name                                                                                                              ; Entity Name                 ; Library Name ;
+----------------------------------------------+---------------------+---------------------------+-------------+--------------+---------+-----------+------+--------------+----------------------------------------------------------------------------------------------------------------------------------+-----------------------------+--------------+
; |sls_mem_fpga_emulation_vhdl                 ; 78 (35)             ; 61 (27)                   ; 2048        ; 0            ; 0       ; 0         ; 10   ; 0            ; |sls_mem_fpga_emulation_vhdl                                                                                                     ; sls_mem_fpga_emulation_vhdl ; work         ;
;    |sls_mem_cu_vhdl:mem_cu|                  ; 22 (22)             ; 14 (14)                   ; 0           ; 0            ; 0       ; 0         ; 0    ; 0            ; |sls_mem_fpga_emulation_vhdl|sls_mem_cu_vhdl:mem_cu                                                                              ; sls_mem_cu_vhdl             ; work         ;
;    |sls_mem_vhdl:cut|                        ; 21 (0)              ; 20 (0)                    ; 2048        ; 0            ; 0       ; 0         ; 0    ; 0            ; |sls_mem_fpga_emulation_vhdl|sls_mem_vhdl:cut                                                                                    ; sls_mem_vhdl                ; work         ;
;       |sls_4bit_reg_vhdl:my_h|               ; 1 (1)               ; 4 (4)                     ; 0           ; 0            ; 0       ; 0         ; 0    ; 0            ; |sls_mem_fpga_emulation_vhdl|sls_mem_vhdl:cut|sls_4bit_reg_vhdl:my_h                                                             ; sls_4bit_reg_vhdl           ; work         ;
;       |sls_4bit_reg_vhdl:my_l|               ; 5 (5)               ; 4 (4)                     ; 0           ; 0            ; 0       ; 0         ; 0    ; 0            ; |sls_mem_fpga_emulation_vhdl|sls_mem_vhdl:cut|sls_4bit_reg_vhdl:my_l                                                             ; sls_4bit_reg_vhdl           ; work         ;
;       |sls_4bit_reg_vhdl:my_m|               ; 5 (5)               ; 4 (4)                     ; 0           ; 0            ; 0       ; 0         ; 0    ; 0            ; |sls_mem_fpga_emulation_vhdl|sls_mem_vhdl:cut|sls_4bit_reg_vhdl:my_m                                                             ; sls_4bit_reg_vhdl           ; work         ;
;       |sls_8bit_upcnt_vhdl:mycnt|            ; 10 (10)             ; 8 (8)                     ; 0           ; 0            ; 0       ; 0         ; 0    ; 0            ; |sls_mem_fpga_emulation_vhdl|sls_mem_vhdl:cut|sls_8bit_upcnt_vhdl:mycnt                                                          ; sls_8bit_upcnt_vhdl         ; work         ;
;       |sls_ram_vhdl:my_ram|                  ; 0 (0)               ; 0 (0)                     ; 1024        ; 0            ; 0       ; 0         ; 0    ; 0            ; |sls_mem_fpga_emulation_vhdl|sls_mem_vhdl:cut|sls_ram_vhdl:my_ram                                                                ; sls_ram_vhdl                ; work         ;
;          |altsyncram:altsyncram_component|   ; 0 (0)               ; 0 (0)                     ; 1024        ; 0            ; 0       ; 0         ; 0    ; 0            ; |sls_mem_fpga_emulation_vhdl|sls_mem_vhdl:cut|sls_ram_vhdl:my_ram|altsyncram:altsyncram_component                                ; altsyncram                  ; work         ;
;             |altsyncram_sup3:auto_generated| ; 0 (0)               ; 0 (0)                     ; 1024        ; 0            ; 0       ; 0         ; 0    ; 0            ; |sls_mem_fpga_emulation_vhdl|sls_mem_vhdl:cut|sls_ram_vhdl:my_ram|altsyncram:altsyncram_component|altsyncram_sup3:auto_generated ; altsyncram_sup3             ; work         ;
;       |sls_rom_vhdl:myrom|                   ; 0 (0)               ; 0 (0)                     ; 1024        ; 0            ; 0       ; 0         ; 0    ; 0            ; |sls_mem_fpga_emulation_vhdl|sls_mem_vhdl:cut|sls_rom_vhdl:myrom                                                                 ; sls_rom_vhdl                ; work         ;
;          |altsyncram:altsyncram_component|   ; 0 (0)               ; 0 (0)                     ; 1024        ; 0            ; 0       ; 0         ; 0    ; 0            ; |sls_mem_fpga_emulation_vhdl|sls_mem_vhdl:cut|sls_rom_vhdl:myrom|altsyncram:altsyncram_component                                 ; altsyncram                  ; work         ;
;             |altsyncram_ghs3:auto_generated| ; 0 (0)               ; 0 (0)                     ; 1024        ; 0            ; 0       ; 0         ; 0    ; 0            ; |sls_mem_fpga_emulation_vhdl|sls_mem_vhdl:cut|sls_rom_vhdl:myrom|altsyncram:altsyncram_component|altsyncram_ghs3:auto_generated  ; altsyncram_ghs3             ; work         ;
+----------------------------------------------+---------------------+---------------------------+-------------+--------------+---------+-----------+------+--------------+----------------------------------------------------------------------------------------------------------------------------------+-----------------------------+--------------+
Note: For table entries with two numbers listed, the numbers in parentheses indicate the number of resources of the given type used by the specific entity alone. The numbers listed outside of parentheses indicate the total resources of the given type used by the specific entity and all of its sub-entities in the hierarchy.


+---------------------------------------------------------------------------------------------------------------------------------------------------------------------------------------------------------------------------+
; Analysis & Synthesis RAM Summary                                                                                                                                                                                          ;
+----------------------------------------------------------------------------------------------------------------+------+-------------+--------------+--------------+--------------+--------------+------+------------------+
; Name                                                                                                           ; Type ; Mode        ; Port A Depth ; Port A Width ; Port B Depth ; Port B Width ; Size ; MIF              ;
+----------------------------------------------------------------------------------------------------------------+------+-------------+--------------+--------------+--------------+--------------+------+------------------+
; sls_mem_vhdl:cut|sls_ram_vhdl:my_ram|altsyncram:altsyncram_component|altsyncram_sup3:auto_generated|ALTSYNCRAM ; AUTO ; Single Port ; 256          ; 4            ; --           ; --           ; 1024 ; None             ;
; sls_mem_vhdl:cut|sls_rom_vhdl:myrom|altsyncram:altsyncram_component|altsyncram_ghs3:auto_generated|ALTSYNCRAM  ; AUTO ; ROM         ; 256          ; 4            ; --           ; --           ; 1024 ; sls_rom_vhdl.mif ;
+----------------------------------------------------------------------------------------------------------------+------+-------------+--------------+--------------+--------------+--------------+------+------------------+


+------------------------------------------------------------------------------------+
; Registers Removed During Synthesis                                                 ;
+---------------------------------------+--------------------------------------------+
; Register name                         ; Reason for Removal                         ;
+---------------------------------------+--------------------------------------------+
; sls_mem_cu_vhdl:mem_cu|WR_EN          ; Merged with sls_mem_cu_vhdl:mem_cu|LD_EN_M ;
; Total Number of Removed Registers = 1 ;                                            ;
+---------------------------------------+--------------------------------------------+


+------------------------------------------------------+
; General Register Statistics                          ;
+----------------------------------------------+-------+
; Statistic                                    ; Value ;
+----------------------------------------------+-------+
; Total registers                              ; 61    ;
; Number of registers using Synchronous Clear  ; 39    ;
; Number of registers using Synchronous Load   ; 8     ;
; Number of registers using Asynchronous Clear ; 0     ;
; Number of registers using Asynchronous Load  ; 0     ;
; Number of registers using Clock Enable       ; 26    ;
; Number of registers using Preset             ; 0     ;
+----------------------------------------------+-------+


+------------------------------------------------------------------------------------------------------------------------------------------------------------------------------------------------+
; Multiplexer Restructuring Statistics (Restructuring Performed)                                                                                                                                 ;
+--------------------+-----------+---------------+----------------------+------------------------+------------+----------------------------------------------------------------------------------+
; Multiplexer Inputs ; Bus Width ; Baseline Area ; Area if Restructured ; Saving if Restructured ; Registered ; Example Multiplexer Output                                                       ;
+--------------------+-----------+---------------+----------------------+------------------------+------------+----------------------------------------------------------------------------------+
; 3:1                ; 4 bits    ; 8 LEs         ; 4 LEs                ; 4 LEs                  ; Yes        ; |sls_mem_fpga_emulation_vhdl|sls_mem_vhdl:cut|sls_4bit_reg_vhdl:my_l|int_val[0]  ;
; 3:1                ; 4 bits    ; 8 LEs         ; 4 LEs                ; 4 LEs                  ; Yes        ; |sls_mem_fpga_emulation_vhdl|sls_mem_vhdl:cut|sls_4bit_reg_vhdl:my_h|int_val[0]  ;
; 3:1                ; 4 bits    ; 8 LEs         ; 4 LEs                ; 4 LEs                  ; Yes        ; |sls_mem_fpga_emulation_vhdl|sls_mem_vhdl:cut|sls_4bit_reg_vhdl:my_m|int_val[0]  ;
; 4:1                ; 8 bits    ; 16 LEs        ; 16 LEs               ; 0 LEs                  ; Yes        ; |sls_mem_fpga_emulation_vhdl|sls_mem_vhdl:cut|sls_8bit_upcnt_vhdl:mycnt|Count[6] ;
; 11:1               ; 6 bits    ; 42 LEs        ; 6 LEs                ; 36 LEs                 ; Yes        ; |sls_mem_fpga_emulation_vhdl|sls_mem_cu_vhdl:mem_cu|intcnt[5]                    ;
+--------------------+-----------+---------------+----------------------+------------------------+------------+----------------------------------------------------------------------------------+


+---------------------------------------------------------------------------------------------------------------------------+
; Source assignments for sls_mem_vhdl:cut|sls_rom_vhdl:myrom|altsyncram:altsyncram_component|altsyncram_ghs3:auto_generated ;
+---------------------------------+--------------------+------+-------------------------------------------------------------+
; Assignment                      ; Value              ; From ; To                                                          ;
+---------------------------------+--------------------+------+-------------------------------------------------------------+
; OPTIMIZE_POWER_DURING_SYNTHESIS ; NORMAL_COMPILATION ; -    ; -                                                           ;
+---------------------------------+--------------------+------+-------------------------------------------------------------+


+----------------------------------------------------------------------------------------------------------------------------+
; Source assignments for sls_mem_vhdl:cut|sls_ram_vhdl:my_ram|altsyncram:altsyncram_component|altsyncram_sup3:auto_generated ;
+---------------------------------+--------------------+------+--------------------------------------------------------------+
; Assignment                      ; Value              ; From ; To                                                           ;
+---------------------------------+--------------------+------+--------------------------------------------------------------+
; OPTIMIZE_POWER_DURING_SYNTHESIS ; NORMAL_COMPILATION ; -    ; -                                                            ;
+---------------------------------+--------------------+------+--------------------------------------------------------------+


+------------------------------------------------------------------------------------------------------------------+
; Parameter Settings for User Entity Instance: sls_mem_vhdl:cut|sls_rom_vhdl:myrom|altsyncram:altsyncram_component ;
+------------------------------------+----------------------+------------------------------------------------------+
; Parameter Name                     ; Value                ; Type                                                 ;
+------------------------------------+----------------------+------------------------------------------------------+
; BYTE_SIZE_BLOCK                    ; 8                    ; Untyped                                              ;
; AUTO_CARRY_CHAINS                  ; ON                   ; AUTO_CARRY                                           ;
; IGNORE_CARRY_BUFFERS               ; OFF                  ; IGNORE_CARRY                                         ;
; AUTO_CASCADE_CHAINS                ; ON                   ; AUTO_CASCADE                                         ;
; IGNORE_CASCADE_BUFFERS             ; OFF                  ; IGNORE_CASCADE                                       ;
; WIDTH_BYTEENA                      ; 1                    ; Untyped                                              ;
; OPERATION_MODE                     ; ROM                  ; Untyped                                              ;
; WIDTH_A                            ; 4                    ; Signed Integer                                       ;
; WIDTHAD_A                          ; 8                    ; Signed Integer                                       ;
; NUMWORDS_A                         ; 256                  ; Signed Integer                                       ;
; OUTDATA_REG_A                      ; UNREGISTERED         ; Untyped                                              ;
; ADDRESS_ACLR_A                     ; NONE                 ; Untyped                                              ;
; OUTDATA_ACLR_A                     ; NONE                 ; Untyped                                              ;
; WRCONTROL_ACLR_A                   ; NONE                 ; Untyped                                              ;
; INDATA_ACLR_A                      ; NONE                 ; Untyped                                              ;
; BYTEENA_ACLR_A                     ; NONE                 ; Untyped                                              ;
; WIDTH_B                            ; 1                    ; Signed Integer                                       ;
; WIDTHAD_B                          ; 1                    ; Signed Integer                                       ;
; NUMWORDS_B                         ; 0                    ; Signed Integer                                       ;
; INDATA_REG_B                       ; CLOCK1               ; Untyped                                              ;
; WRCONTROL_WRADDRESS_REG_B          ; CLOCK1               ; Untyped                                              ;
; RDCONTROL_REG_B                    ; CLOCK1               ; Untyped                                              ;
; ADDRESS_REG_B                      ; CLOCK1               ; Untyped                                              ;
; OUTDATA_REG_B                      ; UNREGISTERED         ; Untyped                                              ;
; BYTEENA_REG_B                      ; CLOCK1               ; Untyped                                              ;
; INDATA_ACLR_B                      ; NONE                 ; Untyped                                              ;
; WRCONTROL_ACLR_B                   ; NONE                 ; Untyped                                              ;
; ADDRESS_ACLR_B                     ; NONE                 ; Untyped                                              ;
; OUTDATA_ACLR_B                     ; NONE                 ; Untyped                                              ;
; RDCONTROL_ACLR_B                   ; NONE                 ; Untyped                                              ;
; BYTEENA_ACLR_B                     ; NONE                 ; Untyped                                              ;
; WIDTH_BYTEENA_A                    ; 1                    ; Signed Integer                                       ;
; WIDTH_BYTEENA_B                    ; 1                    ; Signed Integer                                       ;
; RAM_BLOCK_TYPE                     ; AUTO                 ; Untyped                                              ;
; BYTE_SIZE                          ; 8                    ; Signed Integer                                       ;
; READ_DURING_WRITE_MODE_MIXED_PORTS ; DONT_CARE            ; Untyped                                              ;
; READ_DURING_WRITE_MODE_PORT_A      ; NEW_DATA_NO_NBE_READ ; Untyped                                              ;
; READ_DURING_WRITE_MODE_PORT_B      ; NEW_DATA_NO_NBE_READ ; Untyped                                              ;
; INIT_FILE                          ; sls_rom_vhdl.mif     ; Untyped                                              ;
; INIT_FILE_LAYOUT                   ; PORT_A               ; Untyped                                              ;
; MAXIMUM_DEPTH                      ; 0                    ; Signed Integer                                       ;
; CLOCK_ENABLE_INPUT_A               ; BYPASS               ; Untyped                                              ;
; CLOCK_ENABLE_INPUT_B               ; NORMAL               ; Untyped                                              ;
; CLOCK_ENABLE_OUTPUT_A              ; BYPASS               ; Untyped                                              ;
; CLOCK_ENABLE_OUTPUT_B              ; NORMAL               ; Untyped                                              ;
; CLOCK_ENABLE_CORE_A                ; USE_INPUT_CLKEN      ; Untyped                                              ;
; CLOCK_ENABLE_CORE_B                ; USE_INPUT_CLKEN      ; Untyped                                              ;
; ENABLE_ECC                         ; FALSE                ; Untyped                                              ;
; ECC_PIPELINE_STAGE_ENABLED         ; FALSE                ; Untyped                                              ;
; WIDTH_ECCSTATUS                    ; 3                    ; Signed Integer                                       ;
; DEVICE_FAMILY                      ; Cyclone IV E         ; Untyped                                              ;
; CBXI_PARAMETER                     ; altsyncram_ghs3      ; Untyped                                              ;
+------------------------------------+----------------------+------------------------------------------------------+
Note: In order to hide this table in the UI and the text report file, please set the "Show Parameter Settings in Synthesis Report" option in "Analysis and Synthesis Settings -> More Settings" to "Off".


+-------------------------------------------------------------------------------------------------------------------+
; Parameter Settings for User Entity Instance: sls_mem_vhdl:cut|sls_ram_vhdl:my_ram|altsyncram:altsyncram_component ;
+------------------------------------+----------------------+-------------------------------------------------------+
; Parameter Name                     ; Value                ; Type                                                  ;
+------------------------------------+----------------------+-------------------------------------------------------+
; BYTE_SIZE_BLOCK                    ; 8                    ; Untyped                                               ;
; AUTO_CARRY_CHAINS                  ; ON                   ; AUTO_CARRY                                            ;
; IGNORE_CARRY_BUFFERS               ; OFF                  ; IGNORE_CARRY                                          ;
; AUTO_CASCADE_CHAINS                ; ON                   ; AUTO_CASCADE                                          ;
; IGNORE_CASCADE_BUFFERS             ; OFF                  ; IGNORE_CASCADE                                        ;
; WIDTH_BYTEENA                      ; 1                    ; Untyped                                               ;
; OPERATION_MODE                     ; SINGLE_PORT          ; Untyped                                               ;
; WIDTH_A                            ; 4                    ; Signed Integer                                        ;
; WIDTHAD_A                          ; 8                    ; Signed Integer                                        ;
; NUMWORDS_A                         ; 256                  ; Signed Integer                                        ;
; OUTDATA_REG_A                      ; UNREGISTERED         ; Untyped                                               ;
; ADDRESS_ACLR_A                     ; NONE                 ; Untyped                                               ;
; OUTDATA_ACLR_A                     ; NONE                 ; Untyped                                               ;
; WRCONTROL_ACLR_A                   ; NONE                 ; Untyped                                               ;
; INDATA_ACLR_A                      ; NONE                 ; Untyped                                               ;
; BYTEENA_ACLR_A                     ; NONE                 ; Untyped                                               ;
; WIDTH_B                            ; 1                    ; Signed Integer                                        ;
; WIDTHAD_B                          ; 1                    ; Signed Integer                                        ;
; NUMWORDS_B                         ; 0                    ; Signed Integer                                        ;
; INDATA_REG_B                       ; CLOCK1               ; Untyped                                               ;
; WRCONTROL_WRADDRESS_REG_B          ; CLOCK1               ; Untyped                                               ;
; RDCONTROL_REG_B                    ; CLOCK1               ; Untyped                                               ;
; ADDRESS_REG_B                      ; CLOCK1               ; Untyped                                               ;
; OUTDATA_REG_B                      ; UNREGISTERED         ; Untyped                                               ;
; BYTEENA_REG_B                      ; CLOCK1               ; Untyped                                               ;
; INDATA_ACLR_B                      ; NONE                 ; Untyped                                               ;
; WRCONTROL_ACLR_B                   ; NONE                 ; Untyped                                               ;
; ADDRESS_ACLR_B                     ; NONE                 ; Untyped                                               ;
; OUTDATA_ACLR_B                     ; NONE                 ; Untyped                                               ;
; RDCONTROL_ACLR_B                   ; NONE                 ; Untyped                                               ;
; BYTEENA_ACLR_B                     ; NONE                 ; Untyped                                               ;
; WIDTH_BYTEENA_A                    ; 1                    ; Signed Integer                                        ;
; WIDTH_BYTEENA_B                    ; 1                    ; Signed Integer                                        ;
; RAM_BLOCK_TYPE                     ; AUTO                 ; Untyped                                               ;
; BYTE_SIZE                          ; 8                    ; Signed Integer                                        ;
; READ_DURING_WRITE_MODE_MIXED_PORTS ; DONT_CARE            ; Untyped                                               ;
; READ_DURING_WRITE_MODE_PORT_A      ; NEW_DATA_NO_NBE_READ ; Untyped                                               ;
; READ_DURING_WRITE_MODE_PORT_B      ; NEW_DATA_NO_NBE_READ ; Untyped                                               ;
; INIT_FILE                          ; UNUSED               ; Untyped                                               ;
; INIT_FILE_LAYOUT                   ; PORT_A               ; Untyped                                               ;
; MAXIMUM_DEPTH                      ; 0                    ; Signed Integer                                        ;
; CLOCK_ENABLE_INPUT_A               ; BYPASS               ; Untyped                                               ;
; CLOCK_ENABLE_INPUT_B               ; NORMAL               ; Untyped                                               ;
; CLOCK_ENABLE_OUTPUT_A              ; BYPASS               ; Untyped                                               ;
; CLOCK_ENABLE_OUTPUT_B              ; NORMAL               ; Untyped                                               ;
; CLOCK_ENABLE_CORE_A                ; USE_INPUT_CLKEN      ; Untyped                                               ;
; CLOCK_ENABLE_CORE_B                ; USE_INPUT_CLKEN      ; Untyped                                               ;
; ENABLE_ECC                         ; FALSE                ; Untyped                                               ;
; ECC_PIPELINE_STAGE_ENABLED         ; FALSE                ; Untyped                                               ;
; WIDTH_ECCSTATUS                    ; 3                    ; Signed Integer                                        ;
; DEVICE_FAMILY                      ; Cyclone IV E         ; Untyped                                               ;
; CBXI_PARAMETER                     ; altsyncram_sup3      ; Untyped                                               ;
+------------------------------------+----------------------+-------------------------------------------------------+
Note: In order to hide this table in the UI and the text report file, please set the "Show Parameter Settings in Synthesis Report" option in "Analysis and Synthesis Settings -> More Settings" to "Off".


+---------------------------------------------------------------------+
; Parameter Settings for User Entity Instance: sls_mem_cu_vhdl:mem_cu ;
+----------------+-------+--------------------------------------------+
; Parameter Name ; Value ; Type                                       ;
+----------------+-------+--------------------------------------------+
; n              ; 34    ; Signed Integer                             ;
+----------------+-------+--------------------------------------------+
Note: In order to hide this table in the UI and the text report file, please set the "Show Parameter Settings in Synthesis Report" option in "Analysis and Synthesis Settings -> More Settings" to "Off".


+------------------------------------------------------------------------------------------------------------------+
; altsyncram Parameter Settings by Entity Instance                                                                 ;
+-------------------------------------------+----------------------------------------------------------------------+
; Name                                      ; Value                                                                ;
+-------------------------------------------+----------------------------------------------------------------------+
; Number of entity instances                ; 2                                                                    ;
; Entity Instance                           ; sls_mem_vhdl:cut|sls_rom_vhdl:myrom|altsyncram:altsyncram_component  ;
;     -- OPERATION_MODE                     ; ROM                                                                  ;
;     -- WIDTH_A                            ; 4                                                                    ;
;     -- NUMWORDS_A                         ; 256                                                                  ;
;     -- OUTDATA_REG_A                      ; UNREGISTERED                                                         ;
;     -- WIDTH_B                            ; 1                                                                    ;
;     -- NUMWORDS_B                         ; 0                                                                    ;
;     -- ADDRESS_REG_B                      ; CLOCK1                                                               ;
;     -- OUTDATA_REG_B                      ; UNREGISTERED                                                         ;
;     -- RAM_BLOCK_TYPE                     ; AUTO                                                                 ;
;     -- READ_DURING_WRITE_MODE_MIXED_PORTS ; DONT_CARE                                                            ;
; Entity Instance                           ; sls_mem_vhdl:cut|sls_ram_vhdl:my_ram|altsyncram:altsyncram_component ;
;     -- OPERATION_MODE                     ; SINGLE_PORT                                                          ;
;     -- WIDTH_A                            ; 4                                                                    ;
;     -- NUMWORDS_A                         ; 256                                                                  ;
;     -- OUTDATA_REG_A                      ; UNREGISTERED                                                         ;
;     -- WIDTH_B                            ; 1                                                                    ;
;     -- NUMWORDS_B                         ; 0                                                                    ;
;     -- ADDRESS_REG_B                      ; CLOCK1                                                               ;
;     -- OUTDATA_REG_B                      ; UNREGISTERED                                                         ;
;     -- RAM_BLOCK_TYPE                     ; AUTO                                                                 ;
;     -- READ_DURING_WRITE_MODE_MIXED_PORTS ; DONT_CARE                                                            ;
+-------------------------------------------+----------------------------------------------------------------------+


+----------------------------------------------+
; Port Connectivity Checks: "sls_mem_vhdl:cut" ;
+-----------+-------+----------+---------------+
; Port      ; Type  ; Severity ; Details       ;
+-----------+-------+----------+---------------+
; din_upcnt ; Input ; Info     ; Stuck at VCC  ;
+-----------+-------+----------+---------------+


+-----------------------------------------------------+
; Post-Synthesis Netlist Statistics for Top Partition ;
+-----------------------+-----------------------------+
; Type                  ; Count                       ;
+-----------------------+-----------------------------+
; boundary_port         ; 10                          ;
; cycloneiii_ff         ; 61                          ;
;     ENA               ; 12                          ;
;     ENA SCLR          ; 6                           ;
;     ENA SLD           ; 8                           ;
;     SCLR              ; 33                          ;
;     plain             ; 2                           ;
; cycloneiii_lcell_comb ; 78                          ;
;     arith             ; 37                          ;
;         2 data inputs ; 37                          ;
;     normal            ; 41                          ;
;         1 data inputs ; 3                           ;
;         2 data inputs ; 12                          ;
;         3 data inputs ; 11                          ;
;         4 data inputs ; 15                          ;
; cycloneiii_ram_block  ; 8                           ;
;                       ;                             ;
; Max LUT depth         ; 3.50                        ;
; Average LUT depth     ; 2.06                        ;
+-----------------------+-----------------------------+


+-------------------------------+
; Elapsed Time Per Partition    ;
+----------------+--------------+
; Partition Name ; Elapsed Time ;
+----------------+--------------+
; Top            ; 00:00:00     ;
+----------------+--------------+


+-------------------------------+
; Analysis & Synthesis Messages ;
+-------------------------------+
Info: *******************************************************************
Info: Running Quartus Prime Analysis & Synthesis
    Info: Version 18.1.0 Build 625 09/12/2018 SJ Lite Edition
    Info: Processing started: Fri Mar 07 15:15:45 2025
Info: Command: quartus_map --read_settings_files=on --write_settings_files=off sls_mem_vhdl -c sls_mem_vhdl
Warning (18236): Number of processors has not been specified which may cause overloading on shared machines.  Set the global assignment NUM_PARALLEL_PROCESSORS in your QSF to an appropriate value for best performance.
Info (20030): Parallel compilation is enabled and will use 8 of the 8 processors detected
Info (12021): Found 2 design units, including 1 entities, in source file sls_mem_fpga_emulation_vhdl.vhd
    Info (12022): Found design unit 1: sls_mem_fpga_emulation_vhdl-emulation File: C:/Users/sls3445/Documents/DS2_Labs/Lab7/sls_mem_vhdl_restored/Lab7/sls_mem_vhdl/sls_mem_fpga_emulation_vhdl.vhd Line: 12
    Info (12023): Found entity 1: sls_mem_fpga_emulation_vhdl File: C:/Users/sls3445/Documents/DS2_Labs/Lab7/sls_mem_vhdl_restored/Lab7/sls_mem_vhdl/sls_mem_fpga_emulation_vhdl.vhd Line: 7
Info (12021): Found 2 design units, including 1 entities, in source file sls_mem_cu_vhdl.vhd
    Info (12022): Found design unit 1: sls_mem_cu_vhdl-behavioral File: C:/Users/sls3445/Documents/DS2_Labs/Lab7/sls_mem_vhdl_restored/Lab7/sls_mem_vhdl/sls_mem_cu_vhdl.vhd Line: 13
    Info (12023): Found entity 1: sls_mem_cu_vhdl File: C:/Users/sls3445/Documents/DS2_Labs/Lab7/sls_mem_vhdl_restored/Lab7/sls_mem_vhdl/sls_mem_cu_vhdl.vhd Line: 6
Info (12021): Found 2 design units, including 1 entities, in source file sls_ram_vhdl.vhd
    Info (12022): Found design unit 1: sls_ram_vhdl-SYN File: C:/Users/sls3445/Documents/DS2_Labs/Lab7/sls_mem_vhdl_restored/Lab7/sls_mem_vhdl/sls_ram_vhdl.vhd Line: 54
    Info (12023): Found entity 1: sls_ram_vhdl File: C:/Users/sls3445/Documents/DS2_Labs/Lab7/sls_mem_vhdl_restored/Lab7/sls_mem_vhdl/sls_ram_vhdl.vhd Line: 42
Info (12021): Found 1 design units, including 0 entities, in source file /users/sls3445/documents/ds2_labs/lab7/sls_mem_vhdl_restored/sls_package.vhd
    Info (12022): Found design unit 1: sls_package File: C:/Users/sls3445/Documents/DS2_Labs/Lab7/sls_mem_vhdl_restored/sls_package.vhd Line: 4
Info (12021): Found 2 design units, including 1 entities, in source file sls_rom_vhdl.vhd
    Info (12022): Found design unit 1: sls_rom_vhdl-SYN File: C:/Users/sls3445/Documents/DS2_Labs/Lab7/sls_mem_vhdl_restored/Lab7/sls_mem_vhdl/sls_rom_vhdl.vhd Line: 52
    Info (12023): Found entity 1: sls_rom_vhdl File: C:/Users/sls3445/Documents/DS2_Labs/Lab7/sls_mem_vhdl_restored/Lab7/sls_mem_vhdl/sls_rom_vhdl.vhd Line: 42
Info (12021): Found 2 design units, including 1 entities, in source file /users/sls3445/documents/ds2_labs/lab7/sls_mem_vhdl_restored/lab7/sls_8bit_upcnt_vhdl/sls_8bit_upcnt_vhdl.vhd
    Info (12022): Found design unit 1: sls_8bit_upcnt_vhdl-Behavior File: C:/Users/sls3445/Documents/DS2_Labs/Lab7/sls_mem_vhdl_restored/Lab7/sls_8bit_upcnt_vhdl/sls_8bit_upcnt_vhdl.vhd Line: 12
    Info (12023): Found entity 1: sls_8bit_upcnt_vhdl File: C:/Users/sls3445/Documents/DS2_Labs/Lab7/sls_mem_vhdl_restored/Lab7/sls_8bit_upcnt_vhdl/sls_8bit_upcnt_vhdl.vhd Line: 5
Info (12021): Found 2 design units, including 1 entities, in source file /users/sls3445/documents/ds2_labs/lab7/sls_mem_vhdl_restored/lab7/sls_4bit_reg_vhdl/sls_4bit_reg_vhdl.vhd
    Info (12022): Found design unit 1: sls_4bit_reg_vhdl-Behavior File: C:/Users/sls3445/Documents/DS2_Labs/Lab7/sls_mem_vhdl_restored/Lab7/sls_4bit_reg_vhdl/sls_4bit_reg_vhdl.vhd Line: 10
    Info (12023): Found entity 1: sls_4bit_reg_vhdl File: C:/Users/sls3445/Documents/DS2_Labs/Lab7/sls_mem_vhdl_restored/Lab7/sls_4bit_reg_vhdl/sls_4bit_reg_vhdl.vhd Line: 4
Info (12021): Found 2 design units, including 1 entities, in source file sls_mem_vhdl.vhd
    Info (12022): Found design unit 1: sls_mem_vhdl-struc File: C:/Users/sls3445/Documents/DS2_Labs/Lab7/sls_mem_vhdl_restored/Lab7/sls_mem_vhdl/sls_mem_vhdl.vhd Line: 13
    Info (12023): Found entity 1: sls_mem_vhdl File: C:/Users/sls3445/Documents/DS2_Labs/Lab7/sls_mem_vhdl_restored/Lab7/sls_mem_vhdl/sls_mem_vhdl.vhd Line: 6
Info (12021): Found 2 design units, including 1 entities, in source file sls_mem_vhdl_tb.vhd
    Info (12022): Found design unit 1: sls_mem_vhdl_tb-behavior File: C:/Users/sls3445/Documents/DS2_Labs/Lab7/sls_mem_vhdl_restored/Lab7/sls_mem_vhdl/sls_mem_vhdl_tb.vhd Line: 8
    Info (12023): Found entity 1: sls_mem_vhdl_tb File: C:/Users/sls3445/Documents/DS2_Labs/Lab7/sls_mem_vhdl_restored/Lab7/sls_mem_vhdl/sls_mem_vhdl_tb.vhd Line: 5
Info (12127): Elaborating entity "sls_mem_fpga_emulation_vhdl" for the top level hierarchy
Info (12128): Elaborating entity "sls_mem_vhdl" for hierarchy "sls_mem_vhdl:cut" File: C:/Users/sls3445/Documents/DS2_Labs/Lab7/sls_mem_vhdl_restored/Lab7/sls_mem_vhdl/sls_mem_fpga_emulation_vhdl.vhd Line: 23
Info (12128): Elaborating entity "sls_8bit_upcnt_vhdl" for hierarchy "sls_mem_vhdl:cut|sls_8bit_upcnt_vhdl:mycnt" File: C:/Users/sls3445/Documents/DS2_Labs/Lab7/sls_mem_vhdl_restored/Lab7/sls_mem_vhdl/sls_mem_vhdl.vhd Line: 17
Info (12128): Elaborating entity "sls_rom_vhdl" for hierarchy "sls_mem_vhdl:cut|sls_rom_vhdl:myrom" File: C:/Users/sls3445/Documents/DS2_Labs/Lab7/sls_mem_vhdl_restored/Lab7/sls_mem_vhdl/sls_mem_vhdl.vhd Line: 19
Info (12128): Elaborating entity "altsyncram" for hierarchy "sls_mem_vhdl:cut|sls_rom_vhdl:myrom|altsyncram:altsyncram_component" File: C:/Users/sls3445/Documents/DS2_Labs/Lab7/sls_mem_vhdl_restored/Lab7/sls_mem_vhdl/sls_rom_vhdl.vhd Line: 59
Info (12130): Elaborated megafunction instantiation "sls_mem_vhdl:cut|sls_rom_vhdl:myrom|altsyncram:altsyncram_component" File: C:/Users/sls3445/Documents/DS2_Labs/Lab7/sls_mem_vhdl_restored/Lab7/sls_mem_vhdl/sls_rom_vhdl.vhd Line: 59
Info (12133): Instantiated megafunction "sls_mem_vhdl:cut|sls_rom_vhdl:myrom|altsyncram:altsyncram_component" with the following parameter: File: C:/Users/sls3445/Documents/DS2_Labs/Lab7/sls_mem_vhdl_restored/Lab7/sls_mem_vhdl/sls_rom_vhdl.vhd Line: 59
    Info (12134): Parameter "address_aclr_a" = "NONE"
    Info (12134): Parameter "address_aclr_b" = "NONE"
    Info (12134): Parameter "address_reg_b" = "CLOCK1"
    Info (12134): Parameter "byte_size" = "8"
    Info (12134): Parameter "byteena_aclr_a" = "UNUSED"
    Info (12134): Parameter "byteena_aclr_b" = "NONE"
    Info (12134): Parameter "byteena_reg_b" = "CLOCK1"
    Info (12134): Parameter "clock_enable_core_a" = "USE_INPUT_CLKEN"
    Info (12134): Parameter "clock_enable_core_b" = "USE_INPUT_CLKEN"
    Info (12134): Parameter "clock_enable_input_a" = "BYPASS"
    Info (12134): Parameter "clock_enable_input_b" = "NORMAL"
    Info (12134): Parameter "clock_enable_output_a" = "BYPASS"
    Info (12134): Parameter "clock_enable_output_b" = "NORMAL"
    Info (12134): Parameter "intended_device_family" = "Cyclone IV E"
    Info (12134): Parameter "ecc_pipeline_stage_enabled" = "FALSE"
    Info (12134): Parameter "enable_ecc" = "FALSE"
    Info (12134): Parameter "implement_in_les" = "OFF"
    Info (12134): Parameter "indata_aclr_a" = "UNUSED"
    Info (12134): Parameter "indata_aclr_b" = "NONE"
    Info (12134): Parameter "indata_reg_b" = "CLOCK1"
    Info (12134): Parameter "init_file" = "sls_rom_vhdl.mif"
    Info (12134): Parameter "init_file_layout" = "PORT_A"
    Info (12134): Parameter "maximum_depth" = "0"
    Info (12134): Parameter "numwords_a" = "256"
    Info (12134): Parameter "numwords_b" = "0"
    Info (12134): Parameter "operation_mode" = "ROM"
    Info (12134): Parameter "outdata_aclr_a" = "NONE"
    Info (12134): Parameter "outdata_aclr_b" = "NONE"
    Info (12134): Parameter "outdata_reg_a" = "UNREGISTERED"
    Info (12134): Parameter "outdata_reg_b" = "UNREGISTERED"
    Info (12134): Parameter "power_up_uninitialized" = "FALSE"
    Info (12134): Parameter "ram_block_type" = "AUTO"
    Info (12134): Parameter "rdcontrol_aclr_b" = "NONE"
    Info (12134): Parameter "rdcontrol_reg_b" = "CLOCK1"
    Info (12134): Parameter "read_during_write_mode_mixed_ports" = "DONT_CARE"
    Info (12134): Parameter "read_during_write_mode_port_a" = "NEW_DATA_NO_NBE_READ"
    Info (12134): Parameter "read_during_write_mode_port_b" = "NEW_DATA_NO_NBE_READ"
    Info (12134): Parameter "stratixiv_m144k_allow_dual_clocks" = "ON"
    Info (12134): Parameter "width_a" = "4"
    Info (12134): Parameter "width_b" = "1"
    Info (12134): Parameter "width_byteena_a" = "1"
    Info (12134): Parameter "width_byteena_b" = "1"
    Info (12134): Parameter "width_eccstatus" = "3"
    Info (12134): Parameter "widthad_a" = "8"
    Info (12134): Parameter "widthad_b" = "1"
    Info (12134): Parameter "wrcontrol_aclr_a" = "UNUSED"
    Info (12134): Parameter "wrcontrol_aclr_b" = "NONE"
    Info (12134): Parameter "wrcontrol_wraddress_reg_b" = "CLOCK1"
    Info (12134): Parameter "lpm_hint" = "ENABLE_RUNTIME_MOD=NO"
    Info (12134): Parameter "lpm_type" = "altsyncram"
Info (12021): Found 1 design units, including 1 entities, in source file db/altsyncram_ghs3.tdf
    Info (12023): Found entity 1: altsyncram_ghs3 File: C:/Users/sls3445/Documents/DS2_Labs/Lab7/sls_mem_vhdl_restored/Lab7/sls_mem_vhdl/db/altsyncram_ghs3.tdf Line: 27
Info (12128): Elaborating entity "altsyncram_ghs3" for hierarchy "sls_mem_vhdl:cut|sls_rom_vhdl:myrom|altsyncram:altsyncram_component|altsyncram_ghs3:auto_generated" File: c:/intelfpga_lite/18.1/quartus/libraries/megafunctions/altsyncram.tdf Line: 791
Info (12128): Elaborating entity "sls_4bit_reg_vhdl" for hierarchy "sls_mem_vhdl:cut|sls_4bit_reg_vhdl:my_m" File: C:/Users/sls3445/Documents/DS2_Labs/Lab7/sls_mem_vhdl_restored/Lab7/sls_mem_vhdl/sls_mem_vhdl.vhd Line: 20
Info (12128): Elaborating entity "sls_ram_vhdl" for hierarchy "sls_mem_vhdl:cut|sls_ram_vhdl:my_ram" File: C:/Users/sls3445/Documents/DS2_Labs/Lab7/sls_mem_vhdl_restored/Lab7/sls_mem_vhdl/sls_mem_vhdl.vhd Line: 22
Info (12128): Elaborating entity "altsyncram" for hierarchy "sls_mem_vhdl:cut|sls_ram_vhdl:my_ram|altsyncram:altsyncram_component" File: C:/Users/sls3445/Documents/DS2_Labs/Lab7/sls_mem_vhdl_restored/Lab7/sls_mem_vhdl/sls_ram_vhdl.vhd Line: 61
Info (12130): Elaborated megafunction instantiation "sls_mem_vhdl:cut|sls_ram_vhdl:my_ram|altsyncram:altsyncram_component" File: C:/Users/sls3445/Documents/DS2_Labs/Lab7/sls_mem_vhdl_restored/Lab7/sls_mem_vhdl/sls_ram_vhdl.vhd Line: 61
Info (12133): Instantiated megafunction "sls_mem_vhdl:cut|sls_ram_vhdl:my_ram|altsyncram:altsyncram_component" with the following parameter: File: C:/Users/sls3445/Documents/DS2_Labs/Lab7/sls_mem_vhdl_restored/Lab7/sls_mem_vhdl/sls_ram_vhdl.vhd Line: 61
    Info (12134): Parameter "address_aclr_a" = "UNUSED"
    Info (12134): Parameter "address_aclr_b" = "NONE"
    Info (12134): Parameter "address_reg_b" = "CLOCK1"
    Info (12134): Parameter "byte_size" = "8"
    Info (12134): Parameter "byteena_aclr_a" = "UNUSED"
    Info (12134): Parameter "byteena_aclr_b" = "NONE"
    Info (12134): Parameter "byteena_reg_b" = "CLOCK1"
    Info (12134): Parameter "clock_enable_core_a" = "USE_INPUT_CLKEN"
    Info (12134): Parameter "clock_enable_core_b" = "USE_INPUT_CLKEN"
    Info (12134): Parameter "clock_enable_input_a" = "BYPASS"
    Info (12134): Parameter "clock_enable_input_b" = "NORMAL"
    Info (12134): Parameter "clock_enable_output_a" = "BYPASS"
    Info (12134): Parameter "clock_enable_output_b" = "NORMAL"
    Info (12134): Parameter "intended_device_family" = "Cyclone IV E"
    Info (12134): Parameter "ecc_pipeline_stage_enabled" = "FALSE"
    Info (12134): Parameter "enable_ecc" = "FALSE"
    Info (12134): Parameter "implement_in_les" = "OFF"
    Info (12134): Parameter "indata_aclr_a" = "UNUSED"
    Info (12134): Parameter "indata_aclr_b" = "NONE"
    Info (12134): Parameter "indata_reg_b" = "CLOCK1"
    Info (12134): Parameter "init_file" = "UNUSED"
    Info (12134): Parameter "init_file_layout" = "PORT_A"
    Info (12134): Parameter "maximum_depth" = "0"
    Info (12134): Parameter "numwords_a" = "256"
    Info (12134): Parameter "numwords_b" = "0"
    Info (12134): Parameter "operation_mode" = "SINGLE_PORT"
    Info (12134): Parameter "outdata_aclr_a" = "NONE"
    Info (12134): Parameter "outdata_aclr_b" = "NONE"
    Info (12134): Parameter "outdata_reg_a" = "UNREGISTERED"
    Info (12134): Parameter "outdata_reg_b" = "UNREGISTERED"
    Info (12134): Parameter "power_up_uninitialized" = "FALSE"
    Info (12134): Parameter "ram_block_type" = "AUTO"
    Info (12134): Parameter "rdcontrol_aclr_b" = "NONE"
    Info (12134): Parameter "rdcontrol_reg_b" = "CLOCK1"
    Info (12134): Parameter "read_during_write_mode_mixed_ports" = "DONT_CARE"
    Info (12134): Parameter "read_during_write_mode_port_a" = "NEW_DATA_NO_NBE_READ"
    Info (12134): Parameter "read_during_write_mode_port_b" = "NEW_DATA_NO_NBE_READ"
    Info (12134): Parameter "stratixiv_m144k_allow_dual_clocks" = "ON"
    Info (12134): Parameter "width_a" = "4"
    Info (12134): Parameter "width_b" = "1"
    Info (12134): Parameter "width_byteena_a" = "1"
    Info (12134): Parameter "width_byteena_b" = "1"
    Info (12134): Parameter "width_eccstatus" = "3"
    Info (12134): Parameter "widthad_a" = "8"
    Info (12134): Parameter "widthad_b" = "1"
    Info (12134): Parameter "wrcontrol_aclr_a" = "UNUSED"
    Info (12134): Parameter "wrcontrol_aclr_b" = "NONE"
    Info (12134): Parameter "wrcontrol_wraddress_reg_b" = "CLOCK1"
    Info (12134): Parameter "lpm_hint" = "ENABLE_RUNTIME_MOD=NO"
    Info (12134): Parameter "lpm_type" = "altsyncram"
Info (12021): Found 1 design units, including 1 entities, in source file db/altsyncram_sup3.tdf
    Info (12023): Found entity 1: altsyncram_sup3 File: C:/Users/sls3445/Documents/DS2_Labs/Lab7/sls_mem_vhdl_restored/Lab7/sls_mem_vhdl/db/altsyncram_sup3.tdf Line: 27
Info (12128): Elaborating entity "altsyncram_sup3" for hierarchy "sls_mem_vhdl:cut|sls_ram_vhdl:my_ram|altsyncram:altsyncram_component|altsyncram_sup3:auto_generated" File: c:/intelfpga_lite/18.1/quartus/libraries/megafunctions/altsyncram.tdf Line: 791
Info (12128): Elaborating entity "sls_mem_cu_vhdl" for hierarchy "sls_mem_cu_vhdl:mem_cu" File: C:/Users/sls3445/Documents/DS2_Labs/Lab7/sls_mem_vhdl_restored/Lab7/sls_mem_vhdl/sls_mem_fpga_emulation_vhdl.vhd Line: 29
Info (286030): Timing-Driven Synthesis is running
Info (16010): Generating hard_block partition "hard_block:auto_generated_inst"
    Info (16011): Adding 0 node(s), including 0 DDIO, 0 PLL, 0 transceiver and 0 LCELL
Info (21057): Implemented 105 device resources after synthesis - the final resource count might be different
    Info (21058): Implemented 2 input pins
    Info (21059): Implemented 8 output pins
    Info (21061): Implemented 87 logic cells
    Info (21064): Implemented 8 RAM segments
Info: Quartus Prime Analysis & Synthesis was successful. 0 errors, 1 warning
    Info: Peak virtual memory: 4819 megabytes
    Info: Processing ended: Fri Mar 07 15:15:55 2025
    Info: Elapsed time: 00:00:10
    Info: Total CPU time (on all processors): 00:00:07


