Flow report for sls_mem_vhdl
Fri Mar 07 15:16:06 2025
Quartus Prime Version 18.1.0 Build 625 09/12/2018 SJ Lite Edition


---------------------
; Table of Contents ;
---------------------
  1. Legal Notice
  2. Flow Summary
  3. Flow Settings
  4. Flow Non-Default Global Settings
  5. Flow Elapsed Time
  6. Flow OS Summary
  7. Flow Log
  8. Flow Messages
  9. Flow Suppressed Messages



----------------
; Legal Notice ;
----------------
Copyright (C) 2018  Intel Corporation. All rights reserved.
Your use of Intel Corporation's design tools, logic functions 
and other software and tools, and its AMPP partner logic 
functions, and any output files from any of the foregoing 
(including device programming or simulation files), and any 
associated documentation or information are expressly subject 
to the terms and conditions of the Intel Program License 
Subscription Agreement, the Intel Quartus Prime License Agreement,
the Intel FPGA IP License Agreement, or other applicable license
agreement, including, without limitation, that your use is for
the sole purpose of programming logic devices manufactured by
Intel and sold by Intel or its authorized distributors.  Please
refer to the applicable agreement for further details.



+----------------------------------------------------------------------------------+
; Flow Summary                                                                     ;
+------------------------------------+---------------------------------------------+
; Flow Status                        ; Successful - Fri Mar 07 15:16:06 2025       ;
; Quartus Prime Version              ; 18.1.0 Build 625 09/12/2018 SJ Lite Edition ;
; Revision Name                      ; sls_mem_vhdl                                ;
; Top-level Entity Name              ; sls_mem_fpga_emulation_vhdl                 ;
; Family                             ; Cyclone IV E                                ;
; Device                             ; EP4CE22F17C6                                ;
; Timing Models                      ; Final                                       ;
; Total logic elements               ; 82 / 22,320 ( < 1 % )                       ;
;     Total combinational functions  ; 78 / 22,320 ( < 1 % )                       ;
;     Dedicated logic registers      ; 61 / 22,320 ( < 1 % )                       ;
; Total registers                    ; 61                                          ;
; Total pins                         ; 10 / 154 ( 6 % )                            ;
; Total virtual pins                 ; 0                                           ;
; Total memory bits                  ; 2,048 / 608,256 ( < 1 % )                   ;
; Embedded Multiplier 9-bit elements ; 0 / 132 ( 0 % )                             ;
; Total PLLs                         ; 0 / 4 ( 0 % )                               ;
+------------------------------------+---------------------------------------------+


+-----------------------------------------+
; Flow Settings                           ;
+-------------------+---------------------+
; Option            ; Setting             ;
+-------------------+---------------------+
; Start date & time ; 03/07/2025 15:15:46 ;
; Main task         ; Compilation         ;
; Revision Name     ; sls_mem_vhdl        ;
+-------------------+---------------------+


+-----------------------------------------------------------------------------------------------------------------------------------------------+
; Flow Non-Default Global Settings                                                                                                              ;
+--------------------------------------+----------------------------------------+---------------+-----------------------------+-----------------+
; Assignment Name                      ; Value                                  ; Default Value ; Entity Name                 ; Section Id      ;
+--------------------------------------+----------------------------------------+---------------+-----------------------------+-----------------+
; COMPILER_SIGNATURE_ID                ; 53671034734897.174137854610516         ; --            ; --                          ; --              ;
; EDA_DESIGN_INSTANCE_NAME             ; NA                                     ; --            ; --                          ; sls_mem_vhdl_tb ;
; EDA_NATIVELINK_SIMULATION_TEST_BENCH ; sls_mem_vhdl_tb                        ; --            ; --                          ; eda_simulation  ;
; EDA_OUTPUT_DATA_FORMAT               ; Vhdl                                   ; --            ; --                          ; eda_simulation  ;
; EDA_SIMULATION_TOOL                  ; ModelSim-Altera (VHDL)                 ; <None>        ; --                          ; --              ;
; EDA_TEST_BENCH_ENABLE_STATUS         ; TEST_BENCH_MODE                        ; --            ; --                          ; eda_simulation  ;
; EDA_TEST_BENCH_FILE                  ; sls_mem_vhdl_tb.vhd                    ; --            ; --                          ; sls_mem_vhdl_tb ;
; EDA_TEST_BENCH_MODULE_NAME           ; sls_mem_vhdl_tb                        ; --            ; --                          ; sls_mem_vhdl_tb ;
; EDA_TEST_BENCH_NAME                  ; sls_mem_vhdl_tb                        ; --            ; --                          ; eda_simulation  ;
; EDA_TIME_SCALE                       ; 1 ps                                   ; --            ; --                          ; eda_simulation  ;
; MAX_CORE_JUNCTION_TEMP               ; 85                                     ; --            ; --                          ; --              ;
; MIN_CORE_JUNCTION_TEMP               ; 0                                      ; --            ; --                          ; --              ;
; NOMINAL_CORE_SUPPLY_VOLTAGE          ; 1.2V                                   ; --            ; --                          ; --              ;
; PARTITION_COLOR                      ; -- (Not supported for targeted family) ; --            ; sls_mem_fpga_emulation_vhdl ; Top             ;
; PARTITION_FITTER_PRESERVATION_LEVEL  ; -- (Not supported for targeted family) ; --            ; sls_mem_fpga_emulation_vhdl ; Top             ;
; PARTITION_NETLIST_TYPE               ; -- (Not supported for targeted family) ; --            ; sls_mem_fpga_emulation_vhdl ; Top             ;
; POWER_BOARD_THERMAL_MODEL            ; None (CONSERVATIVE)                    ; --            ; --                          ; --              ;
; POWER_PRESET_COOLING_SOLUTION        ; 23 MM HEAT SINK WITH 200 LFPM AIRFLOW  ; --            ; --                          ; --              ;
; PROJECT_OUTPUT_DIRECTORY             ; output_files                           ; --            ; --                          ; --              ;
; TOP_LEVEL_ENTITY                     ; sls_mem_fpga_emulation_vhdl            ; sls_mem_vhdl  ; --                          ; --              ;
+--------------------------------------+----------------------------------------+---------------+-----------------------------+-----------------+


+--------------------------------------------------------------------------------------------------------------------------+
; Flow Elapsed Time                                                                                                        ;
+----------------------+--------------+-------------------------+---------------------+------------------------------------+
; Module Name          ; Elapsed Time ; Average Processors Used ; Peak Virtual Memory ; Total CPU Time (on all processors) ;
+----------------------+--------------+-------------------------+---------------------+------------------------------------+
; Analysis & Synthesis ; 00:00:10     ; 1.0                     ; 4819 MB             ; 00:00:07                           ;
; Fitter               ; 00:00:04     ; 1.0                     ; 5828 MB             ; 00:00:03                           ;
; Assembler            ; 00:00:01     ; 1.0                     ; 4685 MB             ; 00:00:01                           ;
; Timing Analyzer      ; 00:00:02     ; 1.0                     ; 4837 MB             ; 00:00:01                           ;
; EDA Netlist Writer   ; 00:00:01     ; 1.0                     ; 4648 MB             ; 00:00:01                           ;
; Total                ; 00:00:18     ; --                      ; --                  ; 00:00:13                           ;
+----------------------+--------------+-------------------------+---------------------+------------------------------------+


+------------------------------------------------------------------------------------+
; Flow OS Summary                                                                    ;
+----------------------+------------------+------------+------------+----------------+
; Module Name          ; Machine Hostname ; OS Name    ; OS Version ; Processor type ;
+----------------------+------------------+------------+------------+----------------+
; Analysis & Synthesis ; gle-3200-pc09    ; Windows 10 ; 10.0       ; x86_64         ;
; Fitter               ; gle-3200-pc09    ; Windows 10 ; 10.0       ; x86_64         ;
; Assembler            ; gle-3200-pc09    ; Windows 10 ; 10.0       ; x86_64         ;
; Timing Analyzer      ; gle-3200-pc09    ; Windows 10 ; 10.0       ; x86_64         ;
; EDA Netlist Writer   ; gle-3200-pc09    ; Windows 10 ; 10.0       ; x86_64         ;
+----------------------+------------------+------------+------------+----------------+


------------
; Flow Log ;
------------
quartus_map --read_settings_files=on --write_settings_files=off sls_mem_vhdl -c sls_mem_vhdl
quartus_fit --read_settings_files=off --write_settings_files=off sls_mem_vhdl -c sls_mem_vhdl
quartus_asm --read_settings_files=off --write_settings_files=off sls_mem_vhdl -c sls_mem_vhdl
quartus_sta sls_mem_vhdl -c sls_mem_vhdl
quartus_eda --read_settings_files=off --write_settings_files=off sls_mem_vhdl -c sls_mem_vhdl



