Analysis & Synthesis report for sls_8bit_alu_beh_vhdl
Fri Feb 21 16:28:29 2025
Quartus Prime Version 18.1.0 Build 625 09/12/2018 SJ Lite Edition


---------------------
; Table of Contents ;
---------------------
  1. Legal Notice
  2. Analysis & Synthesis Summary
  3. Analysis & Synthesis Settings
  4. Parallel Compilation
  5. Analysis & Synthesis Source Files Read
  6. Analysis & Synthesis Resource Usage Summary
  7. Analysis & Synthesis Resource Utilization by Entity
  8. User-Specified and Inferred Latches
  9. General Register Statistics
 10. Multiplexer Restructuring Statistics (Restructuring Performed)
 11. Post-Synthesis Netlist Statistics for Top Partition
 12. Elapsed Time Per Partition
 13. Analysis & Synthesis Messages



----------------
; Legal Notice ;
----------------
Copyright (C) 2018  Intel Corporation. All rights reserved.
Your use of Intel Corporation's design tools, logic functions 
and other software and tools, and its AMPP partner logic 
functions, and any output files from any of the foregoing 
(including device programming or simulation files), and any 
associated documentation or information are expressly subject 
to the terms and conditions of the Intel Program License 
Subscription Agreement, the Intel Quartus Prime License Agreement,
the Intel FPGA IP License Agreement, or other applicable license
agreement, including, without limitation, that your use is for
the sole purpose of programming logic devices manufactured by
Intel and sold by Intel or its authorized distributors.  Please
refer to the applicable agreement for further details.



+----------------------------------------------------------------------------------+
; Analysis & Synthesis Summary                                                     ;
+------------------------------------+---------------------------------------------+
; Analysis & Synthesis Status        ; Successful - Fri Feb 21 16:28:29 2025       ;
; Quartus Prime Version              ; 18.1.0 Build 625 09/12/2018 SJ Lite Edition ;
; Revision Name                      ; sls_8bit_alu_beh_vhdl                       ;
; Top-level Entity Name              ; sls_8bit_alu_beh_vhdl                       ;
; Family                             ; Cyclone IV E                                ;
; Total logic elements               ; 216                                         ;
;     Total combinational functions  ; 216                                         ;
;     Dedicated logic registers      ; 0                                           ;
; Total registers                    ; 0                                           ;
; Total pins                         ; 35                                          ;
; Total virtual pins                 ; 0                                           ;
; Total memory bits                  ; 0                                           ;
; Embedded Multiplier 9-bit elements ; 0                                           ;
; Total PLLs                         ; 0                                           ;
+------------------------------------+---------------------------------------------+


+------------------------------------------------------------------------------------------------------------------+
; Analysis & Synthesis Settings                                                                                    ;
+------------------------------------------------------------------+-----------------------+-----------------------+
; Option                                                           ; Setting               ; Default Value         ;
+------------------------------------------------------------------+-----------------------+-----------------------+
; Device                                                           ; EP4CE22F17C6          ;                       ;
; Top-level entity name                                            ; sls_8bit_alu_beh_vhdl ; sls_8bit_alu_beh_vhdl ;
; Family name                                                      ; Cyclone IV E          ; Cyclone V             ;
; Use smart compilation                                            ; Off                   ; Off                   ;
; Enable parallel Assembler and Timing Analyzer during compilation ; On                    ; On                    ;
; Enable compact report table                                      ; Off                   ; Off                   ;
; Restructure Multiplexers                                         ; Auto                  ; Auto                  ;
; Create Debugging Nodes for IP Cores                              ; Off                   ; Off                   ;
; Preserve fewer node names                                        ; On                    ; On                    ;
; Intel FPGA IP Evaluation Mode                                    ; Enable                ; Enable                ;
; Verilog Version                                                  ; Verilog_2001          ; Verilog_2001          ;
; VHDL Version                                                     ; VHDL_1993             ; VHDL_1993             ;
; State Machine Processing                                         ; Auto                  ; Auto                  ;
; Safe State Machine                                               ; Off                   ; Off                   ;
; Extract Verilog State Machines                                   ; On                    ; On                    ;
; Extract VHDL State Machines                                      ; On                    ; On                    ;
; Ignore Verilog initial constructs                                ; Off                   ; Off                   ;
; Iteration limit for constant Verilog loops                       ; 5000                  ; 5000                  ;
; Iteration limit for non-constant Verilog loops                   ; 250                   ; 250                   ;
; Add Pass-Through Logic to Inferred RAMs                          ; On                    ; On                    ;
; Infer RAMs from Raw Logic                                        ; On                    ; On                    ;
; Parallel Synthesis                                               ; On                    ; On                    ;
; DSP Block Balancing                                              ; Auto                  ; Auto                  ;
; NOT Gate Push-Back                                               ; On                    ; On                    ;
; Power-Up Don't Care                                              ; On                    ; On                    ;
; Remove Redundant Logic Cells                                     ; Off                   ; Off                   ;
; Remove Duplicate Registers                                       ; On                    ; On                    ;
; Ignore CARRY Buffers                                             ; Off                   ; Off                   ;
; Ignore CASCADE Buffers                                           ; Off                   ; Off                   ;
; Ignore GLOBAL Buffers                                            ; Off                   ; Off                   ;
; Ignore ROW GLOBAL Buffers                                        ; Off                   ; Off                   ;
; Ignore LCELL Buffers                                             ; Off                   ; Off                   ;
; Ignore SOFT Buffers                                              ; On                    ; On                    ;
; Limit AHDL Integers to 32 Bits                                   ; Off                   ; Off                   ;
; Optimization Technique                                           ; Balanced              ; Balanced              ;
; Carry Chain Length                                               ; 70                    ; 70                    ;
; Auto Carry Chains                                                ; On                    ; On                    ;
; Auto Open-Drain Pins                                             ; On                    ; On                    ;
; Perform WYSIWYG Primitive Resynthesis                            ; Off                   ; Off                   ;
; Auto ROM Replacement                                             ; On                    ; On                    ;
; Auto RAM Replacement                                             ; On                    ; On                    ;
; Auto DSP Block Replacement                                       ; On                    ; On                    ;
; Auto Shift Register Replacement                                  ; Auto                  ; Auto                  ;
; Allow Shift Register Merging across Hierarchies                  ; Auto                  ; Auto                  ;
; Auto Clock Enable Replacement                                    ; On                    ; On                    ;
; Strict RAM Replacement                                           ; Off                   ; Off                   ;
; Allow Synchronous Control Signals                                ; On                    ; On                    ;
; Force Use of Synchronous Clear Signals                           ; Off                   ; Off                   ;
; Auto RAM Block Balancing                                         ; On                    ; On                    ;
; Auto RAM to Logic Cell Conversion                                ; Off                   ; Off                   ;
; Auto Resource Sharing                                            ; Off                   ; Off                   ;
; Allow Any RAM Size For Recognition                               ; Off                   ; Off                   ;
; Allow Any ROM Size For Recognition                               ; Off                   ; Off                   ;
; Allow Any Shift Register Size For Recognition                    ; Off                   ; Off                   ;
; Use LogicLock Constraints during Resource Balancing              ; On                    ; On                    ;
; Ignore translate_off and synthesis_off directives                ; Off                   ; Off                   ;
; Timing-Driven Synthesis                                          ; On                    ; On                    ;
; Report Parameter Settings                                        ; On                    ; On                    ;
; Report Source Assignments                                        ; On                    ; On                    ;
; Report Connectivity Checks                                       ; On                    ; On                    ;
; Ignore Maximum Fan-Out Assignments                               ; Off                   ; Off                   ;
; Synchronization Register Chain Length                            ; 2                     ; 2                     ;
; Power Optimization During Synthesis                              ; Normal compilation    ; Normal compilation    ;
; HDL message level                                                ; Level2                ; Level2                ;
; Suppress Register Optimization Related Messages                  ; Off                   ; Off                   ;
; Number of Removed Registers Reported in Synthesis Report         ; 5000                  ; 5000                  ;
; Number of Swept Nodes Reported in Synthesis Report               ; 5000                  ; 5000                  ;
; Number of Inverted Registers Reported in Synthesis Report        ; 100                   ; 100                   ;
; Clock MUX Protection                                             ; On                    ; On                    ;
; Auto Gated Clock Conversion                                      ; Off                   ; Off                   ;
; Block Design Naming                                              ; Auto                  ; Auto                  ;
; SDC constraint protection                                        ; Off                   ; Off                   ;
; Synthesis Effort                                                 ; Auto                  ; Auto                  ;
; Shift Register Replacement - Allow Asynchronous Clear Signal     ; On                    ; On                    ;
; Pre-Mapping Resynthesis Optimization                             ; Off                   ; Off                   ;
; Analysis & Synthesis Message Level                               ; Medium                ; Medium                ;
; Disable Register Merging Across Hierarchies                      ; Auto                  ; Auto                  ;
; Resource Aware Inference For Block RAM                           ; On                    ; On                    ;
+------------------------------------------------------------------+-----------------------+-----------------------+


+------------------------------------------+
; Parallel Compilation                     ;
+----------------------------+-------------+
; Processors                 ; Number      ;
+----------------------------+-------------+
; Number detected on machine ; 16          ;
; Maximum allowed            ; 8           ;
;                            ;             ;
; Average used               ; 1.00        ;
; Maximum used               ; 8           ;
;                            ;             ;
; Usage by Processor         ; % Time Used ;
;     Processor 1            ; 100.0%      ;
;     Processors 2-8         ;   0.0%      ;
+----------------------------+-------------+


+---------------------------------------------------------------------------------------------------------------------------------------------------------------------------+
; Analysis & Synthesis Source Files Read                                                                                                                                    ;
+----------------------------------+-----------------+-----------------+------------------------------------------------------------------------------------------+---------+
; File Name with User-Entered Path ; Used in Netlist ; File Type       ; File Name with Absolute Path                                                             ; Library ;
+----------------------------------+-----------------+-----------------+------------------------------------------------------------------------------------------+---------+
; sls_8bit_alu_beh_vhdl.vhd        ; yes             ; User VHDL File  ; C:/Users/sls3445/Documents/DS2_Labs/Lab5/sls_8bit_alu_beh_vhdl/sls_8bit_alu_beh_vhdl.vhd ;         ;
+----------------------------------+-----------------+-----------------+------------------------------------------------------------------------------------------+---------+


+----------------------------------------------------------------+
; Analysis & Synthesis Resource Usage Summary                    ;
+---------------------------------------------+------------------+
; Resource                                    ; Usage            ;
+---------------------------------------------+------------------+
; Estimated Total logic elements              ; 216              ;
;                                             ;                  ;
; Total combinational functions               ; 216              ;
; Logic element usage by number of LUT inputs ;                  ;
;     -- 4 input functions                    ; 122              ;
;     -- 3 input functions                    ; 63               ;
;     -- <=2 input functions                  ; 31               ;
;                                             ;                  ;
; Logic elements by mode                      ;                  ;
;     -- normal mode                          ; 176              ;
;     -- arithmetic mode                      ; 40               ;
;                                             ;                  ;
; Total registers                             ; 0                ;
;     -- Dedicated logic registers            ; 0                ;
;     -- I/O registers                        ; 0                ;
;                                             ;                  ;
; I/O pins                                    ; 35               ;
;                                             ;                  ;
; Embedded Multiplier 9-bit elements          ; 0                ;
;                                             ;                  ;
; Maximum fan-out node                        ; Const_K[0]~input ;
; Maximum fan-out                             ; 42               ;
; Total fan-out                               ; 779              ;
; Average fan-out                             ; 2.72             ;
+---------------------------------------------+------------------+


+-----------------------------------------------------------------------------------------------------------------------------------------------------------------------------------------------------------------------+
; Analysis & Synthesis Resource Utilization by Entity                                                                                                                                                                   ;
+----------------------------+---------------------+---------------------------+-------------+--------------+---------+-----------+------+--------------+------------------------+-----------------------+--------------+
; Compilation Hierarchy Node ; Combinational ALUTs ; Dedicated Logic Registers ; Memory Bits ; DSP Elements ; DSP 9x9 ; DSP 18x18 ; Pins ; Virtual Pins ; Full Hierarchy Name    ; Entity Name           ; Library Name ;
+----------------------------+---------------------+---------------------------+-------------+--------------+---------+-----------+------+--------------+------------------------+-----------------------+--------------+
; |sls_8bit_alu_beh_vhdl     ; 216 (216)           ; 0 (0)                     ; 0           ; 0            ; 0       ; 0         ; 35   ; 0            ; |sls_8bit_alu_beh_vhdl ; sls_8bit_alu_beh_vhdl ; work         ;
+----------------------------+---------------------+---------------------------+-------------+--------------+---------+-----------+------+--------------+------------------------+-----------------------+--------------+
Note: For table entries with two numbers listed, the numbers in parentheses indicate the number of resources of the given type used by the specific entity alone. The numbers listed outside of parentheses indicate the total resources of the given type used by the specific entity and all of its sub-entities in the hierarchy.


+----------------------------------------------------------------------------------------------------+
; User-Specified and Inferred Latches                                                                ;
+-----------------------------------------------------+---------------------+------------------------+
; Latch Name                                          ; Latch Enable Signal ; Free of Timing Hazards ;
+-----------------------------------------------------+---------------------+------------------------+
; rlc[0]                                              ; carryout            ; yes                    ;
; shrl[0]                                             ; carryout            ; yes                    ;
; shrl[1]                                             ; carryout            ; yes                    ;
; rlc[1]                                              ; carryout            ; yes                    ;
; rlc[2]                                              ; carryout            ; yes                    ;
; shrl[2]                                             ; carryout            ; yes                    ;
; shrl[3]                                             ; carryout            ; yes                    ;
; rlc[3]                                              ; carryout            ; yes                    ;
; shrl[4]                                             ; carryout            ; yes                    ;
; rlc[4]                                              ; carryout            ; yes                    ;
; shrl[5]                                             ; carryout            ; yes                    ;
; rlc[5]                                              ; carryout            ; yes                    ;
; shrl[6]                                             ; carryout            ; yes                    ;
; rlc[6]                                              ; carryout            ; yes                    ;
; rlc[7]                                              ; carryout            ; yes                    ;
; carryout                                            ; carryout            ; yes                    ;
; Number of user-specified and inferred latches = 16  ;                     ;                        ;
+-----------------------------------------------------+---------------------+------------------------+
Note: All latches listed above may not be present at the end of synthesis due to various synthesis optimizations.


+------------------------------------------------------+
; General Register Statistics                          ;
+----------------------------------------------+-------+
; Statistic                                    ; Value ;
+----------------------------------------------+-------+
; Total registers                              ; 0     ;
; Number of registers using Synchronous Clear  ; 0     ;
; Number of registers using Synchronous Load   ; 0     ;
; Number of registers using Asynchronous Clear ; 0     ;
; Number of registers using Asynchronous Load  ; 0     ;
; Number of registers using Clock Enable       ; 0     ;
; Number of registers using Preset             ; 0     ;
+----------------------------------------------+-------+


+-------------------------------------------------------------------------------------------------------------------------------------------------+
; Multiplexer Restructuring Statistics (Restructuring Performed)                                                                                  ;
+--------------------+-----------+---------------+----------------------+------------------------+------------+-----------------------------------+
; Multiplexer Inputs ; Bus Width ; Baseline Area ; Area if Restructured ; Saving if Restructured ; Registered ; Example Multiplexer Output        ;
+--------------------+-----------+---------------+----------------------+------------------------+------------+-----------------------------------+
; 3:1                ; 13 bits   ; 26 LEs        ; 26 LEs               ; 0 LEs                  ; No         ; |sls_8bit_alu_beh_vhdl|rlc[4]     ;
; 5:1                ; 10 bits   ; 30 LEs        ; 30 LEs               ; 0 LEs                  ; No         ; |sls_8bit_alu_beh_vhdl|ALU_Result ;
; 14:1               ; 4 bits    ; 36 LEs        ; 28 LEs               ; 8 LEs                  ; No         ; |sls_8bit_alu_beh_vhdl|ALU_Result ;
+--------------------+-----------+---------------+----------------------+------------------------+------------+-----------------------------------+


+-----------------------------------------------------+
; Post-Synthesis Netlist Statistics for Top Partition ;
+-----------------------+-----------------------------+
; Type                  ; Count                       ;
+-----------------------+-----------------------------+
; boundary_port         ; 35                          ;
; cycloneiii_lcell_comb ; 216                         ;
;     arith             ; 40                          ;
;         2 data inputs ; 14                          ;
;         3 data inputs ; 26                          ;
;     normal            ; 176                         ;
;         0 data inputs ; 3                           ;
;         1 data inputs ; 1                           ;
;         2 data inputs ; 13                          ;
;         3 data inputs ; 37                          ;
;         4 data inputs ; 122                         ;
;                       ;                             ;
; Max LUT depth         ; 10.00                       ;
; Average LUT depth     ; 5.95                        ;
+-----------------------+-----------------------------+


+-------------------------------+
; Elapsed Time Per Partition    ;
+----------------+--------------+
; Partition Name ; Elapsed Time ;
+----------------+--------------+
; Top            ; 00:00:00     ;
+----------------+--------------+


+-------------------------------+
; Analysis & Synthesis Messages ;
+-------------------------------+
Info: *******************************************************************
Info: Running Quartus Prime Analysis & Synthesis
    Info: Version 18.1.0 Build 625 09/12/2018 SJ Lite Edition
    Info: Processing started: Fri Feb 21 16:28:20 2025
Info: Command: quartus_map --read_settings_files=on --write_settings_files=off sls_8bit_alu_beh_vhdl -c sls_8bit_alu_beh_vhdl
Warning (18236): Number of processors has not been specified which may cause overloading on shared machines.  Set the global assignment NUM_PARALLEL_PROCESSORS in your QSF to an appropriate value for best performance.
Info (20030): Parallel compilation is enabled and will use 8 of the 8 processors detected
Info (12021): Found 2 design units, including 1 entities, in source file sls_fpga_emulation.vhd
    Info (12022): Found design unit 1: sls_fpga_emulation-sls_struc File: C:/Users/sls3445/Documents/DS2_Labs/Lab5/sls_8bit_alu_beh_vhdl/sls_fpga_emulation.vhd Line: 10
    Info (12023): Found entity 1: sls_fpga_emulation File: C:/Users/sls3445/Documents/DS2_Labs/Lab5/sls_8bit_alu_beh_vhdl/sls_fpga_emulation.vhd Line: 4
Info (12021): Found 2 design units, including 1 entities, in source file sls_8bit_alu_beh_vhdl_tb.vhd
    Info (12022): Found design unit 1: sls_8bit_alu_beh_vhdl_tb-sls_verify File: C:/Users/sls3445/Documents/DS2_Labs/Lab5/sls_8bit_alu_beh_vhdl/sls_8bit_alu_beh_vhdl_tb.vhd Line: 18
    Info (12023): Found entity 1: sls_8bit_alu_beh_vhdl_tb File: C:/Users/sls3445/Documents/DS2_Labs/Lab5/sls_8bit_alu_beh_vhdl/sls_8bit_alu_beh_vhdl_tb.vhd Line: 13
Info (12021): Found 2 design units, including 1 entities, in source file sls_8bit_alu_beh_vhdl.vhd
    Info (12022): Found design unit 1: sls_8bit_alu_beh_vhdl-sls_beh File: C:/Users/sls3445/Documents/DS2_Labs/Lab5/sls_8bit_alu_beh_vhdl/sls_8bit_alu_beh_vhdl.vhd Line: 30
    Info (12023): Found entity 1: sls_8bit_alu_beh_vhdl File: C:/Users/sls3445/Documents/DS2_Labs/Lab5/sls_8bit_alu_beh_vhdl/sls_8bit_alu_beh_vhdl.vhd Line: 15
Info (12127): Elaborating entity "sls_8bit_alu_beh_vhdl" for the top level hierarchy
Warning (10492): VHDL Process Statement warning at sls_8bit_alu_beh_vhdl.vhd(172): signal "shrl" is read inside the Process Statement but isn't in the Process Statement's sensitivity list File: C:/Users/sls3445/Documents/DS2_Labs/Lab5/sls_8bit_alu_beh_vhdl/sls_8bit_alu_beh_vhdl.vhd Line: 172
Warning (10492): VHDL Process Statement warning at sls_8bit_alu_beh_vhdl.vhd(178): signal "rlc" is read inside the Process Statement but isn't in the Process Statement's sensitivity list File: C:/Users/sls3445/Documents/DS2_Labs/Lab5/sls_8bit_alu_beh_vhdl/sls_8bit_alu_beh_vhdl.vhd Line: 178
Warning (10631): VHDL Process Statement warning at sls_8bit_alu_beh_vhdl.vhd(48): inferring latch(es) for signal or variable "shrl", which holds its previous value in one or more paths through the process File: C:/Users/sls3445/Documents/DS2_Labs/Lab5/sls_8bit_alu_beh_vhdl/sls_8bit_alu_beh_vhdl.vhd Line: 48
Warning (10631): VHDL Process Statement warning at sls_8bit_alu_beh_vhdl.vhd(48): inferring latch(es) for signal or variable "rlc", which holds its previous value in one or more paths through the process File: C:/Users/sls3445/Documents/DS2_Labs/Lab5/sls_8bit_alu_beh_vhdl/sls_8bit_alu_beh_vhdl.vhd Line: 48
Warning (10631): VHDL Process Statement warning at sls_8bit_alu_beh_vhdl.vhd(48): inferring latch(es) for signal or variable "carryout", which holds its previous value in one or more paths through the process File: C:/Users/sls3445/Documents/DS2_Labs/Lab5/sls_8bit_alu_beh_vhdl/sls_8bit_alu_beh_vhdl.vhd Line: 48
Info (10041): Inferred latch for "carryout" at sls_8bit_alu_beh_vhdl.vhd(48) File: C:/Users/sls3445/Documents/DS2_Labs/Lab5/sls_8bit_alu_beh_vhdl/sls_8bit_alu_beh_vhdl.vhd Line: 48
Info (10041): Inferred latch for "rlc[0]" at sls_8bit_alu_beh_vhdl.vhd(48) File: C:/Users/sls3445/Documents/DS2_Labs/Lab5/sls_8bit_alu_beh_vhdl/sls_8bit_alu_beh_vhdl.vhd Line: 48
Info (10041): Inferred latch for "rlc[1]" at sls_8bit_alu_beh_vhdl.vhd(48) File: C:/Users/sls3445/Documents/DS2_Labs/Lab5/sls_8bit_alu_beh_vhdl/sls_8bit_alu_beh_vhdl.vhd Line: 48
Info (10041): Inferred latch for "rlc[2]" at sls_8bit_alu_beh_vhdl.vhd(48) File: C:/Users/sls3445/Documents/DS2_Labs/Lab5/sls_8bit_alu_beh_vhdl/sls_8bit_alu_beh_vhdl.vhd Line: 48
Info (10041): Inferred latch for "rlc[3]" at sls_8bit_alu_beh_vhdl.vhd(48) File: C:/Users/sls3445/Documents/DS2_Labs/Lab5/sls_8bit_alu_beh_vhdl/sls_8bit_alu_beh_vhdl.vhd Line: 48
Info (10041): Inferred latch for "rlc[4]" at sls_8bit_alu_beh_vhdl.vhd(48) File: C:/Users/sls3445/Documents/DS2_Labs/Lab5/sls_8bit_alu_beh_vhdl/sls_8bit_alu_beh_vhdl.vhd Line: 48
Info (10041): Inferred latch for "rlc[5]" at sls_8bit_alu_beh_vhdl.vhd(48) File: C:/Users/sls3445/Documents/DS2_Labs/Lab5/sls_8bit_alu_beh_vhdl/sls_8bit_alu_beh_vhdl.vhd Line: 48
Info (10041): Inferred latch for "rlc[6]" at sls_8bit_alu_beh_vhdl.vhd(48) File: C:/Users/sls3445/Documents/DS2_Labs/Lab5/sls_8bit_alu_beh_vhdl/sls_8bit_alu_beh_vhdl.vhd Line: 48
Info (10041): Inferred latch for "rlc[7]" at sls_8bit_alu_beh_vhdl.vhd(48) File: C:/Users/sls3445/Documents/DS2_Labs/Lab5/sls_8bit_alu_beh_vhdl/sls_8bit_alu_beh_vhdl.vhd Line: 48
Info (10041): Inferred latch for "shrl[0]" at sls_8bit_alu_beh_vhdl.vhd(48) File: C:/Users/sls3445/Documents/DS2_Labs/Lab5/sls_8bit_alu_beh_vhdl/sls_8bit_alu_beh_vhdl.vhd Line: 48
Info (10041): Inferred latch for "shrl[1]" at sls_8bit_alu_beh_vhdl.vhd(48) File: C:/Users/sls3445/Documents/DS2_Labs/Lab5/sls_8bit_alu_beh_vhdl/sls_8bit_alu_beh_vhdl.vhd Line: 48
Info (10041): Inferred latch for "shrl[2]" at sls_8bit_alu_beh_vhdl.vhd(48) File: C:/Users/sls3445/Documents/DS2_Labs/Lab5/sls_8bit_alu_beh_vhdl/sls_8bit_alu_beh_vhdl.vhd Line: 48
Info (10041): Inferred latch for "shrl[3]" at sls_8bit_alu_beh_vhdl.vhd(48) File: C:/Users/sls3445/Documents/DS2_Labs/Lab5/sls_8bit_alu_beh_vhdl/sls_8bit_alu_beh_vhdl.vhd Line: 48
Info (10041): Inferred latch for "shrl[4]" at sls_8bit_alu_beh_vhdl.vhd(48) File: C:/Users/sls3445/Documents/DS2_Labs/Lab5/sls_8bit_alu_beh_vhdl/sls_8bit_alu_beh_vhdl.vhd Line: 48
Info (10041): Inferred latch for "shrl[5]" at sls_8bit_alu_beh_vhdl.vhd(48) File: C:/Users/sls3445/Documents/DS2_Labs/Lab5/sls_8bit_alu_beh_vhdl/sls_8bit_alu_beh_vhdl.vhd Line: 48
Info (10041): Inferred latch for "shrl[6]" at sls_8bit_alu_beh_vhdl.vhd(48) File: C:/Users/sls3445/Documents/DS2_Labs/Lab5/sls_8bit_alu_beh_vhdl/sls_8bit_alu_beh_vhdl.vhd Line: 48
Info (10041): Inferred latch for "shrl[7]" at sls_8bit_alu_beh_vhdl.vhd(48) File: C:/Users/sls3445/Documents/DS2_Labs/Lab5/sls_8bit_alu_beh_vhdl/sls_8bit_alu_beh_vhdl.vhd Line: 48
Warning (13012): Latch rlc[0] has unsafe behavior File: C:/Users/sls3445/Documents/DS2_Labs/Lab5/sls_8bit_alu_beh_vhdl/sls_8bit_alu_beh_vhdl.vhd Line: 48
    Warning (13013): Ports D and ENA on the latch are fed by the same signal Const_K[0] File: C:/Users/sls3445/Documents/DS2_Labs/Lab5/sls_8bit_alu_beh_vhdl/sls_8bit_alu_beh_vhdl.vhd Line: 19
Warning (13012): Latch shrl[0] has unsafe behavior File: C:/Users/sls3445/Documents/DS2_Labs/Lab5/sls_8bit_alu_beh_vhdl/sls_8bit_alu_beh_vhdl.vhd Line: 48
    Warning (13013): Ports D and ENA on the latch are fed by the same signal Const_K[0] File: C:/Users/sls3445/Documents/DS2_Labs/Lab5/sls_8bit_alu_beh_vhdl/sls_8bit_alu_beh_vhdl.vhd Line: 19
Warning (13012): Latch shrl[1] has unsafe behavior File: C:/Users/sls3445/Documents/DS2_Labs/Lab5/sls_8bit_alu_beh_vhdl/sls_8bit_alu_beh_vhdl.vhd Line: 48
    Warning (13013): Ports D and ENA on the latch are fed by the same signal Const_K[0] File: C:/Users/sls3445/Documents/DS2_Labs/Lab5/sls_8bit_alu_beh_vhdl/sls_8bit_alu_beh_vhdl.vhd Line: 19
Warning (13012): Latch rlc[1] has unsafe behavior File: C:/Users/sls3445/Documents/DS2_Labs/Lab5/sls_8bit_alu_beh_vhdl/sls_8bit_alu_beh_vhdl.vhd Line: 48
    Warning (13013): Ports D and ENA on the latch are fed by the same signal Const_K[0] File: C:/Users/sls3445/Documents/DS2_Labs/Lab5/sls_8bit_alu_beh_vhdl/sls_8bit_alu_beh_vhdl.vhd Line: 19
Warning (13012): Latch rlc[2] has unsafe behavior File: C:/Users/sls3445/Documents/DS2_Labs/Lab5/sls_8bit_alu_beh_vhdl/sls_8bit_alu_beh_vhdl.vhd Line: 48
    Warning (13013): Ports D and ENA on the latch are fed by the same signal Const_K[0] File: C:/Users/sls3445/Documents/DS2_Labs/Lab5/sls_8bit_alu_beh_vhdl/sls_8bit_alu_beh_vhdl.vhd Line: 19
Warning (13012): Latch shrl[2] has unsafe behavior File: C:/Users/sls3445/Documents/DS2_Labs/Lab5/sls_8bit_alu_beh_vhdl/sls_8bit_alu_beh_vhdl.vhd Line: 48
    Warning (13013): Ports D and ENA on the latch are fed by the same signal Const_K[0] File: C:/Users/sls3445/Documents/DS2_Labs/Lab5/sls_8bit_alu_beh_vhdl/sls_8bit_alu_beh_vhdl.vhd Line: 19
Warning (13012): Latch shrl[3] has unsafe behavior File: C:/Users/sls3445/Documents/DS2_Labs/Lab5/sls_8bit_alu_beh_vhdl/sls_8bit_alu_beh_vhdl.vhd Line: 48
    Warning (13013): Ports D and ENA on the latch are fed by the same signal Const_K[0] File: C:/Users/sls3445/Documents/DS2_Labs/Lab5/sls_8bit_alu_beh_vhdl/sls_8bit_alu_beh_vhdl.vhd Line: 19
Warning (13012): Latch rlc[3] has unsafe behavior File: C:/Users/sls3445/Documents/DS2_Labs/Lab5/sls_8bit_alu_beh_vhdl/sls_8bit_alu_beh_vhdl.vhd Line: 48
    Warning (13013): Ports D and ENA on the latch are fed by the same signal Const_K[0] File: C:/Users/sls3445/Documents/DS2_Labs/Lab5/sls_8bit_alu_beh_vhdl/sls_8bit_alu_beh_vhdl.vhd Line: 19
Warning (13012): Latch shrl[4] has unsafe behavior File: C:/Users/sls3445/Documents/DS2_Labs/Lab5/sls_8bit_alu_beh_vhdl/sls_8bit_alu_beh_vhdl.vhd Line: 48
    Warning (13013): Ports D and ENA on the latch are fed by the same signal Const_K[0] File: C:/Users/sls3445/Documents/DS2_Labs/Lab5/sls_8bit_alu_beh_vhdl/sls_8bit_alu_beh_vhdl.vhd Line: 19
Warning (13012): Latch rlc[4] has unsafe behavior File: C:/Users/sls3445/Documents/DS2_Labs/Lab5/sls_8bit_alu_beh_vhdl/sls_8bit_alu_beh_vhdl.vhd Line: 48
    Warning (13013): Ports D and ENA on the latch are fed by the same signal Const_K[0] File: C:/Users/sls3445/Documents/DS2_Labs/Lab5/sls_8bit_alu_beh_vhdl/sls_8bit_alu_beh_vhdl.vhd Line: 19
Warning (13012): Latch shrl[5] has unsafe behavior File: C:/Users/sls3445/Documents/DS2_Labs/Lab5/sls_8bit_alu_beh_vhdl/sls_8bit_alu_beh_vhdl.vhd Line: 48
    Warning (13013): Ports D and ENA on the latch are fed by the same signal Const_K[0] File: C:/Users/sls3445/Documents/DS2_Labs/Lab5/sls_8bit_alu_beh_vhdl/sls_8bit_alu_beh_vhdl.vhd Line: 19
Warning (13012): Latch rlc[5] has unsafe behavior File: C:/Users/sls3445/Documents/DS2_Labs/Lab5/sls_8bit_alu_beh_vhdl/sls_8bit_alu_beh_vhdl.vhd Line: 48
    Warning (13013): Ports D and ENA on the latch are fed by the same signal Const_K[0] File: C:/Users/sls3445/Documents/DS2_Labs/Lab5/sls_8bit_alu_beh_vhdl/sls_8bit_alu_beh_vhdl.vhd Line: 19
Warning (13012): Latch shrl[6] has unsafe behavior File: C:/Users/sls3445/Documents/DS2_Labs/Lab5/sls_8bit_alu_beh_vhdl/sls_8bit_alu_beh_vhdl.vhd Line: 48
    Warning (13013): Ports D and ENA on the latch are fed by the same signal Const_K[0] File: C:/Users/sls3445/Documents/DS2_Labs/Lab5/sls_8bit_alu_beh_vhdl/sls_8bit_alu_beh_vhdl.vhd Line: 19
Warning (13012): Latch rlc[6] has unsafe behavior File: C:/Users/sls3445/Documents/DS2_Labs/Lab5/sls_8bit_alu_beh_vhdl/sls_8bit_alu_beh_vhdl.vhd Line: 48
    Warning (13013): Ports D and ENA on the latch are fed by the same signal Const_K[0] File: C:/Users/sls3445/Documents/DS2_Labs/Lab5/sls_8bit_alu_beh_vhdl/sls_8bit_alu_beh_vhdl.vhd Line: 19
Warning (13012): Latch rlc[7] has unsafe behavior File: C:/Users/sls3445/Documents/DS2_Labs/Lab5/sls_8bit_alu_beh_vhdl/sls_8bit_alu_beh_vhdl.vhd Line: 48
    Warning (13013): Ports D and ENA on the latch are fed by the same signal Const_K[0] File: C:/Users/sls3445/Documents/DS2_Labs/Lab5/sls_8bit_alu_beh_vhdl/sls_8bit_alu_beh_vhdl.vhd Line: 19
Warning (13012): Latch carryout has unsafe behavior File: C:/Users/sls3445/Documents/DS2_Labs/Lab5/sls_8bit_alu_beh_vhdl/sls_8bit_alu_beh_vhdl.vhd Line: 48
    Warning (13013): Ports D and ENA on the latch are fed by the same signal Func_Sel[2] File: C:/Users/sls3445/Documents/DS2_Labs/Lab5/sls_8bit_alu_beh_vhdl/sls_8bit_alu_beh_vhdl.vhd Line: 17
Info (286030): Timing-Driven Synthesis is running
Info (16010): Generating hard_block partition "hard_block:auto_generated_inst"
    Info (16011): Adding 0 node(s), including 0 DDIO, 0 PLL, 0 transceiver and 0 LCELL
Info (21057): Implemented 251 device resources after synthesis - the final resource count might be different
    Info (21058): Implemented 23 input pins
    Info (21059): Implemented 12 output pins
    Info (21061): Implemented 216 logic cells
Info: Quartus Prime Analysis & Synthesis was successful. 0 errors, 38 warnings
    Info: Peak virtual memory: 4839 megabytes
    Info: Processing ended: Fri Feb 21 16:28:29 2025
    Info: Elapsed time: 00:00:09
    Info: Total CPU time (on all processors): 00:00:07


