Analysis & Synthesis report for dxp_PSLM_vhdl
Thu Apr 17 01:01:43 2025
Quartus Prime Version 18.1.0 Build 625 09/12/2018 SJ Lite Edition


---------------------
; Table of Contents ;
---------------------
  1. Legal Notice
  2. Analysis & Synthesis Summary
  3. Analysis & Synthesis Settings
  4. Parallel Compilation
  5. Analysis & Synthesis Source Files Read
  6. Analysis & Synthesis Resource Usage Summary
  7. Analysis & Synthesis Resource Utilization by Entity
  8. Registers Removed During Synthesis
  9. Removed Registers Triggering Further Register Optimizations
 10. General Register Statistics
 11. Parameter Settings for User Entity Instance: dxp_PSLM_stage_vhdl:stage0|dxp_nBitSFR_vhdl:mr_Reg
 12. Parameter Settings for User Entity Instance: dxp_PSLM_stage_vhdl:stage0|dxp_nBitSFR_vhdl:Md_Reg
 13. Parameter Settings for User Entity Instance: dxp_PSLM_stage_vhdl:stage0|dxp_nBitSFR_vhdl:FP_Reg
 14. Parameter Settings for User Entity Instance: dxp_PSLM_stage_vhdl:stage1|dxp_nBitSFR_vhdl:mr_Reg
 15. Parameter Settings for User Entity Instance: dxp_PSLM_stage_vhdl:stage1|dxp_nBitSFR_vhdl:Md_Reg
 16. Parameter Settings for User Entity Instance: dxp_PSLM_stage_vhdl:stage1|dxp_nBitSFR_vhdl:FP_Reg
 17. Parameter Settings for User Entity Instance: dxp_PSLM_stage_vhdl:stage2|dxp_nBitSFR_vhdl:mr_Reg
 18. Parameter Settings for User Entity Instance: dxp_PSLM_stage_vhdl:stage2|dxp_nBitSFR_vhdl:Md_Reg
 19. Parameter Settings for User Entity Instance: dxp_PSLM_stage_vhdl:stage2|dxp_nBitSFR_vhdl:FP_Reg
 20. Parameter Settings for User Entity Instance: dxp_PSLM_stage_vhdl:stage3|dxp_nBitSFR_vhdl:mr_Reg
 21. Parameter Settings for User Entity Instance: dxp_PSLM_stage_vhdl:stage3|dxp_nBitSFR_vhdl:Md_Reg
 22. Parameter Settings for User Entity Instance: dxp_PSLM_stage_vhdl:stage3|dxp_nBitSFR_vhdl:FP_Reg
 23. Port Connectivity Checks: "dxp_PSLM_stage_vhdl:stage3"
 24. Port Connectivity Checks: "dxp_PSLM_stage_vhdl:stage0|dxp_nBitSFR_vhdl:FP_Reg"
 25. Port Connectivity Checks: "dxp_PSLM_stage_vhdl:stage0|dxp_nBitSFR_vhdl:Md_Reg"
 26. Port Connectivity Checks: "dxp_PSLM_stage_vhdl:stage0|dxp_nBitSFR_vhdl:mr_Reg"
 27. Port Connectivity Checks: "dxp_PSLM_stage_vhdl:stage0"
 28. Post-Synthesis Netlist Statistics for Top Partition
 29. Elapsed Time Per Partition
 30. Analysis & Synthesis Messages



----------------
; Legal Notice ;
----------------
Copyright (C) 2018  Intel Corporation. All rights reserved.
Your use of Intel Corporation's design tools, logic functions 
and other software and tools, and its AMPP partner logic 
functions, and any output files from any of the foregoing 
(including device programming or simulation files), and any 
associated documentation or information are expressly subject 
to the terms and conditions of the Intel Program License 
Subscription Agreement, the Intel Quartus Prime License Agreement,
the Intel FPGA IP License Agreement, or other applicable license
agreement, including, without limitation, that your use is for
the sole purpose of programming logic devices manufactured by
Intel and sold by Intel or its authorized distributors.  Please
refer to the applicable agreement for further details.



+-------------------------------------------------------------------------------+
; Analysis & Synthesis Summary                                                  ;
+---------------------------------+---------------------------------------------+
; Analysis & Synthesis Status     ; Successful - Thu Apr 17 01:01:43 2025       ;
; Quartus Prime Version           ; 18.1.0 Build 625 09/12/2018 SJ Lite Edition ;
; Revision Name                   ; dxp_PSLM_vhdl                               ;
; Top-level Entity Name           ; dxp_PSLM_vhdl                               ;
; Family                          ; Cyclone V                                   ;
; Logic utilization (in ALMs)     ; N/A                                         ;
; Total registers                 ; 43                                          ;
; Total pins                      ; 18                                          ;
; Total virtual pins              ; 0                                           ;
; Total block memory bits         ; 0                                           ;
; Total DSP Blocks                ; 0                                           ;
; Total HSSI RX PCSs              ; 0                                           ;
; Total HSSI PMA RX Deserializers ; 0                                           ;
; Total HSSI TX PCSs              ; 0                                           ;
; Total HSSI PMA TX Serializers   ; 0                                           ;
; Total PLLs                      ; 0                                           ;
; Total DLLs                      ; 0                                           ;
+---------------------------------+---------------------------------------------+


+---------------------------------------------------------------------------------------------------------------------------+
; Analysis & Synthesis Settings                                                                                             ;
+---------------------------------------------------------------------------------+--------------------+--------------------+
; Option                                                                          ; Setting            ; Default Value      ;
+---------------------------------------------------------------------------------+--------------------+--------------------+
; Device                                                                          ; 5CEBA2F17A7        ;                    ;
; Top-level entity name                                                           ; dxp_PSLM_vhdl      ; dxp_PSLM_vhdl      ;
; Family name                                                                     ; Cyclone V          ; Cyclone V          ;
; Use smart compilation                                                           ; Off                ; Off                ;
; Enable parallel Assembler and Timing Analyzer during compilation                ; On                 ; On                 ;
; Enable compact report table                                                     ; Off                ; Off                ;
; Restructure Multiplexers                                                        ; Auto               ; Auto               ;
; MLAB Add Timing Constraints For Mixed-Port Feed-Through Mode Setting Don't Care ; Off                ; Off                ;
; Create Debugging Nodes for IP Cores                                             ; Off                ; Off                ;
; Preserve fewer node names                                                       ; On                 ; On                 ;
; Intel FPGA IP Evaluation Mode                                                   ; Enable             ; Enable             ;
; Verilog Version                                                                 ; Verilog_2001       ; Verilog_2001       ;
; VHDL Version                                                                    ; VHDL_1993          ; VHDL_1993          ;
; State Machine Processing                                                        ; Auto               ; Auto               ;
; Safe State Machine                                                              ; Off                ; Off                ;
; Extract Verilog State Machines                                                  ; On                 ; On                 ;
; Extract VHDL State Machines                                                     ; On                 ; On                 ;
; Ignore Verilog initial constructs                                               ; Off                ; Off                ;
; Iteration limit for constant Verilog loops                                      ; 5000               ; 5000               ;
; Iteration limit for non-constant Verilog loops                                  ; 250                ; 250                ;
; Add Pass-Through Logic to Inferred RAMs                                         ; On                 ; On                 ;
; Infer RAMs from Raw Logic                                                       ; On                 ; On                 ;
; Parallel Synthesis                                                              ; On                 ; On                 ;
; DSP Block Balancing                                                             ; Auto               ; Auto               ;
; NOT Gate Push-Back                                                              ; On                 ; On                 ;
; Power-Up Don't Care                                                             ; On                 ; On                 ;
; Remove Redundant Logic Cells                                                    ; Off                ; Off                ;
; Remove Duplicate Registers                                                      ; On                 ; On                 ;
; Ignore CARRY Buffers                                                            ; Off                ; Off                ;
; Ignore CASCADE Buffers                                                          ; Off                ; Off                ;
; Ignore GLOBAL Buffers                                                           ; Off                ; Off                ;
; Ignore ROW GLOBAL Buffers                                                       ; Off                ; Off                ;
; Ignore LCELL Buffers                                                            ; Off                ; Off                ;
; Ignore SOFT Buffers                                                             ; On                 ; On                 ;
; Limit AHDL Integers to 32 Bits                                                  ; Off                ; Off                ;
; Optimization Technique                                                          ; Balanced           ; Balanced           ;
; Carry Chain Length                                                              ; 70                 ; 70                 ;
; Auto Carry Chains                                                               ; On                 ; On                 ;
; Auto Open-Drain Pins                                                            ; On                 ; On                 ;
; Perform WYSIWYG Primitive Resynthesis                                           ; Off                ; Off                ;
; Auto ROM Replacement                                                            ; On                 ; On                 ;
; Auto RAM Replacement                                                            ; On                 ; On                 ;
; Auto DSP Block Replacement                                                      ; On                 ; On                 ;
; Auto Shift Register Replacement                                                 ; Auto               ; Auto               ;
; Allow Shift Register Merging across Hierarchies                                 ; Auto               ; Auto               ;
; Auto Clock Enable Replacement                                                   ; On                 ; On                 ;
; Strict RAM Replacement                                                          ; Off                ; Off                ;
; Allow Synchronous Control Signals                                               ; On                 ; On                 ;
; Force Use of Synchronous Clear Signals                                          ; Off                ; Off                ;
; Auto Resource Sharing                                                           ; Off                ; Off                ;
; Allow Any RAM Size For Recognition                                              ; Off                ; Off                ;
; Allow Any ROM Size For Recognition                                              ; Off                ; Off                ;
; Allow Any Shift Register Size For Recognition                                   ; Off                ; Off                ;
; Use LogicLock Constraints during Resource Balancing                             ; On                 ; On                 ;
; Ignore translate_off and synthesis_off directives                               ; Off                ; Off                ;
; Timing-Driven Synthesis                                                         ; On                 ; On                 ;
; Report Parameter Settings                                                       ; On                 ; On                 ;
; Report Source Assignments                                                       ; On                 ; On                 ;
; Report Connectivity Checks                                                      ; On                 ; On                 ;
; Ignore Maximum Fan-Out Assignments                                              ; Off                ; Off                ;
; Synchronization Register Chain Length                                           ; 3                  ; 3                  ;
; Power Optimization During Synthesis                                             ; Normal compilation ; Normal compilation ;
; HDL message level                                                               ; Level2             ; Level2             ;
; Suppress Register Optimization Related Messages                                 ; Off                ; Off                ;
; Number of Removed Registers Reported in Synthesis Report                        ; 5000               ; 5000               ;
; Number of Swept Nodes Reported in Synthesis Report                              ; 5000               ; 5000               ;
; Number of Inverted Registers Reported in Synthesis Report                       ; 100                ; 100                ;
; Clock MUX Protection                                                            ; On                 ; On                 ;
; Auto Gated Clock Conversion                                                     ; Off                ; Off                ;
; Block Design Naming                                                             ; Auto               ; Auto               ;
; SDC constraint protection                                                       ; Off                ; Off                ;
; Synthesis Effort                                                                ; Auto               ; Auto               ;
; Shift Register Replacement - Allow Asynchronous Clear Signal                    ; On                 ; On                 ;
; Pre-Mapping Resynthesis Optimization                                            ; Off                ; Off                ;
; Analysis & Synthesis Message Level                                              ; Medium             ; Medium             ;
; Disable Register Merging Across Hierarchies                                     ; Auto               ; Auto               ;
; Resource Aware Inference For Block RAM                                          ; On                 ; On                 ;
; Automatic Parallel Synthesis                                                    ; On                 ; On                 ;
; Partial Reconfiguration Bitstream ID                                            ; Off                ; Off                ;
+---------------------------------------------------------------------------------+--------------------+--------------------+


+------------------------------------------+
; Parallel Compilation                     ;
+----------------------------+-------------+
; Processors                 ; Number      ;
+----------------------------+-------------+
; Number detected on machine ; 16          ;
; Maximum allowed            ; 8           ;
;                            ;             ;
; Average used               ; 1.00        ;
; Maximum used               ; 8           ;
;                            ;             ;
; Usage by Processor         ; % Time Used ;
;     Processor 1            ; 100.0%      ;
;     Processors 2-8         ;   0.0%      ;
+----------------------------+-------------+


+---------------------------------------------------------------------------------------------------------------------------------------------------------------------------+
; Analysis & Synthesis Source Files Read                                                                                                                                    ;
+----------------------------------+-----------------+-----------------+------------------------------------------------------------------------------------------+---------+
; File Name with User-Entered Path ; Used in Netlist ; File Type       ; File Name with Absolute Path                                                             ; Library ;
+----------------------------------+-----------------+-----------------+------------------------------------------------------------------------------------------+---------+
; dxp_package.vhd                  ; yes             ; User VHDL File  ; C:/Users/sls3445/Documents/DS2_labs/Lab12/dxp_PSLM_vhdl_restored/dxp_package.vhd         ;         ;
; dxp_nBitSFR_vhdl.vhd             ; yes             ; User VHDL File  ; C:/Users/sls3445/Documents/DS2_labs/Lab12/dxp_PSLM_vhdl_restored/dxp_nBitSFR_vhdl.vhd    ;         ;
; dxp_PSLM_vhdl.vhd                ; yes             ; User VHDL File  ; C:/Users/sls3445/Documents/DS2_labs/Lab12/dxp_PSLM_vhdl_restored/dxp_PSLM_vhdl.vhd       ;         ;
; dxp_PSLM_stage_vhdl.vhd          ; yes             ; User VHDL File  ; C:/Users/sls3445/Documents/DS2_labs/Lab12/dxp_PSLM_vhdl_restored/dxp_PSLM_stage_vhdl.vhd ;         ;
+----------------------------------+-----------------+-----------------+------------------------------------------------------------------------------------------+---------+


+-----------------------------------------------------------+
; Analysis & Synthesis Resource Usage Summary               ;
+---------------------------------------------+-------------+
; Resource                                    ; Usage       ;
+---------------------------------------------+-------------+
; Estimate of Logic utilization (ALMs needed) ; 23          ;
;                                             ;             ;
; Combinational ALUT usage for logic          ; 19          ;
;     -- 7 input functions                    ; 0           ;
;     -- 6 input functions                    ; 0           ;
;     -- 5 input functions                    ; 0           ;
;     -- 4 input functions                    ; 0           ;
;     -- <=3 input functions                  ; 19          ;
;                                             ;             ;
; Dedicated logic registers                   ; 43          ;
;                                             ;             ;
; I/O pins                                    ; 18          ;
;                                             ;             ;
; Total DSP Blocks                            ; 0           ;
;                                             ;             ;
; Maximum fan-out node                        ; Clock~input ;
; Maximum fan-out                             ; 43          ;
; Total fan-out                               ; 210         ;
; Average fan-out                             ; 2.14        ;
+---------------------------------------------+-------------+


+---------------------------------------------------------------------------------------------------------------------------------------------------------------------------------------------------------------------------------------------------+
; Analysis & Synthesis Resource Utilization by Entity                                                                                                                                                                                               ;
+---------------------------------+---------------------+---------------------------+-------------------+------------+------+--------------+-------------------------------------------------------------------+---------------------+--------------+
; Compilation Hierarchy Node      ; Combinational ALUTs ; Dedicated Logic Registers ; Block Memory Bits ; DSP Blocks ; Pins ; Virtual Pins ; Full Hierarchy Name                                               ; Entity Name         ; Library Name ;
+---------------------------------+---------------------+---------------------------+-------------------+------------+------+--------------+-------------------------------------------------------------------+---------------------+--------------+
; |dxp_PSLM_vhdl                  ; 19 (0)              ; 43 (0)                    ; 0                 ; 0          ; 18   ; 0            ; |dxp_PSLM_vhdl                                                    ; dxp_PSLM_vhdl       ; work         ;
;    |dxp_PSLM_stage_vhdl:stage0| ; 4 (4)               ; 8 (0)                     ; 0                 ; 0          ; 0    ; 0            ; |dxp_PSLM_vhdl|dxp_PSLM_stage_vhdl:stage0                         ; dxp_PSLM_stage_vhdl ; work         ;
;       |dxp_nBitSFR_vhdl:Md_Reg| ; 0 (0)               ; 4 (4)                     ; 0                 ; 0          ; 0    ; 0            ; |dxp_PSLM_vhdl|dxp_PSLM_stage_vhdl:stage0|dxp_nBitSFR_vhdl:Md_Reg ; dxp_nBitSFR_vhdl    ; work         ;
;       |dxp_nBitSFR_vhdl:mr_Reg| ; 0 (0)               ; 4 (4)                     ; 0                 ; 0          ; 0    ; 0            ; |dxp_PSLM_vhdl|dxp_PSLM_stage_vhdl:stage0|dxp_nBitSFR_vhdl:mr_Reg ; dxp_nBitSFR_vhdl    ; work         ;
;    |dxp_PSLM_stage_vhdl:stage1| ; 5 (5)               ; 11 (0)                    ; 0                 ; 0          ; 0    ; 0            ; |dxp_PSLM_vhdl|dxp_PSLM_stage_vhdl:stage1                         ; dxp_PSLM_stage_vhdl ; work         ;
;       |dxp_nBitSFR_vhdl:FP_Reg| ; 0 (0)               ; 4 (4)                     ; 0                 ; 0          ; 0    ; 0            ; |dxp_PSLM_vhdl|dxp_PSLM_stage_vhdl:stage1|dxp_nBitSFR_vhdl:FP_Reg ; dxp_nBitSFR_vhdl    ; work         ;
;       |dxp_nBitSFR_vhdl:Md_Reg| ; 0 (0)               ; 4 (4)                     ; 0                 ; 0          ; 0    ; 0            ; |dxp_PSLM_vhdl|dxp_PSLM_stage_vhdl:stage1|dxp_nBitSFR_vhdl:Md_Reg ; dxp_nBitSFR_vhdl    ; work         ;
;       |dxp_nBitSFR_vhdl:mr_Reg| ; 0 (0)               ; 3 (3)                     ; 0                 ; 0          ; 0    ; 0            ; |dxp_PSLM_vhdl|dxp_PSLM_stage_vhdl:stage1|dxp_nBitSFR_vhdl:mr_Reg ; dxp_nBitSFR_vhdl    ; work         ;
;    |dxp_PSLM_stage_vhdl:stage2| ; 5 (5)               ; 12 (0)                    ; 0                 ; 0          ; 0    ; 0            ; |dxp_PSLM_vhdl|dxp_PSLM_stage_vhdl:stage2                         ; dxp_PSLM_stage_vhdl ; work         ;
;       |dxp_nBitSFR_vhdl:FP_Reg| ; 0 (0)               ; 6 (6)                     ; 0                 ; 0          ; 0    ; 0            ; |dxp_PSLM_vhdl|dxp_PSLM_stage_vhdl:stage2|dxp_nBitSFR_vhdl:FP_Reg ; dxp_nBitSFR_vhdl    ; work         ;
;       |dxp_nBitSFR_vhdl:Md_Reg| ; 0 (0)               ; 4 (4)                     ; 0                 ; 0          ; 0    ; 0            ; |dxp_PSLM_vhdl|dxp_PSLM_stage_vhdl:stage2|dxp_nBitSFR_vhdl:Md_Reg ; dxp_nBitSFR_vhdl    ; work         ;
;       |dxp_nBitSFR_vhdl:mr_Reg| ; 0 (0)               ; 2 (2)                     ; 0                 ; 0          ; 0    ; 0            ; |dxp_PSLM_vhdl|dxp_PSLM_stage_vhdl:stage2|dxp_nBitSFR_vhdl:mr_Reg ; dxp_nBitSFR_vhdl    ; work         ;
;    |dxp_PSLM_stage_vhdl:stage3| ; 5 (5)               ; 12 (0)                    ; 0                 ; 0          ; 0    ; 0            ; |dxp_PSLM_vhdl|dxp_PSLM_stage_vhdl:stage3                         ; dxp_PSLM_stage_vhdl ; work         ;
;       |dxp_nBitSFR_vhdl:FP_Reg| ; 0 (0)               ; 7 (7)                     ; 0                 ; 0          ; 0    ; 0            ; |dxp_PSLM_vhdl|dxp_PSLM_stage_vhdl:stage3|dxp_nBitSFR_vhdl:FP_Reg ; dxp_nBitSFR_vhdl    ; work         ;
;       |dxp_nBitSFR_vhdl:Md_Reg| ; 0 (0)               ; 4 (4)                     ; 0                 ; 0          ; 0    ; 0            ; |dxp_PSLM_vhdl|dxp_PSLM_stage_vhdl:stage3|dxp_nBitSFR_vhdl:Md_Reg ; dxp_nBitSFR_vhdl    ; work         ;
;       |dxp_nBitSFR_vhdl:mr_Reg| ; 0 (0)               ; 1 (1)                     ; 0                 ; 0          ; 0    ; 0            ; |dxp_PSLM_vhdl|dxp_PSLM_stage_vhdl:stage3|dxp_nBitSFR_vhdl:mr_Reg ; dxp_nBitSFR_vhdl    ; work         ;
+---------------------------------+---------------------+---------------------------+-------------------+------------+------+--------------+-------------------------------------------------------------------+---------------------+--------------+
Note: For table entries with two numbers listed, the numbers in parentheses indicate the number of resources of the given type used by the specific entity alone. The numbers listed outside of parentheses indicate the total resources of the given type used by the specific entity and all of its sub-entities in the hierarchy.


+--------------------------------------------------------------------------------------------------------+
; Registers Removed During Synthesis                                                                     ;
+---------------------------------------------------------------+----------------------------------------+
; Register name                                                 ; Reason for Removal                     ;
+---------------------------------------------------------------+----------------------------------------+
; dxp_PSLM_stage_vhdl:stage3|dxp_nBitSFR_vhdl:mr_Reg|Dout[1..3] ; Lost fanout                            ;
; dxp_PSLM_stage_vhdl:stage2|dxp_nBitSFR_vhdl:mr_Reg|Dout[2,3]  ; Lost fanout                            ;
; dxp_PSLM_stage_vhdl:stage1|dxp_nBitSFR_vhdl:mr_Reg|Dout[3]    ; Lost fanout                            ;
; dxp_PSLM_stage_vhdl:stage3|dxp_nBitSFR_vhdl:Md_Reg|Dout[0]    ; Stuck at GND due to stuck port data_in ;
; dxp_PSLM_stage_vhdl:stage2|dxp_nBitSFR_vhdl:Md_Reg|Dout[0]    ; Stuck at GND due to stuck port data_in ;
; dxp_PSLM_stage_vhdl:stage1|dxp_nBitSFR_vhdl:Md_Reg|Dout[0]    ; Stuck at GND due to stuck port data_in ;
; dxp_PSLM_stage_vhdl:stage0|dxp_nBitSFR_vhdl:FP_Reg|Dout[0..7] ; Stuck at GND due to stuck port data_in ;
; dxp_PSLM_stage_vhdl:stage0|dxp_nBitSFR_vhdl:Md_Reg|Dout[4..7] ; Stuck at GND due to stuck port data_in ;
; dxp_PSLM_stage_vhdl:stage3|dxp_nBitSFR_vhdl:Md_Reg|Dout[1]    ; Stuck at GND due to stuck port data_in ;
; dxp_PSLM_stage_vhdl:stage2|dxp_nBitSFR_vhdl:Md_Reg|Dout[1]    ; Stuck at GND due to stuck port data_in ;
; dxp_PSLM_stage_vhdl:stage1|dxp_nBitSFR_vhdl:Md_Reg|Dout[5..7] ; Stuck at GND due to stuck port data_in ;
; dxp_PSLM_stage_vhdl:stage3|dxp_nBitSFR_vhdl:Md_Reg|Dout[2]    ; Stuck at GND due to stuck port data_in ;
; dxp_PSLM_stage_vhdl:stage2|dxp_nBitSFR_vhdl:Md_Reg|Dout[6,7]  ; Stuck at GND due to stuck port data_in ;
; dxp_PSLM_stage_vhdl:stage3|dxp_nBitSFR_vhdl:Md_Reg|Dout[7]    ; Stuck at GND due to stuck port data_in ;
; dxp_PSLM_stage_vhdl:stage1|dxp_nBitSFR_vhdl:FP_Reg|Dout[4..7] ; Stuck at GND due to stuck port data_in ;
; dxp_PSLM_stage_vhdl:stage2|dxp_nBitSFR_vhdl:FP_Reg|Dout[6,7]  ; Stuck at GND due to stuck port data_in ;
; dxp_PSLM_stage_vhdl:stage3|dxp_nBitSFR_vhdl:FP_Reg|Dout[7]    ; Stuck at GND due to stuck port data_in ;
; Total Number of Removed Registers = 37                        ;                                        ;
+---------------------------------------------------------------+----------------------------------------+


+------------------------------------------------------------------------------------------------------------------------------------------------------+
; Removed Registers Triggering Further Register Optimizations                                                                                          ;
+------------------------------------------------------------+---------------------------+-------------------------------------------------------------+
; Register name                                              ; Reason for Removal        ; Registers Removed due to This Register                      ;
+------------------------------------------------------------+---------------------------+-------------------------------------------------------------+
; dxp_PSLM_stage_vhdl:stage1|dxp_nBitSFR_vhdl:Md_Reg|Dout[0] ; Stuck at GND              ; dxp_PSLM_stage_vhdl:stage2|dxp_nBitSFR_vhdl:Md_Reg|Dout[1], ;
;                                                            ; due to stuck port data_in ; dxp_PSLM_stage_vhdl:stage3|dxp_nBitSFR_vhdl:Md_Reg|Dout[2], ;
;                                                            ;                           ; dxp_PSLM_stage_vhdl:stage2|dxp_nBitSFR_vhdl:FP_Reg|Dout[6], ;
;                                                            ;                           ; dxp_PSLM_stage_vhdl:stage2|dxp_nBitSFR_vhdl:FP_Reg|Dout[7]  ;
; dxp_PSLM_stage_vhdl:stage0|dxp_nBitSFR_vhdl:FP_Reg|Dout[0] ; Stuck at GND              ; dxp_PSLM_stage_vhdl:stage1|dxp_nBitSFR_vhdl:FP_Reg|Dout[4], ;
;                                                            ; due to stuck port data_in ; dxp_PSLM_stage_vhdl:stage1|dxp_nBitSFR_vhdl:FP_Reg|Dout[5], ;
;                                                            ;                           ; dxp_PSLM_stage_vhdl:stage1|dxp_nBitSFR_vhdl:FP_Reg|Dout[6], ;
;                                                            ;                           ; dxp_PSLM_stage_vhdl:stage1|dxp_nBitSFR_vhdl:FP_Reg|Dout[7]  ;
; dxp_PSLM_stage_vhdl:stage0|dxp_nBitSFR_vhdl:Md_Reg|Dout[4] ; Stuck at GND              ; dxp_PSLM_stage_vhdl:stage1|dxp_nBitSFR_vhdl:Md_Reg|Dout[5], ;
;                                                            ; due to stuck port data_in ; dxp_PSLM_stage_vhdl:stage2|dxp_nBitSFR_vhdl:Md_Reg|Dout[6], ;
;                                                            ;                           ; dxp_PSLM_stage_vhdl:stage3|dxp_nBitSFR_vhdl:Md_Reg|Dout[7]  ;
; dxp_PSLM_stage_vhdl:stage2|dxp_nBitSFR_vhdl:Md_Reg|Dout[0] ; Stuck at GND              ; dxp_PSLM_stage_vhdl:stage3|dxp_nBitSFR_vhdl:Md_Reg|Dout[1], ;
;                                                            ; due to stuck port data_in ; dxp_PSLM_stage_vhdl:stage3|dxp_nBitSFR_vhdl:FP_Reg|Dout[7]  ;
; dxp_PSLM_stage_vhdl:stage0|dxp_nBitSFR_vhdl:Md_Reg|Dout[5] ; Stuck at GND              ; dxp_PSLM_stage_vhdl:stage1|dxp_nBitSFR_vhdl:Md_Reg|Dout[6], ;
;                                                            ; due to stuck port data_in ; dxp_PSLM_stage_vhdl:stage2|dxp_nBitSFR_vhdl:Md_Reg|Dout[7]  ;
; dxp_PSLM_stage_vhdl:stage0|dxp_nBitSFR_vhdl:Md_Reg|Dout[6] ; Stuck at GND              ; dxp_PSLM_stage_vhdl:stage1|dxp_nBitSFR_vhdl:Md_Reg|Dout[7]  ;
;                                                            ; due to stuck port data_in ;                                                             ;
+------------------------------------------------------------+---------------------------+-------------------------------------------------------------+


+------------------------------------------------------+
; General Register Statistics                          ;
+----------------------------------------------+-------+
; Statistic                                    ; Value ;
+----------------------------------------------+-------+
; Total registers                              ; 43    ;
; Number of registers using Synchronous Clear  ; 43    ;
; Number of registers using Synchronous Load   ; 0     ;
; Number of registers using Asynchronous Clear ; 0     ;
; Number of registers using Asynchronous Load  ; 0     ;
; Number of registers using Clock Enable       ; 0     ;
; Number of registers using Preset             ; 0     ;
+----------------------------------------------+-------+


+-------------------------------------------------------------------------------------------------+
; Parameter Settings for User Entity Instance: dxp_PSLM_stage_vhdl:stage0|dxp_nBitSFR_vhdl:mr_Reg ;
+----------------+-------+------------------------------------------------------------------------+
; Parameter Name ; Value ; Type                                                                   ;
+----------------+-------+------------------------------------------------------------------------+
; n              ; 4     ; Signed Integer                                                         ;
+----------------+-------+------------------------------------------------------------------------+
Note: In order to hide this table in the UI and the text report file, please set the "Show Parameter Settings in Synthesis Report" option in "Analysis and Synthesis Settings -> More Settings" to "Off".


+-------------------------------------------------------------------------------------------------+
; Parameter Settings for User Entity Instance: dxp_PSLM_stage_vhdl:stage0|dxp_nBitSFR_vhdl:Md_Reg ;
+----------------+-------+------------------------------------------------------------------------+
; Parameter Name ; Value ; Type                                                                   ;
+----------------+-------+------------------------------------------------------------------------+
; n              ; 8     ; Signed Integer                                                         ;
+----------------+-------+------------------------------------------------------------------------+
Note: In order to hide this table in the UI and the text report file, please set the "Show Parameter Settings in Synthesis Report" option in "Analysis and Synthesis Settings -> More Settings" to "Off".


+-------------------------------------------------------------------------------------------------+
; Parameter Settings for User Entity Instance: dxp_PSLM_stage_vhdl:stage0|dxp_nBitSFR_vhdl:FP_Reg ;
+----------------+-------+------------------------------------------------------------------------+
; Parameter Name ; Value ; Type                                                                   ;
+----------------+-------+------------------------------------------------------------------------+
; n              ; 8     ; Signed Integer                                                         ;
+----------------+-------+------------------------------------------------------------------------+
Note: In order to hide this table in the UI and the text report file, please set the "Show Parameter Settings in Synthesis Report" option in "Analysis and Synthesis Settings -> More Settings" to "Off".


+-------------------------------------------------------------------------------------------------+
; Parameter Settings for User Entity Instance: dxp_PSLM_stage_vhdl:stage1|dxp_nBitSFR_vhdl:mr_Reg ;
+----------------+-------+------------------------------------------------------------------------+
; Parameter Name ; Value ; Type                                                                   ;
+----------------+-------+------------------------------------------------------------------------+
; n              ; 4     ; Signed Integer                                                         ;
+----------------+-------+------------------------------------------------------------------------+
Note: In order to hide this table in the UI and the text report file, please set the "Show Parameter Settings in Synthesis Report" option in "Analysis and Synthesis Settings -> More Settings" to "Off".


+-------------------------------------------------------------------------------------------------+
; Parameter Settings for User Entity Instance: dxp_PSLM_stage_vhdl:stage1|dxp_nBitSFR_vhdl:Md_Reg ;
+----------------+-------+------------------------------------------------------------------------+
; Parameter Name ; Value ; Type                                                                   ;
+----------------+-------+------------------------------------------------------------------------+
; n              ; 8     ; Signed Integer                                                         ;
+----------------+-------+------------------------------------------------------------------------+
Note: In order to hide this table in the UI and the text report file, please set the "Show Parameter Settings in Synthesis Report" option in "Analysis and Synthesis Settings -> More Settings" to "Off".


+-------------------------------------------------------------------------------------------------+
; Parameter Settings for User Entity Instance: dxp_PSLM_stage_vhdl:stage1|dxp_nBitSFR_vhdl:FP_Reg ;
+----------------+-------+------------------------------------------------------------------------+
; Parameter Name ; Value ; Type                                                                   ;
+----------------+-------+------------------------------------------------------------------------+
; n              ; 8     ; Signed Integer                                                         ;
+----------------+-------+------------------------------------------------------------------------+
Note: In order to hide this table in the UI and the text report file, please set the "Show Parameter Settings in Synthesis Report" option in "Analysis and Synthesis Settings -> More Settings" to "Off".


+-------------------------------------------------------------------------------------------------+
; Parameter Settings for User Entity Instance: dxp_PSLM_stage_vhdl:stage2|dxp_nBitSFR_vhdl:mr_Reg ;
+----------------+-------+------------------------------------------------------------------------+
; Parameter Name ; Value ; Type                                                                   ;
+----------------+-------+------------------------------------------------------------------------+
; n              ; 4     ; Signed Integer                                                         ;
+----------------+-------+------------------------------------------------------------------------+
Note: In order to hide this table in the UI and the text report file, please set the "Show Parameter Settings in Synthesis Report" option in "Analysis and Synthesis Settings -> More Settings" to "Off".


+-------------------------------------------------------------------------------------------------+
; Parameter Settings for User Entity Instance: dxp_PSLM_stage_vhdl:stage2|dxp_nBitSFR_vhdl:Md_Reg ;
+----------------+-------+------------------------------------------------------------------------+
; Parameter Name ; Value ; Type                                                                   ;
+----------------+-------+------------------------------------------------------------------------+
; n              ; 8     ; Signed Integer                                                         ;
+----------------+-------+------------------------------------------------------------------------+
Note: In order to hide this table in the UI and the text report file, please set the "Show Parameter Settings in Synthesis Report" option in "Analysis and Synthesis Settings -> More Settings" to "Off".


+-------------------------------------------------------------------------------------------------+
; Parameter Settings for User Entity Instance: dxp_PSLM_stage_vhdl:stage2|dxp_nBitSFR_vhdl:FP_Reg ;
+----------------+-------+------------------------------------------------------------------------+
; Parameter Name ; Value ; Type                                                                   ;
+----------------+-------+------------------------------------------------------------------------+
; n              ; 8     ; Signed Integer                                                         ;
+----------------+-------+------------------------------------------------------------------------+
Note: In order to hide this table in the UI and the text report file, please set the "Show Parameter Settings in Synthesis Report" option in "Analysis and Synthesis Settings -> More Settings" to "Off".


+-------------------------------------------------------------------------------------------------+
; Parameter Settings for User Entity Instance: dxp_PSLM_stage_vhdl:stage3|dxp_nBitSFR_vhdl:mr_Reg ;
+----------------+-------+------------------------------------------------------------------------+
; Parameter Name ; Value ; Type                                                                   ;
+----------------+-------+------------------------------------------------------------------------+
; n              ; 4     ; Signed Integer                                                         ;
+----------------+-------+------------------------------------------------------------------------+
Note: In order to hide this table in the UI and the text report file, please set the "Show Parameter Settings in Synthesis Report" option in "Analysis and Synthesis Settings -> More Settings" to "Off".


+-------------------------------------------------------------------------------------------------+
; Parameter Settings for User Entity Instance: dxp_PSLM_stage_vhdl:stage3|dxp_nBitSFR_vhdl:Md_Reg ;
+----------------+-------+------------------------------------------------------------------------+
; Parameter Name ; Value ; Type                                                                   ;
+----------------+-------+------------------------------------------------------------------------+
; n              ; 8     ; Signed Integer                                                         ;
+----------------+-------+------------------------------------------------------------------------+
Note: In order to hide this table in the UI and the text report file, please set the "Show Parameter Settings in Synthesis Report" option in "Analysis and Synthesis Settings -> More Settings" to "Off".


+-------------------------------------------------------------------------------------------------+
; Parameter Settings for User Entity Instance: dxp_PSLM_stage_vhdl:stage3|dxp_nBitSFR_vhdl:FP_Reg ;
+----------------+-------+------------------------------------------------------------------------+
; Parameter Name ; Value ; Type                                                                   ;
+----------------+-------+------------------------------------------------------------------------+
; n              ; 8     ; Signed Integer                                                         ;
+----------------+-------+------------------------------------------------------------------------+
Note: In order to hide this table in the UI and the text report file, please set the "Show Parameter Settings in Synthesis Report" option in "Analysis and Synthesis Settings -> More Settings" to "Off".


+----------------------------------------------------------------------------------------------------------------------+
; Port Connectivity Checks: "dxp_PSLM_stage_vhdl:stage3"                                                               ;
+------------+--------+----------+-------------------------------------------------------------------------------------+
; Port       ; Type   ; Severity ; Details                                                                             ;
+------------+--------+----------+-------------------------------------------------------------------------------------+
; mr_shr_out ; Output ; Info     ; Connected to dangling logic. Logic that only feeds a dangling port will be removed. ;
; md_shl_out ; Output ; Info     ; Connected to dangling logic. Logic that only feeds a dangling port will be removed. ;
+------------+--------+----------+-------------------------------------------------------------------------------------+


+------------------------------------------------------------------------------------------------------------------+
; Port Connectivity Checks: "dxp_PSLM_stage_vhdl:stage0|dxp_nBitSFR_vhdl:FP_Reg"                                   ;
+--------+--------+----------+-------------------------------------------------------------------------------------+
; Port   ; Type   ; Severity ; Details                                                                             ;
+--------+--------+----------+-------------------------------------------------------------------------------------+
; sdinl  ; Input  ; Info     ; Stuck at GND                                                                        ;
; sdinr  ; Input  ; Info     ; Stuck at GND                                                                        ;
; shr    ; Input  ; Info     ; Stuck at GND                                                                        ;
; shl    ; Input  ; Info     ; Stuck at GND                                                                        ;
; sdoutr ; Output ; Info     ; Connected to dangling logic. Logic that only feeds a dangling port will be removed. ;
; sdoutl ; Output ; Info     ; Connected to dangling logic. Logic that only feeds a dangling port will be removed. ;
+--------+--------+----------+-------------------------------------------------------------------------------------+


+------------------------------------------------------------------------------------------------------------------+
; Port Connectivity Checks: "dxp_PSLM_stage_vhdl:stage0|dxp_nBitSFR_vhdl:Md_Reg"                                   ;
+--------+--------+----------+-------------------------------------------------------------------------------------+
; Port   ; Type   ; Severity ; Details                                                                             ;
+--------+--------+----------+-------------------------------------------------------------------------------------+
; sdinl  ; Input  ; Info     ; Stuck at GND                                                                        ;
; sdinr  ; Input  ; Info     ; Stuck at GND                                                                        ;
; shr    ; Input  ; Info     ; Stuck at GND                                                                        ;
; shl    ; Input  ; Info     ; Stuck at GND                                                                        ;
; sdoutr ; Output ; Info     ; Connected to dangling logic. Logic that only feeds a dangling port will be removed. ;
; sdoutl ; Output ; Info     ; Connected to dangling logic. Logic that only feeds a dangling port will be removed. ;
+--------+--------+----------+-------------------------------------------------------------------------------------+


+------------------------------------------------------------------------------------------------------------------+
; Port Connectivity Checks: "dxp_PSLM_stage_vhdl:stage0|dxp_nBitSFR_vhdl:mr_Reg"                                   ;
+--------+--------+----------+-------------------------------------------------------------------------------------+
; Port   ; Type   ; Severity ; Details                                                                             ;
+--------+--------+----------+-------------------------------------------------------------------------------------+
; sdinl  ; Input  ; Info     ; Stuck at GND                                                                        ;
; sdinr  ; Input  ; Info     ; Stuck at GND                                                                        ;
; shr    ; Input  ; Info     ; Stuck at GND                                                                        ;
; shl    ; Input  ; Info     ; Stuck at GND                                                                        ;
; sdoutr ; Output ; Info     ; Connected to dangling logic. Logic that only feeds a dangling port will be removed. ;
; sdoutl ; Output ; Info     ; Connected to dangling logic. Logic that only feeds a dangling port will be removed. ;
+--------+--------+----------+-------------------------------------------------------------------------------------+


+--------------------------------------------------------+
; Port Connectivity Checks: "dxp_PSLM_stage_vhdl:stage0" ;
+--------------+-------+----------+----------------------+
; Port         ; Type  ; Severity ; Details              ;
+--------------+-------+----------+----------------------+
; md_din[7..4] ; Input ; Info     ; Stuck at GND         ;
; fp_din       ; Input ; Info     ; Stuck at GND         ;
+--------------+-------+----------+----------------------+


+-----------------------------------------------------+
; Post-Synthesis Netlist Statistics for Top Partition ;
+-----------------------+-----------------------------+
; Type                  ; Count                       ;
+-----------------------+-----------------------------+
; arriav_ff             ; 43                          ;
;     SCLR              ; 43                          ;
; arriav_lcell_comb     ; 19                          ;
;     arith             ; 15                          ;
;         0 data inputs ; 3                           ;
;         2 data inputs ; 1                           ;
;         3 data inputs ; 11                          ;
;     normal            ; 4                           ;
;         2 data inputs ; 4                           ;
; boundary_port         ; 18                          ;
;                       ;                             ;
; Max LUT depth         ; 1.40                        ;
; Average LUT depth     ; 0.92                        ;
+-----------------------+-----------------------------+


+-------------------------------+
; Elapsed Time Per Partition    ;
+----------------+--------------+
; Partition Name ; Elapsed Time ;
+----------------+--------------+
; Top            ; 00:00:00     ;
+----------------+--------------+


+-------------------------------+
; Analysis & Synthesis Messages ;
+-------------------------------+
Info: *******************************************************************
Info: Running Quartus Prime Analysis & Synthesis
    Info: Version 18.1.0 Build 625 09/12/2018 SJ Lite Edition
    Info: Processing started: Thu Apr 17 01:01:34 2025
Info: Command: quartus_map --read_settings_files=on --write_settings_files=off dxp_PSLM_vhdl -c dxp_PSLM_vhdl
Warning (18236): Number of processors has not been specified which may cause overloading on shared machines.  Set the global assignment NUM_PARALLEL_PROCESSORS in your QSF to an appropriate value for best performance.
Info (20030): Parallel compilation is enabled and will use 8 of the 8 processors detected
Info (12021): Found 2 design units, including 1 entities, in source file dxp_pslm_vhdl_tb.vhd
    Info (12022): Found design unit 1: dxp_PSLM_vhdl_tb-behavior File: C:/Users/sls3445/Documents/DS2_labs/Lab12/dxp_PSLM_vhdl_restored/dxp_PSLM_vhdl_tb.vhd Line: 18
    Info (12023): Found entity 1: dxp_PSLM_vhdl_tb File: C:/Users/sls3445/Documents/DS2_labs/Lab12/dxp_PSLM_vhdl_restored/dxp_PSLM_vhdl_tb.vhd Line: 13
Info (12021): Found 1 design units, including 0 entities, in source file dxp_package.vhd
    Info (12022): Found design unit 1: dxp_package File: C:/Users/sls3445/Documents/DS2_labs/Lab12/dxp_PSLM_vhdl_restored/dxp_package.vhd Line: 4
Info (12021): Found 2 design units, including 1 entities, in source file dxp_nbitsfr_vhdl.vhd
    Info (12022): Found design unit 1: dxp_nBitSFR_vhdl-dxp_Behavior File: C:/Users/sls3445/Documents/DS2_labs/Lab12/dxp_PSLM_vhdl_restored/dxp_nBitSFR_vhdl.vhd Line: 13
    Info (12023): Found entity 1: dxp_nBitSFR_vhdl File: C:/Users/sls3445/Documents/DS2_labs/Lab12/dxp_PSLM_vhdl_restored/dxp_nBitSFR_vhdl.vhd Line: 4
Info (12021): Found 2 design units, including 1 entities, in source file dxp_pslm_vhdl.vhd
    Info (12022): Found design unit 1: dxp_PSLM_vhdl-pipe File: C:/Users/sls3445/Documents/DS2_labs/Lab12/dxp_PSLM_vhdl_restored/dxp_PSLM_vhdl.vhd Line: 21
    Info (12023): Found entity 1: dxp_PSLM_vhdl File: C:/Users/sls3445/Documents/DS2_labs/Lab12/dxp_PSLM_vhdl_restored/dxp_PSLM_vhdl.vhd Line: 15
Info (12021): Found 2 design units, including 1 entities, in source file dxp_pslm_stage_vhdl.vhd
    Info (12022): Found design unit 1: dxp_PSLM_stage_vhdl-structural File: C:/Users/sls3445/Documents/DS2_labs/Lab12/dxp_PSLM_vhdl_restored/dxp_PSLM_stage_vhdl.vhd Line: 17
    Info (12023): Found entity 1: dxp_PSLM_stage_vhdl File: C:/Users/sls3445/Documents/DS2_labs/Lab12/dxp_PSLM_vhdl_restored/dxp_PSLM_stage_vhdl.vhd Line: 9
Info (12127): Elaborating entity "dxp_PSLM_vhdl" for the top level hierarchy
Warning (10036): Verilog HDL or VHDL warning at dxp_PSLM_vhdl.vhd(24): object "mr_shr_out_3" assigned a value but never read File: C:/Users/sls3445/Documents/DS2_labs/Lab12/dxp_PSLM_vhdl_restored/dxp_PSLM_vhdl.vhd Line: 24
Warning (10036): Verilog HDL or VHDL warning at dxp_PSLM_vhdl.vhd(26): object "Md_shl_out_3" assigned a value but never read File: C:/Users/sls3445/Documents/DS2_labs/Lab12/dxp_PSLM_vhdl_restored/dxp_PSLM_vhdl.vhd Line: 26
Info (12128): Elaborating entity "dxp_PSLM_stage_vhdl" for hierarchy "dxp_PSLM_stage_vhdl:stage0" File: C:/Users/sls3445/Documents/DS2_labs/Lab12/dxp_PSLM_vhdl_restored/dxp_PSLM_vhdl.vhd Line: 38
Warning (10036): Verilog HDL or VHDL warning at dxp_PSLM_stage_vhdl.vhd(21): object "mrSDoutR" assigned a value but never read File: C:/Users/sls3445/Documents/DS2_labs/Lab12/dxp_PSLM_vhdl_restored/dxp_PSLM_stage_vhdl.vhd Line: 21
Warning (10036): Verilog HDL or VHDL warning at dxp_PSLM_stage_vhdl.vhd(21): object "mrSDoutL" assigned a value but never read File: C:/Users/sls3445/Documents/DS2_labs/Lab12/dxp_PSLM_vhdl_restored/dxp_PSLM_stage_vhdl.vhd Line: 21
Warning (10036): Verilog HDL or VHDL warning at dxp_PSLM_stage_vhdl.vhd(21): object "MdSDoutR" assigned a value but never read File: C:/Users/sls3445/Documents/DS2_labs/Lab12/dxp_PSLM_vhdl_restored/dxp_PSLM_stage_vhdl.vhd Line: 21
Warning (10036): Verilog HDL or VHDL warning at dxp_PSLM_stage_vhdl.vhd(21): object "MdSDoutL" assigned a value but never read File: C:/Users/sls3445/Documents/DS2_labs/Lab12/dxp_PSLM_vhdl_restored/dxp_PSLM_stage_vhdl.vhd Line: 21
Warning (10036): Verilog HDL or VHDL warning at dxp_PSLM_stage_vhdl.vhd(21): object "FPSDoutR" assigned a value but never read File: C:/Users/sls3445/Documents/DS2_labs/Lab12/dxp_PSLM_vhdl_restored/dxp_PSLM_stage_vhdl.vhd Line: 21
Warning (10036): Verilog HDL or VHDL warning at dxp_PSLM_stage_vhdl.vhd(21): object "FPSDoutL" assigned a value but never read File: C:/Users/sls3445/Documents/DS2_labs/Lab12/dxp_PSLM_vhdl_restored/dxp_PSLM_stage_vhdl.vhd Line: 21
Info (12128): Elaborating entity "dxp_nBitSFR_vhdl" for hierarchy "dxp_PSLM_stage_vhdl:stage0|dxp_nBitSFR_vhdl:mr_Reg" File: C:/Users/sls3445/Documents/DS2_labs/Lab12/dxp_PSLM_vhdl_restored/dxp_PSLM_stage_vhdl.vhd Line: 26
Warning (10492): VHDL Process Statement warning at dxp_nBitSFR_vhdl.vhd(25): signal "Dout" is read inside the Process Statement but isn't in the Process Statement's sensitivity list File: C:/Users/sls3445/Documents/DS2_labs/Lab12/dxp_PSLM_vhdl_restored/dxp_nBitSFR_vhdl.vhd Line: 25
Warning (10492): VHDL Process Statement warning at dxp_nBitSFR_vhdl.vhd(25): signal "SDoutR" is read inside the Process Statement but isn't in the Process Statement's sensitivity list File: C:/Users/sls3445/Documents/DS2_labs/Lab12/dxp_PSLM_vhdl_restored/dxp_nBitSFR_vhdl.vhd Line: 25
Warning (10492): VHDL Process Statement warning at dxp_nBitSFR_vhdl.vhd(25): signal "SDoutL" is read inside the Process Statement but isn't in the Process Statement's sensitivity list File: C:/Users/sls3445/Documents/DS2_labs/Lab12/dxp_PSLM_vhdl_restored/dxp_nBitSFR_vhdl.vhd Line: 25
Info (12128): Elaborating entity "dxp_nBitSFR_vhdl" for hierarchy "dxp_PSLM_stage_vhdl:stage0|dxp_nBitSFR_vhdl:Md_Reg" File: C:/Users/sls3445/Documents/DS2_labs/Lab12/dxp_PSLM_vhdl_restored/dxp_PSLM_stage_vhdl.vhd Line: 29
Warning (10492): VHDL Process Statement warning at dxp_nBitSFR_vhdl.vhd(25): signal "Dout" is read inside the Process Statement but isn't in the Process Statement's sensitivity list File: C:/Users/sls3445/Documents/DS2_labs/Lab12/dxp_PSLM_vhdl_restored/dxp_nBitSFR_vhdl.vhd Line: 25
Warning (10492): VHDL Process Statement warning at dxp_nBitSFR_vhdl.vhd(25): signal "SDoutR" is read inside the Process Statement but isn't in the Process Statement's sensitivity list File: C:/Users/sls3445/Documents/DS2_labs/Lab12/dxp_PSLM_vhdl_restored/dxp_nBitSFR_vhdl.vhd Line: 25
Warning (10492): VHDL Process Statement warning at dxp_nBitSFR_vhdl.vhd(25): signal "SDoutL" is read inside the Process Statement but isn't in the Process Statement's sensitivity list File: C:/Users/sls3445/Documents/DS2_labs/Lab12/dxp_PSLM_vhdl_restored/dxp_nBitSFR_vhdl.vhd Line: 25
Info (286030): Timing-Driven Synthesis is running
Info (17049): 6 registers lost all their fanouts during netlist optimizations.
Info (16010): Generating hard_block partition "hard_block:auto_generated_inst"
    Info (16011): Adding 0 node(s), including 0 DDIO, 0 PLL, 0 transceiver and 0 LCELL
Info (21057): Implemented 66 device resources after synthesis - the final resource count might be different
    Info (21058): Implemented 10 input pins
    Info (21059): Implemented 8 output pins
    Info (21061): Implemented 48 logic cells
Info: Quartus Prime Analysis & Synthesis was successful. 0 errors, 15 warnings
    Info: Peak virtual memory: 4896 megabytes
    Info: Processing ended: Thu Apr 17 01:01:43 2025
    Info: Elapsed time: 00:00:09
    Info: Total CPU time (on all processors): 00:00:06


