Analysis & Synthesis report for sls_8bit_alu_struc_vhdl
Tue Mar 25 17:48:57 2025
Quartus Prime Version 18.1.0 Build 625 09/12/2018 SJ Lite Edition


---------------------
; Table of Contents ;
---------------------
  1. Legal Notice
  2. Analysis & Synthesis Summary
  3. Analysis & Synthesis Settings
  4. Parallel Compilation
  5. Analysis & Synthesis Source Files Read
  6. Analysis & Synthesis Resource Usage Summary
  7. Analysis & Synthesis Resource Utilization by Entity
  8. General Register Statistics
  9. Multiplexer Restructuring Statistics (Restructuring Performed)
 10. Parameter Settings for User Entity Instance: sls_8bit_alu_struc_vhdl:cut|sls_nbit_mux4to1_vhdl:result_mux
 11. Parameter Settings for User Entity Instance: sls_8bit_alu_struc_vhdl:cut|sls_nbit_mux4to1_vhdl:result_mux|sls_nbit_mux2to1_vhdl:upper_bits
 12. Parameter Settings for User Entity Instance: sls_8bit_alu_struc_vhdl:cut|sls_nbit_mux4to1_vhdl:result_mux|sls_nbit_mux2to1_vhdl:lower_bits
 13. Parameter Settings for User Entity Instance: sls_8bit_alu_struc_vhdl:cut|sls_nbit_mux4to1_vhdl:result_mux|sls_nbit_mux2to1_vhdl:combined
 14. Parameter Settings for User Entity Instance: sls_8bit_alu_struc_vhdl:cut|sls_nbit_mux4to1_vhdl:cnvz_mux
 15. Parameter Settings for User Entity Instance: sls_8bit_alu_struc_vhdl:cut|sls_nbit_mux4to1_vhdl:cnvz_mux|sls_nbit_mux2to1_vhdl:upper_bits
 16. Parameter Settings for User Entity Instance: sls_8bit_alu_struc_vhdl:cut|sls_nbit_mux4to1_vhdl:cnvz_mux|sls_nbit_mux2to1_vhdl:lower_bits
 17. Parameter Settings for User Entity Instance: sls_8bit_alu_struc_vhdl:cut|sls_nbit_mux4to1_vhdl:cnvz_mux|sls_nbit_mux2to1_vhdl:combined
 18. Parameter Settings for User Entity Instance: sls_8bit_alu_struc_vhdl:cut|sls_8bit_arith_unit_vhdl:arith_unit|sls_8bit_add_sub_vhdl:adder
 19. Parameter Settings for User Entity Instance: sls_8bit_alu_struc_vhdl:cut|sls_8bit_arith_unit_vhdl:arith_unit|sls_nbit_mux2to1_vhdl:yselect_mux
 20. Parameter Settings for User Entity Instance: sls_8bit_alu_struc_vhdl:cut|sls_8bit_logic_unit_vhdl:logic_unit|sls_nbit_mux4to1_vhdl:logic_mux
 21. Parameter Settings for User Entity Instance: sls_8bit_alu_struc_vhdl:cut|sls_8bit_logic_unit_vhdl:logic_unit|sls_nbit_mux4to1_vhdl:logic_mux|sls_nbit_mux2to1_vhdl:upper_bits
 22. Parameter Settings for User Entity Instance: sls_8bit_alu_struc_vhdl:cut|sls_8bit_logic_unit_vhdl:logic_unit|sls_nbit_mux4to1_vhdl:logic_mux|sls_nbit_mux2to1_vhdl:lower_bits
 23. Parameter Settings for User Entity Instance: sls_8bit_alu_struc_vhdl:cut|sls_8bit_logic_unit_vhdl:logic_unit|sls_nbit_mux4to1_vhdl:logic_mux|sls_nbit_mux2to1_vhdl:combined
 24. Parameter Settings for User Entity Instance: sls_8bit_alu_struc_vhdl:cut|sls_8bit_sr_unit_vhdl:sr_unit|sls_nbit_mux4to1_vhdl:sr_mux
 25. Parameter Settings for User Entity Instance: sls_8bit_alu_struc_vhdl:cut|sls_8bit_sr_unit_vhdl:sr_unit|sls_nbit_mux4to1_vhdl:sr_mux|sls_nbit_mux2to1_vhdl:upper_bits
 26. Parameter Settings for User Entity Instance: sls_8bit_alu_struc_vhdl:cut|sls_8bit_sr_unit_vhdl:sr_unit|sls_nbit_mux4to1_vhdl:sr_mux|sls_nbit_mux2to1_vhdl:lower_bits
 27. Parameter Settings for User Entity Instance: sls_8bit_alu_struc_vhdl:cut|sls_8bit_sr_unit_vhdl:sr_unit|sls_nbit_mux4to1_vhdl:sr_mux|sls_nbit_mux2to1_vhdl:combined
 28. Parameter Settings for User Entity Instance: sls_8bit_alu_struc_vhdl:cut|sls_8bit_const_unit_vhdl:const_unit|sls_nbit_mux4to1_vhdl:const_mux
 29. Parameter Settings for User Entity Instance: sls_8bit_alu_struc_vhdl:cut|sls_8bit_const_unit_vhdl:const_unit|sls_nbit_mux4to1_vhdl:const_mux|sls_nbit_mux2to1_vhdl:upper_bits
 30. Parameter Settings for User Entity Instance: sls_8bit_alu_struc_vhdl:cut|sls_8bit_const_unit_vhdl:const_unit|sls_nbit_mux4to1_vhdl:const_mux|sls_nbit_mux2to1_vhdl:lower_bits
 31. Parameter Settings for User Entity Instance: sls_8bit_alu_struc_vhdl:cut|sls_8bit_const_unit_vhdl:const_unit|sls_nbit_mux4to1_vhdl:const_mux|sls_nbit_mux2to1_vhdl:combined
 32. Port Connectivity Checks: "sls_8bit_alu_struc_vhdl:cut|sls_8bit_const_unit_vhdl:const_unit|sls_nbit_mux4to1_vhdl:const_mux"
 33. Port Connectivity Checks: "sls_8bit_alu_struc_vhdl:cut|sls_8bit_arith_unit_vhdl:arith_unit|sls_nbit_mux2to1_vhdl:yselect_mux"
 34. Port Connectivity Checks: "sls_8bit_alu_struc_vhdl:cut"
 35. Post-Synthesis Netlist Statistics for Top Partition
 36. Elapsed Time Per Partition
 37. Analysis & Synthesis Messages



----------------
; Legal Notice ;
----------------
Copyright (C) 2018  Intel Corporation. All rights reserved.
Your use of Intel Corporation's design tools, logic functions 
and other software and tools, and its AMPP partner logic 
functions, and any output files from any of the foregoing 
(including device programming or simulation files), and any 
associated documentation or information are expressly subject 
to the terms and conditions of the Intel Program License 
Subscription Agreement, the Intel Quartus Prime License Agreement,
the Intel FPGA IP License Agreement, or other applicable license
agreement, including, without limitation, that your use is for
the sole purpose of programming logic devices manufactured by
Intel and sold by Intel or its authorized distributors.  Please
refer to the applicable agreement for further details.



+----------------------------------------------------------------------------------+
; Analysis & Synthesis Summary                                                     ;
+------------------------------------+---------------------------------------------+
; Analysis & Synthesis Status        ; Successful - Tue Mar 25 17:48:57 2025       ;
; Quartus Prime Version              ; 18.1.0 Build 625 09/12/2018 SJ Lite Edition ;
; Revision Name                      ; sls_8bit_alu_struc_vhdl                     ;
; Top-level Entity Name              ; sls_fpga_emulation                          ;
; Family                             ; Cyclone IV E                                ;
; Total logic elements               ; 32                                          ;
;     Total combinational functions  ; 32                                          ;
;     Dedicated logic registers      ; 0                                           ;
; Total registers                    ; 0                                           ;
; Total pins                         ; 14                                          ;
; Total virtual pins                 ; 0                                           ;
; Total memory bits                  ; 0                                           ;
; Embedded Multiplier 9-bit elements ; 0                                           ;
; Total PLLs                         ; 0                                           ;
+------------------------------------+---------------------------------------------+


+-----------------------------------------------------------------------------------------------------------------+
; Analysis & Synthesis Settings                                                                                   ;
+------------------------------------------------------------------+--------------------+-------------------------+
; Option                                                           ; Setting            ; Default Value           ;
+------------------------------------------------------------------+--------------------+-------------------------+
; Device                                                           ; EP4CE22F17C6       ;                         ;
; Top-level entity name                                            ; sls_fpga_emulation ; sls_8bit_alu_struc_vhdl ;
; Family name                                                      ; Cyclone IV E       ; Cyclone V               ;
; Use smart compilation                                            ; Off                ; Off                     ;
; Enable parallel Assembler and Timing Analyzer during compilation ; On                 ; On                      ;
; Enable compact report table                                      ; Off                ; Off                     ;
; Restructure Multiplexers                                         ; Auto               ; Auto                    ;
; Create Debugging Nodes for IP Cores                              ; Off                ; Off                     ;
; Preserve fewer node names                                        ; On                 ; On                      ;
; Intel FPGA IP Evaluation Mode                                    ; Enable             ; Enable                  ;
; Verilog Version                                                  ; Verilog_2001       ; Verilog_2001            ;
; VHDL Version                                                     ; VHDL_1993          ; VHDL_1993               ;
; State Machine Processing                                         ; Auto               ; Auto                    ;
; Safe State Machine                                               ; Off                ; Off                     ;
; Extract Verilog State Machines                                   ; On                 ; On                      ;
; Extract VHDL State Machines                                      ; On                 ; On                      ;
; Ignore Verilog initial constructs                                ; Off                ; Off                     ;
; Iteration limit for constant Verilog loops                       ; 5000               ; 5000                    ;
; Iteration limit for non-constant Verilog loops                   ; 250                ; 250                     ;
; Add Pass-Through Logic to Inferred RAMs                          ; On                 ; On                      ;
; Infer RAMs from Raw Logic                                        ; On                 ; On                      ;
; Parallel Synthesis                                               ; On                 ; On                      ;
; DSP Block Balancing                                              ; Auto               ; Auto                    ;
; NOT Gate Push-Back                                               ; On                 ; On                      ;
; Power-Up Don't Care                                              ; On                 ; On                      ;
; Remove Redundant Logic Cells                                     ; Off                ; Off                     ;
; Remove Duplicate Registers                                       ; On                 ; On                      ;
; Ignore CARRY Buffers                                             ; Off                ; Off                     ;
; Ignore CASCADE Buffers                                           ; Off                ; Off                     ;
; Ignore GLOBAL Buffers                                            ; Off                ; Off                     ;
; Ignore ROW GLOBAL Buffers                                        ; Off                ; Off                     ;
; Ignore LCELL Buffers                                             ; Off                ; Off                     ;
; Ignore SOFT Buffers                                              ; On                 ; On                      ;
; Limit AHDL Integers to 32 Bits                                   ; Off                ; Off                     ;
; Optimization Technique                                           ; Balanced           ; Balanced                ;
; Carry Chain Length                                               ; 70                 ; 70                      ;
; Auto Carry Chains                                                ; On                 ; On                      ;
; Auto Open-Drain Pins                                             ; On                 ; On                      ;
; Perform WYSIWYG Primitive Resynthesis                            ; Off                ; Off                     ;
; Auto ROM Replacement                                             ; On                 ; On                      ;
; Auto RAM Replacement                                             ; On                 ; On                      ;
; Auto DSP Block Replacement                                       ; On                 ; On                      ;
; Auto Shift Register Replacement                                  ; Auto               ; Auto                    ;
; Allow Shift Register Merging across Hierarchies                  ; Auto               ; Auto                    ;
; Auto Clock Enable Replacement                                    ; On                 ; On                      ;
; Strict RAM Replacement                                           ; Off                ; Off                     ;
; Allow Synchronous Control Signals                                ; On                 ; On                      ;
; Force Use of Synchronous Clear Signals                           ; Off                ; Off                     ;
; Auto RAM Block Balancing                                         ; On                 ; On                      ;
; Auto RAM to Logic Cell Conversion                                ; Off                ; Off                     ;
; Auto Resource Sharing                                            ; Off                ; Off                     ;
; Allow Any RAM Size For Recognition                               ; Off                ; Off                     ;
; Allow Any ROM Size For Recognition                               ; Off                ; Off                     ;
; Allow Any Shift Register Size For Recognition                    ; Off                ; Off                     ;
; Use LogicLock Constraints during Resource Balancing              ; On                 ; On                      ;
; Ignore translate_off and synthesis_off directives                ; Off                ; Off                     ;
; Timing-Driven Synthesis                                          ; On                 ; On                      ;
; Report Parameter Settings                                        ; On                 ; On                      ;
; Report Source Assignments                                        ; On                 ; On                      ;
; Report Connectivity Checks                                       ; On                 ; On                      ;
; Ignore Maximum Fan-Out Assignments                               ; Off                ; Off                     ;
; Synchronization Register Chain Length                            ; 2                  ; 2                       ;
; Power Optimization During Synthesis                              ; Normal compilation ; Normal compilation      ;
; HDL message level                                                ; Level2             ; Level2                  ;
; Suppress Register Optimization Related Messages                  ; Off                ; Off                     ;
; Number of Removed Registers Reported in Synthesis Report         ; 5000               ; 5000                    ;
; Number of Swept Nodes Reported in Synthesis Report               ; 5000               ; 5000                    ;
; Number of Inverted Registers Reported in Synthesis Report        ; 100                ; 100                     ;
; Clock MUX Protection                                             ; On                 ; On                      ;
; Auto Gated Clock Conversion                                      ; Off                ; Off                     ;
; Block Design Naming                                              ; Auto               ; Auto                    ;
; SDC constraint protection                                        ; Off                ; Off                     ;
; Synthesis Effort                                                 ; Auto               ; Auto                    ;
; Shift Register Replacement - Allow Asynchronous Clear Signal     ; On                 ; On                      ;
; Pre-Mapping Resynthesis Optimization                             ; Off                ; Off                     ;
; Analysis & Synthesis Message Level                               ; Medium             ; Medium                  ;
; Disable Register Merging Across Hierarchies                      ; Auto               ; Auto                    ;
; Resource Aware Inference For Block RAM                           ; On                 ; On                      ;
+------------------------------------------------------------------+--------------------+-------------------------+


+------------------------------------------+
; Parallel Compilation                     ;
+----------------------------+-------------+
; Processors                 ; Number      ;
+----------------------------+-------------+
; Number detected on machine ; 16          ;
; Maximum allowed            ; 8           ;
;                            ;             ;
; Average used               ; 1.00        ;
; Maximum used               ; 1           ;
;                            ;             ;
; Usage by Processor         ; % Time Used ;
;     Processor 1            ; 100.0%      ;
+----------------------------+-------------+


+---------------------------------------------------------------------------------------------------------------------------------------------------------------------------------------------------------------------+
; Analysis & Synthesis Source Files Read                                                                                                                                                                              ;
+--------------------------------------+-----------------+-----------------+--------------------------------------------------------------------------------------------------------------------------------+---------+
; File Name with User-Entered Path     ; Used in Netlist ; File Type       ; File Name with Absolute Path                                                                                                   ; Library ;
+--------------------------------------+-----------------+-----------------+--------------------------------------------------------------------------------------------------------------------------------+---------+
; ../../../sls_package/sls_package.vhd ; yes             ; User VHDL File  ; C:/Users/sls3445/Documents/DS2_Labs/sls_package/sls_package.vhd                                                                ;         ;
; sls_alu_package.vhd                  ; yes             ; User VHDL File  ; C:/Users/sls3445/Documents/DS2_Labs/Lab6/sls_8bit_alu_struc_vhdl_restored/sls_8bit_alu_struc_vhdl/sls_alu_package.vhd          ;         ;
; sls_8bit_alu_struc_vhdl.vhd          ; yes             ; User VHDL File  ; C:/Users/sls3445/Documents/DS2_Labs/Lab6/sls_8bit_alu_struc_vhdl_restored/sls_8bit_alu_struc_vhdl/sls_8bit_alu_struc_vhdl.vhd  ;         ;
; sls_8bit_arith_unit_vhdl.vhd         ; yes             ; User VHDL File  ; C:/Users/sls3445/Documents/DS2_Labs/Lab6/sls_8bit_alu_struc_vhdl_restored/sls_8bit_alu_struc_vhdl/sls_8bit_arith_unit_vhdl.vhd ;         ;
; sls_8bit_add_sub_vhdl.vhd            ; yes             ; User VHDL File  ; C:/Users/sls3445/Documents/DS2_Labs/Lab6/sls_8bit_alu_struc_vhdl_restored/sls_8bit_alu_struc_vhdl/sls_8bit_add_sub_vhdl.vhd    ;         ;
; sls_8bit_logic_unit_vhdl.vhd         ; yes             ; User VHDL File  ; C:/Users/sls3445/Documents/DS2_Labs/Lab6/sls_8bit_alu_struc_vhdl_restored/sls_8bit_alu_struc_vhdl/sls_8bit_logic_unit_vhdl.vhd ;         ;
; sls_8bit_sr_unit_vhdl.vhd            ; yes             ; User VHDL File  ; C:/Users/sls3445/Documents/DS2_Labs/Lab6/sls_8bit_alu_struc_vhdl_restored/sls_8bit_alu_struc_vhdl/sls_8bit_sr_unit_vhdl.vhd    ;         ;
; sls_8bit_const_unit_vhdl.vhd         ; yes             ; User VHDL File  ; C:/Users/sls3445/Documents/DS2_Labs/Lab6/sls_8bit_alu_struc_vhdl_restored/sls_8bit_alu_struc_vhdl/sls_8bit_const_unit_vhdl.vhd ;         ;
; sls_nbit_mux2to1_vhdl.vhd            ; yes             ; User VHDL File  ; C:/Users/sls3445/Documents/DS2_Labs/Lab6/sls_8bit_alu_struc_vhdl_restored/sls_8bit_alu_struc_vhdl/sls_nbit_mux2to1_vhdl.vhd    ;         ;
; sls_nbit_mux4to1_vhdl.vhd            ; yes             ; User VHDL File  ; C:/Users/sls3445/Documents/DS2_Labs/Lab6/sls_8bit_alu_struc_vhdl_restored/sls_8bit_alu_struc_vhdl/sls_nbit_mux4to1_vhdl.vhd    ;         ;
; sls_fpga_emulation.vhd               ; yes             ; User VHDL File  ; C:/Users/sls3445/Documents/DS2_Labs/Lab6/sls_8bit_alu_struc_vhdl_restored/sls_8bit_alu_struc_vhdl/sls_fpga_emulation.vhd       ;         ;
+--------------------------------------+-----------------+-----------------+--------------------------------------------------------------------------------------------------------------------------------+---------+


+-----------------------------------------------------------+
; Analysis & Synthesis Resource Usage Summary               ;
+---------------------------------------------+-------------+
; Resource                                    ; Usage       ;
+---------------------------------------------+-------------+
; Estimated Total logic elements              ; 32          ;
;                                             ;             ;
; Total combinational functions               ; 32          ;
; Logic element usage by number of LUT inputs ;             ;
;     -- 4 input functions                    ; 25          ;
;     -- 3 input functions                    ; 4           ;
;     -- <=2 input functions                  ; 3           ;
;                                             ;             ;
; Logic elements by mode                      ;             ;
;     -- normal mode                          ; 32          ;
;     -- arithmetic mode                      ; 0           ;
;                                             ;             ;
; Total registers                             ; 0           ;
;     -- Dedicated logic registers            ; 0           ;
;     -- I/O registers                        ; 0           ;
;                                             ;             ;
; I/O pins                                    ; 14          ;
;                                             ;             ;
; Embedded Multiplier 9-bit elements          ; 0           ;
;                                             ;             ;
; Maximum fan-out node                        ; sw[0]~input ;
; Maximum fan-out                             ; 16          ;
; Total fan-out                               ; 140         ;
; Average fan-out                             ; 2.33        ;
+---------------------------------------------+-------------+


+------------------------------------------------------------------------------------------------------------------------------------------------------------------------------------------------------------------------------------------------------------------------------------------------------------------------------------------------------------------------+
; Analysis & Synthesis Resource Utilization by Entity                                                                                                                                                                                                                                                                                                                    ;
+----------------------------------------------+---------------------+---------------------------+-------------+--------------+---------+-----------+------+--------------+----------------------------------------------------------------------------------------------------------------------------------------------------+--------------------------+--------------+
; Compilation Hierarchy Node                   ; Combinational ALUTs ; Dedicated Logic Registers ; Memory Bits ; DSP Elements ; DSP 9x9 ; DSP 18x18 ; Pins ; Virtual Pins ; Full Hierarchy Name                                                                                                                                ; Entity Name              ; Library Name ;
+----------------------------------------------+---------------------+---------------------------+-------------+--------------+---------+-----------+------+--------------+----------------------------------------------------------------------------------------------------------------------------------------------------+--------------------------+--------------+
; |sls_fpga_emulation                          ; 32 (0)              ; 0 (0)                     ; 0           ; 0            ; 0       ; 0         ; 14   ; 0            ; |sls_fpga_emulation                                                                                                                                ; sls_fpga_emulation       ; work         ;
;    |sls_8bit_alu_struc_vhdl:cut|             ; 32 (0)              ; 0 (0)                     ; 0           ; 0            ; 0       ; 0         ; 0    ; 0            ; |sls_fpga_emulation|sls_8bit_alu_struc_vhdl:cut                                                                                                    ; sls_8bit_alu_struc_vhdl  ; work         ;
;       |sls_8bit_arith_unit_vhdl:arith_unit|  ; 7 (1)               ; 0 (0)                     ; 0           ; 0            ; 0       ; 0         ; 0    ; 0            ; |sls_fpga_emulation|sls_8bit_alu_struc_vhdl:cut|sls_8bit_arith_unit_vhdl:arith_unit                                                                ; sls_8bit_arith_unit_vhdl ; work         ;
;          |sls_8bit_add_sub_vhdl:adder|       ; 6 (6)               ; 0 (0)                     ; 0           ; 0            ; 0       ; 0         ; 0    ; 0            ; |sls_fpga_emulation|sls_8bit_alu_struc_vhdl:cut|sls_8bit_arith_unit_vhdl:arith_unit|sls_8bit_add_sub_vhdl:adder                                    ; sls_8bit_add_sub_vhdl    ; work         ;
;       |sls_8bit_logic_unit_vhdl:logic_unit|  ; 3 (1)               ; 0 (0)                     ; 0           ; 0            ; 0       ; 0         ; 0    ; 0            ; |sls_fpga_emulation|sls_8bit_alu_struc_vhdl:cut|sls_8bit_logic_unit_vhdl:logic_unit                                                                ; sls_8bit_logic_unit_vhdl ; work         ;
;          |sls_nbit_mux4to1_vhdl:logic_mux|   ; 2 (0)               ; 0 (0)                     ; 0           ; 0            ; 0       ; 0         ; 0    ; 0            ; |sls_fpga_emulation|sls_8bit_alu_struc_vhdl:cut|sls_8bit_logic_unit_vhdl:logic_unit|sls_nbit_mux4to1_vhdl:logic_mux                                ; sls_nbit_mux4to1_vhdl    ; work         ;
;             |sls_nbit_mux2to1_vhdl:combined| ; 2 (2)               ; 0 (0)                     ; 0           ; 0            ; 0       ; 0         ; 0    ; 0            ; |sls_fpga_emulation|sls_8bit_alu_struc_vhdl:cut|sls_8bit_logic_unit_vhdl:logic_unit|sls_nbit_mux4to1_vhdl:logic_mux|sls_nbit_mux2to1_vhdl:combined ; sls_nbit_mux2to1_vhdl    ; work         ;
;       |sls_8bit_sr_unit_vhdl:sr_unit|        ; 3 (1)               ; 0 (0)                     ; 0           ; 0            ; 0       ; 0         ; 0    ; 0            ; |sls_fpga_emulation|sls_8bit_alu_struc_vhdl:cut|sls_8bit_sr_unit_vhdl:sr_unit                                                                      ; sls_8bit_sr_unit_vhdl    ; work         ;
;          |sls_nbit_mux4to1_vhdl:sr_mux|      ; 2 (0)               ; 0 (0)                     ; 0           ; 0            ; 0       ; 0         ; 0    ; 0            ; |sls_fpga_emulation|sls_8bit_alu_struc_vhdl:cut|sls_8bit_sr_unit_vhdl:sr_unit|sls_nbit_mux4to1_vhdl:sr_mux                                         ; sls_nbit_mux4to1_vhdl    ; work         ;
;             |sls_nbit_mux2to1_vhdl:combined| ; 2 (2)               ; 0 (0)                     ; 0           ; 0            ; 0       ; 0         ; 0    ; 0            ; |sls_fpga_emulation|sls_8bit_alu_struc_vhdl:cut|sls_8bit_sr_unit_vhdl:sr_unit|sls_nbit_mux4to1_vhdl:sr_mux|sls_nbit_mux2to1_vhdl:combined          ; sls_nbit_mux2to1_vhdl    ; work         ;
;       |sls_nbit_mux4to1_vhdl:cnvz_mux|       ; 9 (0)               ; 0 (0)                     ; 0           ; 0            ; 0       ; 0         ; 0    ; 0            ; |sls_fpga_emulation|sls_8bit_alu_struc_vhdl:cut|sls_nbit_mux4to1_vhdl:cnvz_mux                                                                     ; sls_nbit_mux4to1_vhdl    ; work         ;
;          |sls_nbit_mux2to1_vhdl:combined|    ; 9 (9)               ; 0 (0)                     ; 0           ; 0            ; 0       ; 0         ; 0    ; 0            ; |sls_fpga_emulation|sls_8bit_alu_struc_vhdl:cut|sls_nbit_mux4to1_vhdl:cnvz_mux|sls_nbit_mux2to1_vhdl:combined                                      ; sls_nbit_mux2to1_vhdl    ; work         ;
;       |sls_nbit_mux4to1_vhdl:result_mux|     ; 10 (0)              ; 0 (0)                     ; 0           ; 0            ; 0       ; 0         ; 0    ; 0            ; |sls_fpga_emulation|sls_8bit_alu_struc_vhdl:cut|sls_nbit_mux4to1_vhdl:result_mux                                                                   ; sls_nbit_mux4to1_vhdl    ; work         ;
;          |sls_nbit_mux2to1_vhdl:combined|    ; 10 (10)             ; 0 (0)                     ; 0           ; 0            ; 0       ; 0         ; 0    ; 0            ; |sls_fpga_emulation|sls_8bit_alu_struc_vhdl:cut|sls_nbit_mux4to1_vhdl:result_mux|sls_nbit_mux2to1_vhdl:combined                                    ; sls_nbit_mux2to1_vhdl    ; work         ;
+----------------------------------------------+---------------------+---------------------------+-------------+--------------+---------+-----------+------+--------------+----------------------------------------------------------------------------------------------------------------------------------------------------+--------------------------+--------------+
Note: For table entries with two numbers listed, the numbers in parentheses indicate the number of resources of the given type used by the specific entity alone. The numbers listed outside of parentheses indicate the total resources of the given type used by the specific entity and all of its sub-entities in the hierarchy.


+------------------------------------------------------+
; General Register Statistics                          ;
+----------------------------------------------+-------+
; Statistic                                    ; Value ;
+----------------------------------------------+-------+
; Total registers                              ; 0     ;
; Number of registers using Synchronous Clear  ; 0     ;
; Number of registers using Synchronous Load   ; 0     ;
; Number of registers using Asynchronous Clear ; 0     ;
; Number of registers using Asynchronous Load  ; 0     ;
; Number of registers using Clock Enable       ; 0     ;
; Number of registers using Preset             ; 0     ;
+----------------------------------------------+-------+


+------------------------------------------------------------------------------------------------------------------------------------------------------------------------------------------------------------------------------------+
; Multiplexer Restructuring Statistics (Restructuring Performed)                                                                                                                                                                     ;
+--------------------+-----------+---------------+----------------------+------------------------+------------+----------------------------------------------------------------------------------------------------------------------+
; Multiplexer Inputs ; Bus Width ; Baseline Area ; Area if Restructured ; Saving if Restructured ; Registered ; Example Multiplexer Output                                                                                           ;
+--------------------+-----------+---------------+----------------------+------------------------+------------+----------------------------------------------------------------------------------------------------------------------+
; 4:1                ; 2 bits    ; 4 LEs         ; 4 LEs                ; 0 LEs                  ; No         ; |sls_fpga_emulation|sls_8bit_alu_struc_vhdl:cut|sls_nbit_mux4to1_vhdl:result_mux|sls_nbit_mux2to1_vhdl:combined|f[0] ;
+--------------------+-----------+---------------+----------------------+------------------------+------------+----------------------------------------------------------------------------------------------------------------------+


+-----------------------------------------------------------------------------------------------------------+
; Parameter Settings for User Entity Instance: sls_8bit_alu_struc_vhdl:cut|sls_nbit_mux4to1_vhdl:result_mux ;
+----------------+-------+----------------------------------------------------------------------------------+
; Parameter Name ; Value ; Type                                                                             ;
+----------------+-------+----------------------------------------------------------------------------------+
; n              ; 8     ; Signed Integer                                                                   ;
+----------------+-------+----------------------------------------------------------------------------------+
Note: In order to hide this table in the UI and the text report file, please set the "Show Parameter Settings in Synthesis Report" option in "Analysis and Synthesis Settings -> More Settings" to "Off".


+--------------------------------------------------------------------------------------------------------------------------------------------+
; Parameter Settings for User Entity Instance: sls_8bit_alu_struc_vhdl:cut|sls_nbit_mux4to1_vhdl:result_mux|sls_nbit_mux2to1_vhdl:upper_bits ;
+----------------+-------+-------------------------------------------------------------------------------------------------------------------+
; Parameter Name ; Value ; Type                                                                                                              ;
+----------------+-------+-------------------------------------------------------------------------------------------------------------------+
; n              ; 8     ; Signed Integer                                                                                                    ;
+----------------+-------+-------------------------------------------------------------------------------------------------------------------+
Note: In order to hide this table in the UI and the text report file, please set the "Show Parameter Settings in Synthesis Report" option in "Analysis and Synthesis Settings -> More Settings" to "Off".


+--------------------------------------------------------------------------------------------------------------------------------------------+
; Parameter Settings for User Entity Instance: sls_8bit_alu_struc_vhdl:cut|sls_nbit_mux4to1_vhdl:result_mux|sls_nbit_mux2to1_vhdl:lower_bits ;
+----------------+-------+-------------------------------------------------------------------------------------------------------------------+
; Parameter Name ; Value ; Type                                                                                                              ;
+----------------+-------+-------------------------------------------------------------------------------------------------------------------+
; n              ; 8     ; Signed Integer                                                                                                    ;
+----------------+-------+-------------------------------------------------------------------------------------------------------------------+
Note: In order to hide this table in the UI and the text report file, please set the "Show Parameter Settings in Synthesis Report" option in "Analysis and Synthesis Settings -> More Settings" to "Off".


+------------------------------------------------------------------------------------------------------------------------------------------+
; Parameter Settings for User Entity Instance: sls_8bit_alu_struc_vhdl:cut|sls_nbit_mux4to1_vhdl:result_mux|sls_nbit_mux2to1_vhdl:combined ;
+----------------+-------+-----------------------------------------------------------------------------------------------------------------+
; Parameter Name ; Value ; Type                                                                                                            ;
+----------------+-------+-----------------------------------------------------------------------------------------------------------------+
; n              ; 8     ; Signed Integer                                                                                                  ;
+----------------+-------+-----------------------------------------------------------------------------------------------------------------+
Note: In order to hide this table in the UI and the text report file, please set the "Show Parameter Settings in Synthesis Report" option in "Analysis and Synthesis Settings -> More Settings" to "Off".


+---------------------------------------------------------------------------------------------------------+
; Parameter Settings for User Entity Instance: sls_8bit_alu_struc_vhdl:cut|sls_nbit_mux4to1_vhdl:cnvz_mux ;
+----------------+-------+--------------------------------------------------------------------------------+
; Parameter Name ; Value ; Type                                                                           ;
+----------------+-------+--------------------------------------------------------------------------------+
; n              ; 4     ; Signed Integer                                                                 ;
+----------------+-------+--------------------------------------------------------------------------------+
Note: In order to hide this table in the UI and the text report file, please set the "Show Parameter Settings in Synthesis Report" option in "Analysis and Synthesis Settings -> More Settings" to "Off".


+------------------------------------------------------------------------------------------------------------------------------------------+
; Parameter Settings for User Entity Instance: sls_8bit_alu_struc_vhdl:cut|sls_nbit_mux4to1_vhdl:cnvz_mux|sls_nbit_mux2to1_vhdl:upper_bits ;
+----------------+-------+-----------------------------------------------------------------------------------------------------------------+
; Parameter Name ; Value ; Type                                                                                                            ;
+----------------+-------+-----------------------------------------------------------------------------------------------------------------+
; n              ; 4     ; Signed Integer                                                                                                  ;
+----------------+-------+-----------------------------------------------------------------------------------------------------------------+
Note: In order to hide this table in the UI and the text report file, please set the "Show Parameter Settings in Synthesis Report" option in "Analysis and Synthesis Settings -> More Settings" to "Off".


+------------------------------------------------------------------------------------------------------------------------------------------+
; Parameter Settings for User Entity Instance: sls_8bit_alu_struc_vhdl:cut|sls_nbit_mux4to1_vhdl:cnvz_mux|sls_nbit_mux2to1_vhdl:lower_bits ;
+----------------+-------+-----------------------------------------------------------------------------------------------------------------+
; Parameter Name ; Value ; Type                                                                                                            ;
+----------------+-------+-----------------------------------------------------------------------------------------------------------------+
; n              ; 4     ; Signed Integer                                                                                                  ;
+----------------+-------+-----------------------------------------------------------------------------------------------------------------+
Note: In order to hide this table in the UI and the text report file, please set the "Show Parameter Settings in Synthesis Report" option in "Analysis and Synthesis Settings -> More Settings" to "Off".


+----------------------------------------------------------------------------------------------------------------------------------------+
; Parameter Settings for User Entity Instance: sls_8bit_alu_struc_vhdl:cut|sls_nbit_mux4to1_vhdl:cnvz_mux|sls_nbit_mux2to1_vhdl:combined ;
+----------------+-------+---------------------------------------------------------------------------------------------------------------+
; Parameter Name ; Value ; Type                                                                                                          ;
+----------------+-------+---------------------------------------------------------------------------------------------------------------+
; n              ; 4     ; Signed Integer                                                                                                ;
+----------------+-------+---------------------------------------------------------------------------------------------------------------+
Note: In order to hide this table in the UI and the text report file, please set the "Show Parameter Settings in Synthesis Report" option in "Analysis and Synthesis Settings -> More Settings" to "Off".


+------------------------------------------------------------------------------------------------------------------------------------------+
; Parameter Settings for User Entity Instance: sls_8bit_alu_struc_vhdl:cut|sls_8bit_arith_unit_vhdl:arith_unit|sls_8bit_add_sub_vhdl:adder ;
+----------------+-------+-----------------------------------------------------------------------------------------------------------------+
; Parameter Name ; Value ; Type                                                                                                            ;
+----------------+-------+-----------------------------------------------------------------------------------------------------------------+
; n              ; 8     ; Signed Integer                                                                                                  ;
+----------------+-------+-----------------------------------------------------------------------------------------------------------------+
Note: In order to hide this table in the UI and the text report file, please set the "Show Parameter Settings in Synthesis Report" option in "Analysis and Synthesis Settings -> More Settings" to "Off".


+------------------------------------------------------------------------------------------------------------------------------------------------+
; Parameter Settings for User Entity Instance: sls_8bit_alu_struc_vhdl:cut|sls_8bit_arith_unit_vhdl:arith_unit|sls_nbit_mux2to1_vhdl:yselect_mux ;
+----------------+-------+-----------------------------------------------------------------------------------------------------------------------+
; Parameter Name ; Value ; Type                                                                                                                  ;
+----------------+-------+-----------------------------------------------------------------------------------------------------------------------+
; n              ; 8     ; Signed Integer                                                                                                        ;
+----------------+-------+-----------------------------------------------------------------------------------------------------------------------+
Note: In order to hide this table in the UI and the text report file, please set the "Show Parameter Settings in Synthesis Report" option in "Analysis and Synthesis Settings -> More Settings" to "Off".


+----------------------------------------------------------------------------------------------------------------------------------------------+
; Parameter Settings for User Entity Instance: sls_8bit_alu_struc_vhdl:cut|sls_8bit_logic_unit_vhdl:logic_unit|sls_nbit_mux4to1_vhdl:logic_mux ;
+----------------+-------+---------------------------------------------------------------------------------------------------------------------+
; Parameter Name ; Value ; Type                                                                                                                ;
+----------------+-------+---------------------------------------------------------------------------------------------------------------------+
; n              ; 8     ; Signed Integer                                                                                                      ;
+----------------+-------+---------------------------------------------------------------------------------------------------------------------+
Note: In order to hide this table in the UI and the text report file, please set the "Show Parameter Settings in Synthesis Report" option in "Analysis and Synthesis Settings -> More Settings" to "Off".


+-------------------------------------------------------------------------------------------------------------------------------------------------------------------------------+
; Parameter Settings for User Entity Instance: sls_8bit_alu_struc_vhdl:cut|sls_8bit_logic_unit_vhdl:logic_unit|sls_nbit_mux4to1_vhdl:logic_mux|sls_nbit_mux2to1_vhdl:upper_bits ;
+----------------+-------+------------------------------------------------------------------------------------------------------------------------------------------------------+
; Parameter Name ; Value ; Type                                                                                                                                                 ;
+----------------+-------+------------------------------------------------------------------------------------------------------------------------------------------------------+
; n              ; 8     ; Signed Integer                                                                                                                                       ;
+----------------+-------+------------------------------------------------------------------------------------------------------------------------------------------------------+
Note: In order to hide this table in the UI and the text report file, please set the "Show Parameter Settings in Synthesis Report" option in "Analysis and Synthesis Settings -> More Settings" to "Off".


+-------------------------------------------------------------------------------------------------------------------------------------------------------------------------------+
; Parameter Settings for User Entity Instance: sls_8bit_alu_struc_vhdl:cut|sls_8bit_logic_unit_vhdl:logic_unit|sls_nbit_mux4to1_vhdl:logic_mux|sls_nbit_mux2to1_vhdl:lower_bits ;
+----------------+-------+------------------------------------------------------------------------------------------------------------------------------------------------------+
; Parameter Name ; Value ; Type                                                                                                                                                 ;
+----------------+-------+------------------------------------------------------------------------------------------------------------------------------------------------------+
; n              ; 8     ; Signed Integer                                                                                                                                       ;
+----------------+-------+------------------------------------------------------------------------------------------------------------------------------------------------------+
Note: In order to hide this table in the UI and the text report file, please set the "Show Parameter Settings in Synthesis Report" option in "Analysis and Synthesis Settings -> More Settings" to "Off".


+-----------------------------------------------------------------------------------------------------------------------------------------------------------------------------+
; Parameter Settings for User Entity Instance: sls_8bit_alu_struc_vhdl:cut|sls_8bit_logic_unit_vhdl:logic_unit|sls_nbit_mux4to1_vhdl:logic_mux|sls_nbit_mux2to1_vhdl:combined ;
+----------------+-------+----------------------------------------------------------------------------------------------------------------------------------------------------+
; Parameter Name ; Value ; Type                                                                                                                                               ;
+----------------+-------+----------------------------------------------------------------------------------------------------------------------------------------------------+
; n              ; 8     ; Signed Integer                                                                                                                                     ;
+----------------+-------+----------------------------------------------------------------------------------------------------------------------------------------------------+
Note: In order to hide this table in the UI and the text report file, please set the "Show Parameter Settings in Synthesis Report" option in "Analysis and Synthesis Settings -> More Settings" to "Off".


+-------------------------------------------------------------------------------------------------------------------------------------+
; Parameter Settings for User Entity Instance: sls_8bit_alu_struc_vhdl:cut|sls_8bit_sr_unit_vhdl:sr_unit|sls_nbit_mux4to1_vhdl:sr_mux ;
+----------------+-------+------------------------------------------------------------------------------------------------------------+
; Parameter Name ; Value ; Type                                                                                                       ;
+----------------+-------+------------------------------------------------------------------------------------------------------------+
; n              ; 8     ; Signed Integer                                                                                             ;
+----------------+-------+------------------------------------------------------------------------------------------------------------+
Note: In order to hide this table in the UI and the text report file, please set the "Show Parameter Settings in Synthesis Report" option in "Analysis and Synthesis Settings -> More Settings" to "Off".


+----------------------------------------------------------------------------------------------------------------------------------------------------------------------+
; Parameter Settings for User Entity Instance: sls_8bit_alu_struc_vhdl:cut|sls_8bit_sr_unit_vhdl:sr_unit|sls_nbit_mux4to1_vhdl:sr_mux|sls_nbit_mux2to1_vhdl:upper_bits ;
+----------------+-------+---------------------------------------------------------------------------------------------------------------------------------------------+
; Parameter Name ; Value ; Type                                                                                                                                        ;
+----------------+-------+---------------------------------------------------------------------------------------------------------------------------------------------+
; n              ; 8     ; Signed Integer                                                                                                                              ;
+----------------+-------+---------------------------------------------------------------------------------------------------------------------------------------------+
Note: In order to hide this table in the UI and the text report file, please set the "Show Parameter Settings in Synthesis Report" option in "Analysis and Synthesis Settings -> More Settings" to "Off".


+----------------------------------------------------------------------------------------------------------------------------------------------------------------------+
; Parameter Settings for User Entity Instance: sls_8bit_alu_struc_vhdl:cut|sls_8bit_sr_unit_vhdl:sr_unit|sls_nbit_mux4to1_vhdl:sr_mux|sls_nbit_mux2to1_vhdl:lower_bits ;
+----------------+-------+---------------------------------------------------------------------------------------------------------------------------------------------+
; Parameter Name ; Value ; Type                                                                                                                                        ;
+----------------+-------+---------------------------------------------------------------------------------------------------------------------------------------------+
; n              ; 8     ; Signed Integer                                                                                                                              ;
+----------------+-------+---------------------------------------------------------------------------------------------------------------------------------------------+
Note: In order to hide this table in the UI and the text report file, please set the "Show Parameter Settings in Synthesis Report" option in "Analysis and Synthesis Settings -> More Settings" to "Off".


+--------------------------------------------------------------------------------------------------------------------------------------------------------------------+
; Parameter Settings for User Entity Instance: sls_8bit_alu_struc_vhdl:cut|sls_8bit_sr_unit_vhdl:sr_unit|sls_nbit_mux4to1_vhdl:sr_mux|sls_nbit_mux2to1_vhdl:combined ;
+----------------+-------+-------------------------------------------------------------------------------------------------------------------------------------------+
; Parameter Name ; Value ; Type                                                                                                                                      ;
+----------------+-------+-------------------------------------------------------------------------------------------------------------------------------------------+
; n              ; 8     ; Signed Integer                                                                                                                            ;
+----------------+-------+-------------------------------------------------------------------------------------------------------------------------------------------+
Note: In order to hide this table in the UI and the text report file, please set the "Show Parameter Settings in Synthesis Report" option in "Analysis and Synthesis Settings -> More Settings" to "Off".


+----------------------------------------------------------------------------------------------------------------------------------------------+
; Parameter Settings for User Entity Instance: sls_8bit_alu_struc_vhdl:cut|sls_8bit_const_unit_vhdl:const_unit|sls_nbit_mux4to1_vhdl:const_mux ;
+----------------+-------+---------------------------------------------------------------------------------------------------------------------+
; Parameter Name ; Value ; Type                                                                                                                ;
+----------------+-------+---------------------------------------------------------------------------------------------------------------------+
; n              ; 8     ; Signed Integer                                                                                                      ;
+----------------+-------+---------------------------------------------------------------------------------------------------------------------+
Note: In order to hide this table in the UI and the text report file, please set the "Show Parameter Settings in Synthesis Report" option in "Analysis and Synthesis Settings -> More Settings" to "Off".


+-------------------------------------------------------------------------------------------------------------------------------------------------------------------------------+
; Parameter Settings for User Entity Instance: sls_8bit_alu_struc_vhdl:cut|sls_8bit_const_unit_vhdl:const_unit|sls_nbit_mux4to1_vhdl:const_mux|sls_nbit_mux2to1_vhdl:upper_bits ;
+----------------+-------+------------------------------------------------------------------------------------------------------------------------------------------------------+
; Parameter Name ; Value ; Type                                                                                                                                                 ;
+----------------+-------+------------------------------------------------------------------------------------------------------------------------------------------------------+
; n              ; 8     ; Signed Integer                                                                                                                                       ;
+----------------+-------+------------------------------------------------------------------------------------------------------------------------------------------------------+
Note: In order to hide this table in the UI and the text report file, please set the "Show Parameter Settings in Synthesis Report" option in "Analysis and Synthesis Settings -> More Settings" to "Off".


+-------------------------------------------------------------------------------------------------------------------------------------------------------------------------------+
; Parameter Settings for User Entity Instance: sls_8bit_alu_struc_vhdl:cut|sls_8bit_const_unit_vhdl:const_unit|sls_nbit_mux4to1_vhdl:const_mux|sls_nbit_mux2to1_vhdl:lower_bits ;
+----------------+-------+------------------------------------------------------------------------------------------------------------------------------------------------------+
; Parameter Name ; Value ; Type                                                                                                                                                 ;
+----------------+-------+------------------------------------------------------------------------------------------------------------------------------------------------------+
; n              ; 8     ; Signed Integer                                                                                                                                       ;
+----------------+-------+------------------------------------------------------------------------------------------------------------------------------------------------------+
Note: In order to hide this table in the UI and the text report file, please set the "Show Parameter Settings in Synthesis Report" option in "Analysis and Synthesis Settings -> More Settings" to "Off".


+-----------------------------------------------------------------------------------------------------------------------------------------------------------------------------+
; Parameter Settings for User Entity Instance: sls_8bit_alu_struc_vhdl:cut|sls_8bit_const_unit_vhdl:const_unit|sls_nbit_mux4to1_vhdl:const_mux|sls_nbit_mux2to1_vhdl:combined ;
+----------------+-------+----------------------------------------------------------------------------------------------------------------------------------------------------+
; Parameter Name ; Value ; Type                                                                                                                                               ;
+----------------+-------+----------------------------------------------------------------------------------------------------------------------------------------------------+
; n              ; 8     ; Signed Integer                                                                                                                                     ;
+----------------+-------+----------------------------------------------------------------------------------------------------------------------------------------------------+
Note: In order to hide this table in the UI and the text report file, please set the "Show Parameter Settings in Synthesis Report" option in "Analysis and Synthesis Settings -> More Settings" to "Off".


+-----------------------------------------------------------------------------------------------------------------------------+
; Port Connectivity Checks: "sls_8bit_alu_struc_vhdl:cut|sls_8bit_const_unit_vhdl:const_unit|sls_nbit_mux4to1_vhdl:const_mux" ;
+-------+-------+----------+--------------------------------------------------------------------------------------------------+
; Port  ; Type  ; Severity ; Details                                                                                          ;
+-------+-------+----------+--------------------------------------------------------------------------------------------------+
; d3    ; Input ; Info     ; Stuck at VCC                                                                                     ;
; d2[7] ; Input ; Info     ; Stuck at VCC                                                                                     ;
; d2[6] ; Input ; Info     ; Stuck at GND                                                                                     ;
; d2[5] ; Input ; Info     ; Stuck at VCC                                                                                     ;
; d2[4] ; Input ; Info     ; Stuck at GND                                                                                     ;
; d2[3] ; Input ; Info     ; Stuck at VCC                                                                                     ;
; d2[2] ; Input ; Info     ; Stuck at GND                                                                                     ;
; d2[1] ; Input ; Info     ; Stuck at VCC                                                                                     ;
; d2[0] ; Input ; Info     ; Stuck at GND                                                                                     ;
; d1[7] ; Input ; Info     ; Stuck at GND                                                                                     ;
; d1[6] ; Input ; Info     ; Stuck at VCC                                                                                     ;
; d1[5] ; Input ; Info     ; Stuck at GND                                                                                     ;
; d1[4] ; Input ; Info     ; Stuck at VCC                                                                                     ;
; d1[3] ; Input ; Info     ; Stuck at GND                                                                                     ;
; d1[2] ; Input ; Info     ; Stuck at VCC                                                                                     ;
; d1[1] ; Input ; Info     ; Stuck at GND                                                                                     ;
; d1[0] ; Input ; Info     ; Stuck at VCC                                                                                     ;
; d0    ; Input ; Info     ; Stuck at GND                                                                                     ;
+-------+-------+----------+--------------------------------------------------------------------------------------------------+


+-------------------------------------------------------------------------------------------------------------------------------+
; Port Connectivity Checks: "sls_8bit_alu_struc_vhdl:cut|sls_8bit_arith_unit_vhdl:arith_unit|sls_nbit_mux2to1_vhdl:yselect_mux" ;
+----------+-------+----------+-------------------------------------------------------------------------------------------------+
; Port     ; Type  ; Severity ; Details                                                                                         ;
+----------+-------+----------+-------------------------------------------------------------------------------------------------+
; d1[7..2] ; Input ; Info     ; Stuck at GND                                                                                    ;
+----------+-------+----------+-------------------------------------------------------------------------------------------------+


+-------------------------------------------------------------------------------------------------------------------------------------------------------------------------------------+
; Port Connectivity Checks: "sls_8bit_alu_struc_vhdl:cut"                                                                                                                             ;
+------------------+--------+----------+----------------------------------------------------------------------------------------------------------------------------------------------+
; Port             ; Type   ; Severity ; Details                                                                                                                                      ;
+------------------+--------+----------+----------------------------------------------------------------------------------------------------------------------------------------------+
; const_k[1]       ; Input  ; Info     ; Stuck at GND                                                                                                                                 ;
; const_k[0]       ; Input  ; Info     ; Stuck at VCC                                                                                                                                 ;
; alu_result[7..4] ; Output ; Info     ; Connected to dangling logic. Logic that only feeds a dangling port will be removed.                                                          ;
; cin              ; Input  ; Warning  ; Declared by entity but not connected by instance. If a default value exists, it will be used.  Otherwise, the port will be connected to GND. ;
+------------------+--------+----------+----------------------------------------------------------------------------------------------------------------------------------------------+


+-----------------------------------------------------+
; Post-Synthesis Netlist Statistics for Top Partition ;
+-----------------------+-----------------------------+
; Type                  ; Count                       ;
+-----------------------+-----------------------------+
; boundary_port         ; 14                          ;
; cycloneiii_lcell_comb ; 32                          ;
;     normal            ; 32                          ;
;         2 data inputs ; 3                           ;
;         3 data inputs ; 4                           ;
;         4 data inputs ; 25                          ;
;                       ;                             ;
; Max LUT depth         ; 4.00                        ;
; Average LUT depth     ; 3.00                        ;
+-----------------------+-----------------------------+


+-------------------------------+
; Elapsed Time Per Partition    ;
+----------------+--------------+
; Partition Name ; Elapsed Time ;
+----------------+--------------+
; Top            ; 00:00:00     ;
+----------------+--------------+


+-------------------------------+
; Analysis & Synthesis Messages ;
+-------------------------------+
Info: *******************************************************************
Info: Running Quartus Prime Analysis & Synthesis
    Info: Version 18.1.0 Build 625 09/12/2018 SJ Lite Edition
    Info: Processing started: Tue Mar 25 17:48:48 2025
Info: Command: quartus_map --read_settings_files=on --write_settings_files=off sls_8bit_alu_struc_vhdl -c sls_8bit_alu_struc_vhdl
Warning (18236): Number of processors has not been specified which may cause overloading on shared machines.  Set the global assignment NUM_PARALLEL_PROCESSORS in your QSF to an appropriate value for best performance.
Info (20030): Parallel compilation is enabled and will use 8 of the 8 processors detected
Info (12021): Found 1 design units, including 0 entities, in source file /users/sls3445/documents/ds2_labs/sls_package/sls_package.vhd
    Info (12022): Found design unit 1: sls_package File: C:/Users/sls3445/Documents/DS2_Labs/sls_package/sls_package.vhd Line: 4
Info (12021): Found 1 design units, including 0 entities, in source file sls_alu_package.vhd
    Info (12022): Found design unit 1: sls_alu_package File: C:/Users/sls3445/Documents/DS2_Labs/Lab6/sls_8bit_alu_struc_vhdl_restored/sls_8bit_alu_struc_vhdl/sls_alu_package.vhd Line: 4
Info (12021): Found 2 design units, including 1 entities, in source file sls_8bit_alu_struc_vhdl.vhd
    Info (12022): Found design unit 1: sls_8bit_alu_struc_vhdl-sls_struc File: C:/Users/sls3445/Documents/DS2_Labs/Lab6/sls_8bit_alu_struc_vhdl_restored/sls_8bit_alu_struc_vhdl/sls_8bit_alu_struc_vhdl.vhd Line: 22
    Info (12023): Found entity 1: sls_8bit_alu_struc_vhdl File: C:/Users/sls3445/Documents/DS2_Labs/Lab6/sls_8bit_alu_struc_vhdl_restored/sls_8bit_alu_struc_vhdl/sls_8bit_alu_struc_vhdl.vhd Line: 8
Info (12021): Found 2 design units, including 1 entities, in source file sls_8bit_arith_unit_vhdl.vhd
    Info (12022): Found design unit 1: sls_8bit_arith_unit_vhdl-sls_8bit_arith_struc File: C:/Users/sls3445/Documents/DS2_Labs/Lab6/sls_8bit_alu_struc_vhdl_restored/sls_8bit_alu_struc_vhdl/sls_8bit_arith_unit_vhdl.vhd Line: 18
    Info (12023): Found entity 1: sls_8bit_arith_unit_vhdl File: C:/Users/sls3445/Documents/DS2_Labs/Lab6/sls_8bit_alu_struc_vhdl_restored/sls_8bit_alu_struc_vhdl/sls_8bit_arith_unit_vhdl.vhd Line: 9
Info (12021): Found 2 design units, including 1 entities, in source file sls_8bit_add_sub_vhdl.vhd
    Info (12022): Found design unit 1: sls_8bit_add_sub_vhdl-sls_8bit_add_sub_func File: C:/Users/sls3445/Documents/DS2_Labs/Lab6/sls_8bit_alu_struc_vhdl_restored/sls_8bit_alu_struc_vhdl/sls_8bit_add_sub_vhdl.vhd Line: 13
    Info (12023): Found entity 1: sls_8bit_add_sub_vhdl File: C:/Users/sls3445/Documents/DS2_Labs/Lab6/sls_8bit_alu_struc_vhdl_restored/sls_8bit_alu_struc_vhdl/sls_8bit_add_sub_vhdl.vhd Line: 4
Info (12021): Found 2 design units, including 1 entities, in source file sls_8bit_logic_unit_vhdl.vhd
    Info (12022): Found design unit 1: sls_8bit_logic_unit_vhdl-sls_8bit_logic_struc File: C:/Users/sls3445/Documents/DS2_Labs/Lab6/sls_8bit_alu_struc_vhdl_restored/sls_8bit_alu_struc_vhdl/sls_8bit_logic_unit_vhdl.vhd Line: 17
    Info (12023): Found entity 1: sls_8bit_logic_unit_vhdl File: C:/Users/sls3445/Documents/DS2_Labs/Lab6/sls_8bit_alu_struc_vhdl_restored/sls_8bit_alu_struc_vhdl/sls_8bit_logic_unit_vhdl.vhd Line: 8
Info (12021): Found 2 design units, including 1 entities, in source file sls_8bit_sr_unit_vhdl.vhd
    Info (12022): Found design unit 1: sls_8bit_sr_unit_vhdl-sls_8bit_sr_struc File: C:/Users/sls3445/Documents/DS2_Labs/Lab6/sls_8bit_alu_struc_vhdl_restored/sls_8bit_alu_struc_vhdl/sls_8bit_sr_unit_vhdl.vhd Line: 18
    Info (12023): Found entity 1: sls_8bit_sr_unit_vhdl File: C:/Users/sls3445/Documents/DS2_Labs/Lab6/sls_8bit_alu_struc_vhdl_restored/sls_8bit_alu_struc_vhdl/sls_8bit_sr_unit_vhdl.vhd Line: 8
Info (12021): Found 2 design units, including 1 entities, in source file sls_8bit_const_unit_vhdl.vhd
    Info (12022): Found design unit 1: sls_8bit_const_unit_vhdl-sls_8bit_const_struc File: C:/Users/sls3445/Documents/DS2_Labs/Lab6/sls_8bit_alu_struc_vhdl_restored/sls_8bit_alu_struc_vhdl/sls_8bit_const_unit_vhdl.vhd Line: 15
    Info (12023): Found entity 1: sls_8bit_const_unit_vhdl File: C:/Users/sls3445/Documents/DS2_Labs/Lab6/sls_8bit_alu_struc_vhdl_restored/sls_8bit_alu_struc_vhdl/sls_8bit_const_unit_vhdl.vhd Line: 8
Info (12021): Found 2 design units, including 1 entities, in source file sls_nbit_mux2to1_vhdl.vhd
    Info (12022): Found design unit 1: sls_nbit_mux2to1_vhdl-mux2to1_func File: C:/Users/sls3445/Documents/DS2_Labs/Lab6/sls_8bit_alu_struc_vhdl_restored/sls_8bit_alu_struc_vhdl/sls_nbit_mux2to1_vhdl.vhd Line: 11
    Info (12023): Found entity 1: sls_nbit_mux2to1_vhdl File: C:/Users/sls3445/Documents/DS2_Labs/Lab6/sls_8bit_alu_struc_vhdl_restored/sls_8bit_alu_struc_vhdl/sls_nbit_mux2to1_vhdl.vhd Line: 4
Info (12021): Found 2 design units, including 1 entities, in source file sls_nbit_mux4to1_vhdl.vhd
    Info (12022): Found design unit 1: sls_nbit_mux4to1_vhdl-sls_nbit_mux4to1_struc File: C:/Users/sls3445/Documents/DS2_Labs/Lab6/sls_8bit_alu_struc_vhdl_restored/sls_8bit_alu_struc_vhdl/sls_nbit_mux4to1_vhdl.vhd Line: 13
    Info (12023): Found entity 1: sls_nbit_mux4to1_vhdl File: C:/Users/sls3445/Documents/DS2_Labs/Lab6/sls_8bit_alu_struc_vhdl_restored/sls_8bit_alu_struc_vhdl/sls_nbit_mux4to1_vhdl.vhd Line: 6
Info (12021): Found 2 design units, including 1 entities, in source file sls_8bit_alu_struc_vhdl_tb.vhd
    Info (12022): Found design unit 1: sls_8bit_alu_struc_vhdl_tb-sls_verify File: C:/Users/sls3445/Documents/DS2_Labs/Lab6/sls_8bit_alu_struc_vhdl_restored/sls_8bit_alu_struc_vhdl/sls_8bit_alu_struc_vhdl_tb.vhd Line: 18
    Info (12023): Found entity 1: sls_8bit_alu_struc_vhdl_tb File: C:/Users/sls3445/Documents/DS2_Labs/Lab6/sls_8bit_alu_struc_vhdl_restored/sls_8bit_alu_struc_vhdl/sls_8bit_alu_struc_vhdl_tb.vhd Line: 13
Info (12021): Found 2 design units, including 1 entities, in source file sls_fpga_emulation.vhd
    Info (12022): Found design unit 1: sls_fpga_emulation-sls_struc File: C:/Users/sls3445/Documents/DS2_Labs/Lab6/sls_8bit_alu_struc_vhdl_restored/sls_8bit_alu_struc_vhdl/sls_fpga_emulation.vhd Line: 10
    Info (12023): Found entity 1: sls_fpga_emulation File: C:/Users/sls3445/Documents/DS2_Labs/Lab6/sls_8bit_alu_struc_vhdl_restored/sls_8bit_alu_struc_vhdl/sls_fpga_emulation.vhd Line: 4
Info (12021): Found 1 design units, including 0 entities, in source file sls_alu1_package.vhd
    Info (12022): Found design unit 1: sls_alu1_package File: C:/Users/sls3445/Documents/DS2_Labs/Lab6/sls_8bit_alu_struc_vhdl_restored/sls_8bit_alu_struc_vhdl/sls_alu1_package.vhd Line: 4
Info (12127): Elaborating entity "sls_fpga_emulation" for the top level hierarchy
Critical Warning (10920): VHDL Incomplete Partial Association warning at sls_fpga_emulation.vhd(32): port or argument "ALU_Result" has 4/8 unassociated elements File: C:/Users/sls3445/Documents/DS2_Labs/Lab6/sls_8bit_alu_struc_vhdl_restored/sls_8bit_alu_struc_vhdl/sls_fpga_emulation.vhd Line: 32
Info (12128): Elaborating entity "sls_8bit_alu_struc_vhdl" for hierarchy "sls_8bit_alu_struc_vhdl:cut" File: C:/Users/sls3445/Documents/DS2_Labs/Lab6/sls_8bit_alu_struc_vhdl_restored/sls_8bit_alu_struc_vhdl/sls_fpga_emulation.vhd Line: 32
Info (12128): Elaborating entity "sls_nbit_mux4to1_vhdl" for hierarchy "sls_8bit_alu_struc_vhdl:cut|sls_nbit_mux4to1_vhdl:result_mux" File: C:/Users/sls3445/Documents/DS2_Labs/Lab6/sls_8bit_alu_struc_vhdl_restored/sls_8bit_alu_struc_vhdl/sls_8bit_alu_struc_vhdl.vhd Line: 32
Info (12128): Elaborating entity "sls_nbit_mux2to1_vhdl" for hierarchy "sls_8bit_alu_struc_vhdl:cut|sls_nbit_mux4to1_vhdl:result_mux|sls_nbit_mux2to1_vhdl:upper_bits" File: C:/Users/sls3445/Documents/DS2_Labs/Lab6/sls_8bit_alu_struc_vhdl_restored/sls_8bit_alu_struc_vhdl/sls_nbit_mux4to1_vhdl.vhd Line: 17
Info (12128): Elaborating entity "sls_nbit_mux4to1_vhdl" for hierarchy "sls_8bit_alu_struc_vhdl:cut|sls_nbit_mux4to1_vhdl:cnvz_mux" File: C:/Users/sls3445/Documents/DS2_Labs/Lab6/sls_8bit_alu_struc_vhdl_restored/sls_8bit_alu_struc_vhdl/sls_8bit_alu_struc_vhdl.vhd Line: 36
Info (12128): Elaborating entity "sls_nbit_mux2to1_vhdl" for hierarchy "sls_8bit_alu_struc_vhdl:cut|sls_nbit_mux4to1_vhdl:cnvz_mux|sls_nbit_mux2to1_vhdl:upper_bits" File: C:/Users/sls3445/Documents/DS2_Labs/Lab6/sls_8bit_alu_struc_vhdl_restored/sls_8bit_alu_struc_vhdl/sls_nbit_mux4to1_vhdl.vhd Line: 17
Info (12128): Elaborating entity "sls_8bit_arith_unit_vhdl" for hierarchy "sls_8bit_alu_struc_vhdl:cut|sls_8bit_arith_unit_vhdl:arith_unit" File: C:/Users/sls3445/Documents/DS2_Labs/Lab6/sls_8bit_alu_struc_vhdl_restored/sls_8bit_alu_struc_vhdl/sls_8bit_alu_struc_vhdl.vhd Line: 41
Info (12128): Elaborating entity "sls_8bit_add_sub_vhdl" for hierarchy "sls_8bit_alu_struc_vhdl:cut|sls_8bit_arith_unit_vhdl:arith_unit|sls_8bit_add_sub_vhdl:adder" File: C:/Users/sls3445/Documents/DS2_Labs/Lab6/sls_8bit_alu_struc_vhdl_restored/sls_8bit_alu_struc_vhdl/sls_8bit_arith_unit_vhdl.vhd Line: 34
Info (12128): Elaborating entity "sls_8bit_logic_unit_vhdl" for hierarchy "sls_8bit_alu_struc_vhdl:cut|sls_8bit_logic_unit_vhdl:logic_unit" File: C:/Users/sls3445/Documents/DS2_Labs/Lab6/sls_8bit_alu_struc_vhdl_restored/sls_8bit_alu_struc_vhdl/sls_8bit_alu_struc_vhdl.vhd Line: 46
Info (12128): Elaborating entity "sls_8bit_sr_unit_vhdl" for hierarchy "sls_8bit_alu_struc_vhdl:cut|sls_8bit_sr_unit_vhdl:sr_unit" File: C:/Users/sls3445/Documents/DS2_Labs/Lab6/sls_8bit_alu_struc_vhdl_restored/sls_8bit_alu_struc_vhdl/sls_8bit_alu_struc_vhdl.vhd Line: 52
Warning (10036): Verilog HDL or VHDL warning at sls_8bit_sr_unit_vhdl.vhd(23): object "shrl1" assigned a value but never read File: C:/Users/sls3445/Documents/DS2_Labs/Lab6/sls_8bit_alu_struc_vhdl_restored/sls_8bit_alu_struc_vhdl/sls_8bit_sr_unit_vhdl.vhd Line: 23
Warning (10036): Verilog HDL or VHDL warning at sls_8bit_sr_unit_vhdl.vhd(23): object "shrl2" assigned a value but never read File: C:/Users/sls3445/Documents/DS2_Labs/Lab6/sls_8bit_alu_struc_vhdl_restored/sls_8bit_alu_struc_vhdl/sls_8bit_sr_unit_vhdl.vhd Line: 23
Warning (10036): Verilog HDL or VHDL warning at sls_8bit_sr_unit_vhdl.vhd(23): object "shrl3" assigned a value but never read File: C:/Users/sls3445/Documents/DS2_Labs/Lab6/sls_8bit_alu_struc_vhdl_restored/sls_8bit_alu_struc_vhdl/sls_8bit_sr_unit_vhdl.vhd Line: 23
Info (12128): Elaborating entity "sls_8bit_const_unit_vhdl" for hierarchy "sls_8bit_alu_struc_vhdl:cut|sls_8bit_const_unit_vhdl:const_unit" File: C:/Users/sls3445/Documents/DS2_Labs/Lab6/sls_8bit_alu_struc_vhdl_restored/sls_8bit_alu_struc_vhdl/sls_8bit_alu_struc_vhdl.vhd Line: 57
Warning (12241): 1 hierarchies have connectivity warnings - see the Connectivity Checks report folder
Info (286030): Timing-Driven Synthesis is running
Info (16010): Generating hard_block partition "hard_block:auto_generated_inst"
    Info (16011): Adding 0 node(s), including 0 DDIO, 0 PLL, 0 transceiver and 0 LCELL
Info (21057): Implemented 46 device resources after synthesis - the final resource count might be different
    Info (21058): Implemented 6 input pins
    Info (21059): Implemented 8 output pins
    Info (21061): Implemented 32 logic cells
Info: Quartus Prime Analysis & Synthesis was successful. 0 errors, 6 warnings
    Info: Peak virtual memory: 4819 megabytes
    Info: Processing ended: Tue Mar 25 17:48:57 2025
    Info: Elapsed time: 00:00:09
    Info: Total CPU time (on all processors): 00:00:07


