Analysis & Synthesis report for sls_mem_v
Fri Mar 07 15:06:58 2025
Quartus Prime Version 18.1.0 Build 625 09/12/2018 SJ Lite Edition


---------------------
; Table of Contents ;
---------------------
  1. Legal Notice
  2. Analysis & Synthesis Summary
  3. Analysis & Synthesis Settings
  4. Parallel Compilation
  5. Analysis & Synthesis Source Files Read
  6. Analysis & Synthesis Resource Usage Summary
  7. Analysis & Synthesis Resource Utilization by Entity
  8. Analysis & Synthesis RAM Summary
  9. State Machine - |sls_mem_fpga_emulation|sls_mem_cu_v:mem_cu|state
 10. Registers Removed During Synthesis
 11. General Register Statistics
 12. Multiplexer Restructuring Statistics (Restructuring Performed)
 13. Source assignments for sls_mem_v:mut|sls_rom_v:my_rom|altsyncram:altsyncram_component|altsyncram_59a1:auto_generated
 14. Source assignments for sls_mem_v:mut|sls_ram_v:my_ram|altsyncram:altsyncram_component|altsyncram_35g1:auto_generated
 15. Parameter Settings for User Entity Instance: sls_mem_v:mut|sls_rom_v:my_rom|altsyncram:altsyncram_component
 16. Parameter Settings for User Entity Instance: sls_mem_v:mut|sls_ram_v:my_ram|altsyncram:altsyncram_component
 17. Parameter Settings for User Entity Instance: sls_mem_cu_v:mem_cu
 18. altsyncram Parameter Settings by Entity Instance
 19. Port Connectivity Checks: "sls_mem_v:mut"
 20. Post-Synthesis Netlist Statistics for Top Partition
 21. Elapsed Time Per Partition
 22. Analysis & Synthesis Messages



----------------
; Legal Notice ;
----------------
Copyright (C) 2018  Intel Corporation. All rights reserved.
Your use of Intel Corporation's design tools, logic functions 
and other software and tools, and its AMPP partner logic 
functions, and any output files from any of the foregoing 
(including device programming or simulation files), and any 
associated documentation or information are expressly subject 
to the terms and conditions of the Intel Program License 
Subscription Agreement, the Intel Quartus Prime License Agreement,
the Intel FPGA IP License Agreement, or other applicable license
agreement, including, without limitation, that your use is for
the sole purpose of programming logic devices manufactured by
Intel and sold by Intel or its authorized distributors.  Please
refer to the applicable agreement for further details.



+----------------------------------------------------------------------------------+
; Analysis & Synthesis Summary                                                     ;
+------------------------------------+---------------------------------------------+
; Analysis & Synthesis Status        ; Successful - Fri Mar 07 15:06:58 2025       ;
; Quartus Prime Version              ; 18.1.0 Build 625 09/12/2018 SJ Lite Edition ;
; Revision Name                      ; sls_mem_v                                   ;
; Top-level Entity Name              ; sls_mem_fpga_emulation                      ;
; Family                             ; Cyclone IV E                                ;
; Total logic elements               ; 87                                          ;
;     Total combinational functions  ; 81                                          ;
;     Dedicated logic registers      ; 64                                          ;
; Total registers                    ; 64                                          ;
; Total pins                         ; 10                                          ;
; Total virtual pins                 ; 0                                           ;
; Total memory bits                  ; 2,048                                       ;
; Embedded Multiplier 9-bit elements ; 0                                           ;
; Total PLLs                         ; 0                                           ;
+------------------------------------+---------------------------------------------+


+----------------------------------------------------------------------------------------------------------------+
; Analysis & Synthesis Settings                                                                                  ;
+------------------------------------------------------------------+------------------------+--------------------+
; Option                                                           ; Setting                ; Default Value      ;
+------------------------------------------------------------------+------------------------+--------------------+
; Device                                                           ; EP4CE22F17C6           ;                    ;
; Top-level entity name                                            ; sls_mem_fpga_emulation ; sls_mem_v          ;
; Family name                                                      ; Cyclone IV E           ; Cyclone V          ;
; Use smart compilation                                            ; Off                    ; Off                ;
; Enable parallel Assembler and Timing Analyzer during compilation ; On                     ; On                 ;
; Enable compact report table                                      ; Off                    ; Off                ;
; Restructure Multiplexers                                         ; Auto                   ; Auto               ;
; Create Debugging Nodes for IP Cores                              ; Off                    ; Off                ;
; Preserve fewer node names                                        ; On                     ; On                 ;
; Intel FPGA IP Evaluation Mode                                    ; Enable                 ; Enable             ;
; Verilog Version                                                  ; Verilog_2001           ; Verilog_2001       ;
; VHDL Version                                                     ; VHDL_1993              ; VHDL_1993          ;
; State Machine Processing                                         ; Auto                   ; Auto               ;
; Safe State Machine                                               ; Off                    ; Off                ;
; Extract Verilog State Machines                                   ; On                     ; On                 ;
; Extract VHDL State Machines                                      ; On                     ; On                 ;
; Ignore Verilog initial constructs                                ; Off                    ; Off                ;
; Iteration limit for constant Verilog loops                       ; 5000                   ; 5000               ;
; Iteration limit for non-constant Verilog loops                   ; 250                    ; 250                ;
; Add Pass-Through Logic to Inferred RAMs                          ; On                     ; On                 ;
; Infer RAMs from Raw Logic                                        ; On                     ; On                 ;
; Parallel Synthesis                                               ; On                     ; On                 ;
; DSP Block Balancing                                              ; Auto                   ; Auto               ;
; NOT Gate Push-Back                                               ; On                     ; On                 ;
; Power-Up Don't Care                                              ; On                     ; On                 ;
; Remove Redundant Logic Cells                                     ; Off                    ; Off                ;
; Remove Duplicate Registers                                       ; On                     ; On                 ;
; Ignore CARRY Buffers                                             ; Off                    ; Off                ;
; Ignore CASCADE Buffers                                           ; Off                    ; Off                ;
; Ignore GLOBAL Buffers                                            ; Off                    ; Off                ;
; Ignore ROW GLOBAL Buffers                                        ; Off                    ; Off                ;
; Ignore LCELL Buffers                                             ; Off                    ; Off                ;
; Ignore SOFT Buffers                                              ; On                     ; On                 ;
; Limit AHDL Integers to 32 Bits                                   ; Off                    ; Off                ;
; Optimization Technique                                           ; Balanced               ; Balanced           ;
; Carry Chain Length                                               ; 70                     ; 70                 ;
; Auto Carry Chains                                                ; On                     ; On                 ;
; Auto Open-Drain Pins                                             ; On                     ; On                 ;
; Perform WYSIWYG Primitive Resynthesis                            ; Off                    ; Off                ;
; Auto ROM Replacement                                             ; On                     ; On                 ;
; Auto RAM Replacement                                             ; On                     ; On                 ;
; Auto DSP Block Replacement                                       ; On                     ; On                 ;
; Auto Shift Register Replacement                                  ; Auto                   ; Auto               ;
; Allow Shift Register Merging across Hierarchies                  ; Auto                   ; Auto               ;
; Auto Clock Enable Replacement                                    ; On                     ; On                 ;
; Strict RAM Replacement                                           ; Off                    ; Off                ;
; Allow Synchronous Control Signals                                ; On                     ; On                 ;
; Force Use of Synchronous Clear Signals                           ; Off                    ; Off                ;
; Auto RAM Block Balancing                                         ; On                     ; On                 ;
; Auto RAM to Logic Cell Conversion                                ; Off                    ; Off                ;
; Auto Resource Sharing                                            ; Off                    ; Off                ;
; Allow Any RAM Size For Recognition                               ; Off                    ; Off                ;
; Allow Any ROM Size For Recognition                               ; Off                    ; Off                ;
; Allow Any Shift Register Size For Recognition                    ; Off                    ; Off                ;
; Use LogicLock Constraints during Resource Balancing              ; On                     ; On                 ;
; Ignore translate_off and synthesis_off directives                ; Off                    ; Off                ;
; Timing-Driven Synthesis                                          ; On                     ; On                 ;
; Report Parameter Settings                                        ; On                     ; On                 ;
; Report Source Assignments                                        ; On                     ; On                 ;
; Report Connectivity Checks                                       ; On                     ; On                 ;
; Ignore Maximum Fan-Out Assignments                               ; Off                    ; Off                ;
; Synchronization Register Chain Length                            ; 2                      ; 2                  ;
; Power Optimization During Synthesis                              ; Normal compilation     ; Normal compilation ;
; HDL message level                                                ; Level2                 ; Level2             ;
; Suppress Register Optimization Related Messages                  ; Off                    ; Off                ;
; Number of Removed Registers Reported in Synthesis Report         ; 5000                   ; 5000               ;
; Number of Swept Nodes Reported in Synthesis Report               ; 5000                   ; 5000               ;
; Number of Inverted Registers Reported in Synthesis Report        ; 100                    ; 100                ;
; Clock MUX Protection                                             ; On                     ; On                 ;
; Auto Gated Clock Conversion                                      ; Off                    ; Off                ;
; Block Design Naming                                              ; Auto                   ; Auto               ;
; SDC constraint protection                                        ; Off                    ; Off                ;
; Synthesis Effort                                                 ; Auto                   ; Auto               ;
; Shift Register Replacement - Allow Asynchronous Clear Signal     ; On                     ; On                 ;
; Pre-Mapping Resynthesis Optimization                             ; Off                    ; Off                ;
; Analysis & Synthesis Message Level                               ; Medium                 ; Medium             ;
; Disable Register Merging Across Hierarchies                      ; Auto                   ; Auto               ;
; Resource Aware Inference For Block RAM                           ; On                     ; On                 ;
+------------------------------------------------------------------+------------------------+--------------------+


+------------------------------------------+
; Parallel Compilation                     ;
+----------------------------+-------------+
; Processors                 ; Number      ;
+----------------------------+-------------+
; Number detected on machine ; 16          ;
; Maximum allowed            ; 8           ;
;                            ;             ;
; Average used               ; 1.00        ;
; Maximum used               ; 8           ;
;                            ;             ;
; Usage by Processor         ; % Time Used ;
;     Processor 1            ; 100.0%      ;
;     Processors 2-8         ;   0.0%      ;
+----------------------------+-------------+


+---------------------------------------------------------------------------------------------------------------------------------------------------------------------------------------------------------+
; Analysis & Synthesis Source Files Read                                                                                                                                                                  ;
+----------------------------------------+-----------------+----------------------------------+-------------------------------------------------------------------------------------------------+---------+
; File Name with User-Entered Path       ; Used in Netlist ; File Type                        ; File Name with Absolute Path                                                                    ; Library ;
+----------------------------------------+-----------------+----------------------------------+-------------------------------------------------------------------------------------------------+---------+
; sls_mem_fpga_emulation.v               ; yes             ; User Verilog HDL File            ; C:/Users/sls3445/Documents/DS2_Labs/Lab7/sls_mem_v_restored/sls_mem_v/sls_mem_fpga_emulation.v  ;         ;
; sls_mem_cu_v.v                         ; yes             ; User Verilog HDL File            ; C:/Users/sls3445/Documents/DS2_Labs/Lab7/sls_mem_v_restored/sls_mem_v/sls_mem_cu_v.v            ;         ;
; sls_rom_v.v                            ; yes             ; User Wizard-Generated File       ; C:/Users/sls3445/Documents/DS2_Labs/Lab7/sls_mem_v_restored/sls_mem_v/sls_rom_v.v               ;         ;
; sls_ram_v.v                            ; yes             ; User Wizard-Generated File       ; C:/Users/sls3445/Documents/DS2_Labs/Lab7/sls_mem_v_restored/sls_mem_v/sls_ram_v.v               ;         ;
; sls_rom_v.mif                          ; yes             ; User Memory Initialization File  ; C:/Users/sls3445/Documents/DS2_Labs/Lab7/sls_mem_v_restored/sls_mem_v/sls_rom_v.mif             ;         ;
; ../sls_8bit_upcnt_v/sls_8bit_upcnt_v.v ; yes             ; User Verilog HDL File            ; C:/Users/sls3445/Documents/DS2_Labs/Lab7/sls_mem_v_restored/sls_8bit_upcnt_v/sls_8bit_upcnt_v.v ;         ;
; ../sls_4bit_reg_v/sls_4bit_reg_v.v     ; yes             ; User Verilog HDL File            ; C:/Users/sls3445/Documents/DS2_Labs/Lab7/sls_mem_v_restored/sls_4bit_reg_v/sls_4bit_reg_v.v     ;         ;
; sls_mem_v.v                            ; yes             ; User Verilog HDL File            ; C:/Users/sls3445/Documents/DS2_Labs/Lab7/sls_mem_v_restored/sls_mem_v/sls_mem_v.v               ;         ;
; altsyncram.tdf                         ; yes             ; Megafunction                     ; c:/intelfpga_lite/18.1/quartus/libraries/megafunctions/altsyncram.tdf                           ;         ;
; stratix_ram_block.inc                  ; yes             ; Megafunction                     ; c:/intelfpga_lite/18.1/quartus/libraries/megafunctions/stratix_ram_block.inc                    ;         ;
; lpm_mux.inc                            ; yes             ; Megafunction                     ; c:/intelfpga_lite/18.1/quartus/libraries/megafunctions/lpm_mux.inc                              ;         ;
; lpm_decode.inc                         ; yes             ; Megafunction                     ; c:/intelfpga_lite/18.1/quartus/libraries/megafunctions/lpm_decode.inc                           ;         ;
; aglobal181.inc                         ; yes             ; Megafunction                     ; c:/intelfpga_lite/18.1/quartus/libraries/megafunctions/aglobal181.inc                           ;         ;
; a_rdenreg.inc                          ; yes             ; Megafunction                     ; c:/intelfpga_lite/18.1/quartus/libraries/megafunctions/a_rdenreg.inc                            ;         ;
; altrom.inc                             ; yes             ; Megafunction                     ; c:/intelfpga_lite/18.1/quartus/libraries/megafunctions/altrom.inc                               ;         ;
; altram.inc                             ; yes             ; Megafunction                     ; c:/intelfpga_lite/18.1/quartus/libraries/megafunctions/altram.inc                               ;         ;
; altdpram.inc                           ; yes             ; Megafunction                     ; c:/intelfpga_lite/18.1/quartus/libraries/megafunctions/altdpram.inc                             ;         ;
; db/altsyncram_59a1.tdf                 ; yes             ; Auto-Generated Megafunction      ; C:/Users/sls3445/Documents/DS2_Labs/Lab7/sls_mem_v_restored/sls_mem_v/db/altsyncram_59a1.tdf    ;         ;
; db/altsyncram_35g1.tdf                 ; yes             ; Auto-Generated Megafunction      ; C:/Users/sls3445/Documents/DS2_Labs/Lab7/sls_mem_v_restored/sls_mem_v/db/altsyncram_35g1.tdf    ;         ;
+----------------------------------------+-----------------+----------------------------------+-------------------------------------------------------------------------------------------------+---------+


+--------------------------------------------------------+
; Analysis & Synthesis Resource Usage Summary            ;
+---------------------------------------------+----------+
; Resource                                    ; Usage    ;
+---------------------------------------------+----------+
; Estimated Total logic elements              ; 87       ;
;                                             ;          ;
; Total combinational functions               ; 81       ;
; Logic element usage by number of LUT inputs ;          ;
;     -- 4 input functions                    ; 17       ;
;     -- 3 input functions                    ; 8        ;
;     -- <=2 input functions                  ; 56       ;
;                                             ;          ;
; Logic elements by mode                      ;          ;
;     -- normal mode                          ; 44       ;
;     -- arithmetic mode                      ; 37       ;
;                                             ;          ;
; Total registers                             ; 64       ;
;     -- Dedicated logic registers            ; 64       ;
;     -- I/O registers                        ; 0        ;
;                                             ;          ;
; I/O pins                                    ; 10       ;
; Total memory bits                           ; 2048     ;
;                                             ;          ;
; Embedded Multiplier 9-bit elements          ; 0        ;
;                                             ;          ;
; Maximum fan-out node                        ; intClock ;
; Maximum fan-out                             ; 46       ;
; Total fan-out                               ; 498      ;
; Average fan-out                             ; 2.88     ;
+---------------------------------------------+----------+


+-----------------------------------------------------------------------------------------------------------------------------------------------------------------------------------------------------------------------------------------------------------------------------------------------------------------------------------------+
; Analysis & Synthesis Resource Utilization by Entity                                                                                                                                                                                                                                                                                     ;
+----------------------------------------------+---------------------+---------------------------+-------------+--------------+---------+-----------+------+--------------+-----------------------------------------------------------------------------------------------------------------------+------------------------+--------------+
; Compilation Hierarchy Node                   ; Combinational ALUTs ; Dedicated Logic Registers ; Memory Bits ; DSP Elements ; DSP 9x9 ; DSP 18x18 ; Pins ; Virtual Pins ; Full Hierarchy Name                                                                                                   ; Entity Name            ; Library Name ;
+----------------------------------------------+---------------------+---------------------------+-------------+--------------+---------+-----------+------+--------------+-----------------------------------------------------------------------------------------------------------------------+------------------------+--------------+
; |sls_mem_fpga_emulation                      ; 81 (35)             ; 64 (27)                   ; 2048        ; 0            ; 0       ; 0         ; 10   ; 0            ; |sls_mem_fpga_emulation                                                                                               ; sls_mem_fpga_emulation ; work         ;
;    |sls_mem_cu_v:mem_cu|                     ; 26 (26)             ; 17 (17)                   ; 0           ; 0            ; 0       ; 0         ; 0    ; 0            ; |sls_mem_fpga_emulation|sls_mem_cu_v:mem_cu                                                                           ; sls_mem_cu_v           ; work         ;
;    |sls_mem_v:mut|                           ; 20 (0)              ; 20 (0)                    ; 2048        ; 0            ; 0       ; 0         ; 0    ; 0            ; |sls_mem_fpga_emulation|sls_mem_v:mut                                                                                 ; sls_mem_v              ; work         ;
;       |sls_4bit_reg_v:my_h|                  ; 1 (1)               ; 4 (4)                     ; 0           ; 0            ; 0       ; 0         ; 0    ; 0            ; |sls_mem_fpga_emulation|sls_mem_v:mut|sls_4bit_reg_v:my_h                                                             ; sls_4bit_reg_v         ; work         ;
;       |sls_4bit_reg_v:my_l|                  ; 5 (5)               ; 4 (4)                     ; 0           ; 0            ; 0       ; 0         ; 0    ; 0            ; |sls_mem_fpga_emulation|sls_mem_v:mut|sls_4bit_reg_v:my_l                                                             ; sls_4bit_reg_v         ; work         ;
;       |sls_4bit_reg_v:my_reg|                ; 5 (5)               ; 4 (4)                     ; 0           ; 0            ; 0       ; 0         ; 0    ; 0            ; |sls_mem_fpga_emulation|sls_mem_v:mut|sls_4bit_reg_v:my_reg                                                           ; sls_4bit_reg_v         ; work         ;
;       |sls_8bit_upcnt_v:my_cnt|              ; 9 (9)               ; 8 (8)                     ; 0           ; 0            ; 0       ; 0         ; 0    ; 0            ; |sls_mem_fpga_emulation|sls_mem_v:mut|sls_8bit_upcnt_v:my_cnt                                                         ; sls_8bit_upcnt_v       ; work         ;
;       |sls_ram_v:my_ram|                     ; 0 (0)               ; 0 (0)                     ; 1024        ; 0            ; 0       ; 0         ; 0    ; 0            ; |sls_mem_fpga_emulation|sls_mem_v:mut|sls_ram_v:my_ram                                                                ; sls_ram_v              ; work         ;
;          |altsyncram:altsyncram_component|   ; 0 (0)               ; 0 (0)                     ; 1024        ; 0            ; 0       ; 0         ; 0    ; 0            ; |sls_mem_fpga_emulation|sls_mem_v:mut|sls_ram_v:my_ram|altsyncram:altsyncram_component                                ; altsyncram             ; work         ;
;             |altsyncram_35g1:auto_generated| ; 0 (0)               ; 0 (0)                     ; 1024        ; 0            ; 0       ; 0         ; 0    ; 0            ; |sls_mem_fpga_emulation|sls_mem_v:mut|sls_ram_v:my_ram|altsyncram:altsyncram_component|altsyncram_35g1:auto_generated ; altsyncram_35g1        ; work         ;
;       |sls_rom_v:my_rom|                     ; 0 (0)               ; 0 (0)                     ; 1024        ; 0            ; 0       ; 0         ; 0    ; 0            ; |sls_mem_fpga_emulation|sls_mem_v:mut|sls_rom_v:my_rom                                                                ; sls_rom_v              ; work         ;
;          |altsyncram:altsyncram_component|   ; 0 (0)               ; 0 (0)                     ; 1024        ; 0            ; 0       ; 0         ; 0    ; 0            ; |sls_mem_fpga_emulation|sls_mem_v:mut|sls_rom_v:my_rom|altsyncram:altsyncram_component                                ; altsyncram             ; work         ;
;             |altsyncram_59a1:auto_generated| ; 0 (0)               ; 0 (0)                     ; 1024        ; 0            ; 0       ; 0         ; 0    ; 0            ; |sls_mem_fpga_emulation|sls_mem_v:mut|sls_rom_v:my_rom|altsyncram:altsyncram_component|altsyncram_59a1:auto_generated ; altsyncram_59a1        ; work         ;
+----------------------------------------------+---------------------+---------------------------+-------------+--------------+---------+-----------+------+--------------+-----------------------------------------------------------------------------------------------------------------------+------------------------+--------------+
Note: For table entries with two numbers listed, the numbers in parentheses indicate the number of resources of the given type used by the specific entity alone. The numbers listed outside of parentheses indicate the total resources of the given type used by the specific entity and all of its sub-entities in the hierarchy.


+------------------------------------------------------------------------------------------------------------------------------------------------------------------------------------------------------------------+
; Analysis & Synthesis RAM Summary                                                                                                                                                                                 ;
+----------------------------------------------------------------------------------------------------------+------+-------------+--------------+--------------+--------------+--------------+------+---------------+
; Name                                                                                                     ; Type ; Mode        ; Port A Depth ; Port A Width ; Port B Depth ; Port B Width ; Size ; MIF           ;
+----------------------------------------------------------------------------------------------------------+------+-------------+--------------+--------------+--------------+--------------+------+---------------+
; sls_mem_v:mut|sls_ram_v:my_ram|altsyncram:altsyncram_component|altsyncram_35g1:auto_generated|ALTSYNCRAM ; AUTO ; Single Port ; 256          ; 4            ; --           ; --           ; 1024 ; None          ;
; sls_mem_v:mut|sls_rom_v:my_rom|altsyncram:altsyncram_component|altsyncram_59a1:auto_generated|ALTSYNCRAM ; AUTO ; ROM         ; 256          ; 4            ; --           ; --           ; 1024 ; sls_rom_v.mif ;
+----------------------------------------------------------------------------------------------------------+------+-------------+--------------+--------------+--------------+--------------+------+---------------+


Encoding Type:  One-Hot
+-----------------------------------------------------------------------------------+
; State Machine - |sls_mem_fpga_emulation|sls_mem_cu_v:mem_cu|state                 ;
+-----------+-----------+-----------+-----------+-----------+-----------+-----------+
; Name      ; state.101 ; state.100 ; state.011 ; state.010 ; state.001 ; state.000 ;
+-----------+-----------+-----------+-----------+-----------+-----------+-----------+
; state.000 ; 0         ; 0         ; 0         ; 0         ; 0         ; 0         ;
; state.001 ; 0         ; 0         ; 0         ; 0         ; 1         ; 1         ;
; state.010 ; 0         ; 0         ; 0         ; 1         ; 0         ; 1         ;
; state.011 ; 0         ; 0         ; 1         ; 0         ; 0         ; 1         ;
; state.100 ; 0         ; 1         ; 0         ; 0         ; 0         ; 1         ;
; state.101 ; 1         ; 0         ; 0         ; 0         ; 0         ; 1         ;
+-----------+-----------+-----------+-----------+-----------+-----------+-----------+


+---------------------------------------------------------------------------------+
; Registers Removed During Synthesis                                              ;
+---------------------------------------+-----------------------------------------+
; Register name                         ; Reason for Removal                      ;
+---------------------------------------+-----------------------------------------+
; sls_mem_cu_v:mem_cu|WR_EN             ; Merged with sls_mem_cu_v:mem_cu|LD_EN_M ;
; sls_mem_cu_v:mem_cu|state~7           ; Lost fanout                             ;
; sls_mem_cu_v:mem_cu|state~8           ; Lost fanout                             ;
; sls_mem_cu_v:mem_cu|state~9           ; Lost fanout                             ;
; Total Number of Removed Registers = 4 ;                                         ;
+---------------------------------------+-----------------------------------------+


+------------------------------------------------------+
; General Register Statistics                          ;
+----------------------------------------------+-------+
; Statistic                                    ; Value ;
+----------------------------------------------+-------+
; Total registers                              ; 64    ;
; Number of registers using Synchronous Clear  ; 37    ;
; Number of registers using Synchronous Load   ; 8     ;
; Number of registers using Asynchronous Clear ; 0     ;
; Number of registers using Asynchronous Load  ; 0     ;
; Number of registers using Clock Enable       ; 18    ;
; Number of registers using Preset             ; 0     ;
+----------------------------------------------+-------+


+----------------------------------------------------------------------------------------------------------------------------------------------------------------------------------+
; Multiplexer Restructuring Statistics (Restructuring Performed)                                                                                                                   ;
+--------------------+-----------+---------------+----------------------+------------------------+------------+--------------------------------------------------------------------+
; Multiplexer Inputs ; Bus Width ; Baseline Area ; Area if Restructured ; Saving if Restructured ; Registered ; Example Multiplexer Output                                         ;
+--------------------+-----------+---------------+----------------------+------------------------+------------+--------------------------------------------------------------------+
; 3:1                ; 4 bits    ; 8 LEs         ; 4 LEs                ; 4 LEs                  ; Yes        ; |sls_mem_fpga_emulation|sls_mem_v:mut|sls_4bit_reg_v:my_l|Q[3]     ;
; 3:1                ; 4 bits    ; 8 LEs         ; 4 LEs                ; 4 LEs                  ; Yes        ; |sls_mem_fpga_emulation|sls_mem_v:mut|sls_4bit_reg_v:my_h|Q[1]     ;
; 3:1                ; 4 bits    ; 8 LEs         ; 4 LEs                ; 4 LEs                  ; Yes        ; |sls_mem_fpga_emulation|sls_mem_v:mut|sls_4bit_reg_v:my_reg|Q[0]   ;
; 3:1                ; 8 bits    ; 16 LEs        ; 16 LEs               ; 0 LEs                  ; Yes        ; |sls_mem_fpga_emulation|sls_mem_v:mut|sls_8bit_upcnt_v:my_cnt|Q[5] ;
; 8:1                ; 5 bits    ; 25 LEs        ; 20 LEs               ; 5 LEs                  ; Yes        ; |sls_mem_fpga_emulation|sls_mem_cu_v:mem_cu|LD_EN_M                ;
; 9:1                ; 6 bits    ; 36 LEs        ; 6 LEs                ; 30 LEs                 ; Yes        ; |sls_mem_fpga_emulation|sls_mem_cu_v:mem_cu|intcnt[0]              ;
; 8:1                ; 2 bits    ; 10 LEs        ; 8 LEs                ; 2 LEs                  ; No         ; |sls_mem_fpga_emulation|sls_mem_cu_v:mem_cu|state                  ;
; 8:1                ; 2 bits    ; 10 LEs        ; 10 LEs               ; 0 LEs                  ; No         ; |sls_mem_fpga_emulation|sls_mem_cu_v:mem_cu|state                  ;
+--------------------+-----------+---------------+----------------------+------------------------+------------+--------------------------------------------------------------------+


+----------------------------------------------------------------------------------------------------------------------+
; Source assignments for sls_mem_v:mut|sls_rom_v:my_rom|altsyncram:altsyncram_component|altsyncram_59a1:auto_generated ;
+---------------------------------+--------------------+------+--------------------------------------------------------+
; Assignment                      ; Value              ; From ; To                                                     ;
+---------------------------------+--------------------+------+--------------------------------------------------------+
; OPTIMIZE_POWER_DURING_SYNTHESIS ; NORMAL_COMPILATION ; -    ; -                                                      ;
+---------------------------------+--------------------+------+--------------------------------------------------------+


+----------------------------------------------------------------------------------------------------------------------+
; Source assignments for sls_mem_v:mut|sls_ram_v:my_ram|altsyncram:altsyncram_component|altsyncram_35g1:auto_generated ;
+---------------------------------+--------------------+------+--------------------------------------------------------+
; Assignment                      ; Value              ; From ; To                                                     ;
+---------------------------------+--------------------+------+--------------------------------------------------------+
; OPTIMIZE_POWER_DURING_SYNTHESIS ; NORMAL_COMPILATION ; -    ; -                                                      ;
+---------------------------------+--------------------+------+--------------------------------------------------------+


+-------------------------------------------------------------------------------------------------------------+
; Parameter Settings for User Entity Instance: sls_mem_v:mut|sls_rom_v:my_rom|altsyncram:altsyncram_component ;
+------------------------------------+----------------------+-------------------------------------------------+
; Parameter Name                     ; Value                ; Type                                            ;
+------------------------------------+----------------------+-------------------------------------------------+
; BYTE_SIZE_BLOCK                    ; 8                    ; Untyped                                         ;
; AUTO_CARRY_CHAINS                  ; ON                   ; AUTO_CARRY                                      ;
; IGNORE_CARRY_BUFFERS               ; OFF                  ; IGNORE_CARRY                                    ;
; AUTO_CASCADE_CHAINS                ; ON                   ; AUTO_CASCADE                                    ;
; IGNORE_CASCADE_BUFFERS             ; OFF                  ; IGNORE_CASCADE                                  ;
; WIDTH_BYTEENA                      ; 1                    ; Untyped                                         ;
; OPERATION_MODE                     ; ROM                  ; Untyped                                         ;
; WIDTH_A                            ; 4                    ; Signed Integer                                  ;
; WIDTHAD_A                          ; 8                    ; Signed Integer                                  ;
; NUMWORDS_A                         ; 256                  ; Signed Integer                                  ;
; OUTDATA_REG_A                      ; UNREGISTERED         ; Untyped                                         ;
; ADDRESS_ACLR_A                     ; NONE                 ; Untyped                                         ;
; OUTDATA_ACLR_A                     ; NONE                 ; Untyped                                         ;
; WRCONTROL_ACLR_A                   ; NONE                 ; Untyped                                         ;
; INDATA_ACLR_A                      ; NONE                 ; Untyped                                         ;
; BYTEENA_ACLR_A                     ; NONE                 ; Untyped                                         ;
; WIDTH_B                            ; 1                    ; Untyped                                         ;
; WIDTHAD_B                          ; 1                    ; Untyped                                         ;
; NUMWORDS_B                         ; 1                    ; Untyped                                         ;
; INDATA_REG_B                       ; CLOCK1               ; Untyped                                         ;
; WRCONTROL_WRADDRESS_REG_B          ; CLOCK1               ; Untyped                                         ;
; RDCONTROL_REG_B                    ; CLOCK1               ; Untyped                                         ;
; ADDRESS_REG_B                      ; CLOCK1               ; Untyped                                         ;
; OUTDATA_REG_B                      ; UNREGISTERED         ; Untyped                                         ;
; BYTEENA_REG_B                      ; CLOCK1               ; Untyped                                         ;
; INDATA_ACLR_B                      ; NONE                 ; Untyped                                         ;
; WRCONTROL_ACLR_B                   ; NONE                 ; Untyped                                         ;
; ADDRESS_ACLR_B                     ; NONE                 ; Untyped                                         ;
; OUTDATA_ACLR_B                     ; NONE                 ; Untyped                                         ;
; RDCONTROL_ACLR_B                   ; NONE                 ; Untyped                                         ;
; BYTEENA_ACLR_B                     ; NONE                 ; Untyped                                         ;
; WIDTH_BYTEENA_A                    ; 1                    ; Signed Integer                                  ;
; WIDTH_BYTEENA_B                    ; 1                    ; Untyped                                         ;
; RAM_BLOCK_TYPE                     ; AUTO                 ; Untyped                                         ;
; BYTE_SIZE                          ; 8                    ; Untyped                                         ;
; READ_DURING_WRITE_MODE_MIXED_PORTS ; DONT_CARE            ; Untyped                                         ;
; READ_DURING_WRITE_MODE_PORT_A      ; NEW_DATA_NO_NBE_READ ; Untyped                                         ;
; READ_DURING_WRITE_MODE_PORT_B      ; NEW_DATA_NO_NBE_READ ; Untyped                                         ;
; INIT_FILE                          ; sls_rom_v.mif        ; Untyped                                         ;
; INIT_FILE_LAYOUT                   ; PORT_A               ; Untyped                                         ;
; MAXIMUM_DEPTH                      ; 0                    ; Untyped                                         ;
; CLOCK_ENABLE_INPUT_A               ; BYPASS               ; Untyped                                         ;
; CLOCK_ENABLE_INPUT_B               ; NORMAL               ; Untyped                                         ;
; CLOCK_ENABLE_OUTPUT_A              ; BYPASS               ; Untyped                                         ;
; CLOCK_ENABLE_OUTPUT_B              ; NORMAL               ; Untyped                                         ;
; CLOCK_ENABLE_CORE_A                ; USE_INPUT_CLKEN      ; Untyped                                         ;
; CLOCK_ENABLE_CORE_B                ; USE_INPUT_CLKEN      ; Untyped                                         ;
; ENABLE_ECC                         ; FALSE                ; Untyped                                         ;
; ECC_PIPELINE_STAGE_ENABLED         ; FALSE                ; Untyped                                         ;
; WIDTH_ECCSTATUS                    ; 3                    ; Untyped                                         ;
; DEVICE_FAMILY                      ; Cyclone IV E         ; Untyped                                         ;
; CBXI_PARAMETER                     ; altsyncram_59a1      ; Untyped                                         ;
+------------------------------------+----------------------+-------------------------------------------------+
Note: In order to hide this table in the UI and the text report file, please set the "Show Parameter Settings in Synthesis Report" option in "Analysis and Synthesis Settings -> More Settings" to "Off".


+-------------------------------------------------------------------------------------------------------------+
; Parameter Settings for User Entity Instance: sls_mem_v:mut|sls_ram_v:my_ram|altsyncram:altsyncram_component ;
+------------------------------------+----------------------+-------------------------------------------------+
; Parameter Name                     ; Value                ; Type                                            ;
+------------------------------------+----------------------+-------------------------------------------------+
; BYTE_SIZE_BLOCK                    ; 8                    ; Untyped                                         ;
; AUTO_CARRY_CHAINS                  ; ON                   ; AUTO_CARRY                                      ;
; IGNORE_CARRY_BUFFERS               ; OFF                  ; IGNORE_CARRY                                    ;
; AUTO_CASCADE_CHAINS                ; ON                   ; AUTO_CASCADE                                    ;
; IGNORE_CASCADE_BUFFERS             ; OFF                  ; IGNORE_CASCADE                                  ;
; WIDTH_BYTEENA                      ; 1                    ; Untyped                                         ;
; OPERATION_MODE                     ; SINGLE_PORT          ; Untyped                                         ;
; WIDTH_A                            ; 4                    ; Signed Integer                                  ;
; WIDTHAD_A                          ; 8                    ; Signed Integer                                  ;
; NUMWORDS_A                         ; 256                  ; Signed Integer                                  ;
; OUTDATA_REG_A                      ; UNREGISTERED         ; Untyped                                         ;
; ADDRESS_ACLR_A                     ; NONE                 ; Untyped                                         ;
; OUTDATA_ACLR_A                     ; NONE                 ; Untyped                                         ;
; WRCONTROL_ACLR_A                   ; NONE                 ; Untyped                                         ;
; INDATA_ACLR_A                      ; NONE                 ; Untyped                                         ;
; BYTEENA_ACLR_A                     ; NONE                 ; Untyped                                         ;
; WIDTH_B                            ; 1                    ; Untyped                                         ;
; WIDTHAD_B                          ; 1                    ; Untyped                                         ;
; NUMWORDS_B                         ; 1                    ; Untyped                                         ;
; INDATA_REG_B                       ; CLOCK1               ; Untyped                                         ;
; WRCONTROL_WRADDRESS_REG_B          ; CLOCK1               ; Untyped                                         ;
; RDCONTROL_REG_B                    ; CLOCK1               ; Untyped                                         ;
; ADDRESS_REG_B                      ; CLOCK1               ; Untyped                                         ;
; OUTDATA_REG_B                      ; UNREGISTERED         ; Untyped                                         ;
; BYTEENA_REG_B                      ; CLOCK1               ; Untyped                                         ;
; INDATA_ACLR_B                      ; NONE                 ; Untyped                                         ;
; WRCONTROL_ACLR_B                   ; NONE                 ; Untyped                                         ;
; ADDRESS_ACLR_B                     ; NONE                 ; Untyped                                         ;
; OUTDATA_ACLR_B                     ; NONE                 ; Untyped                                         ;
; RDCONTROL_ACLR_B                   ; NONE                 ; Untyped                                         ;
; BYTEENA_ACLR_B                     ; NONE                 ; Untyped                                         ;
; WIDTH_BYTEENA_A                    ; 1                    ; Signed Integer                                  ;
; WIDTH_BYTEENA_B                    ; 1                    ; Untyped                                         ;
; RAM_BLOCK_TYPE                     ; AUTO                 ; Untyped                                         ;
; BYTE_SIZE                          ; 8                    ; Untyped                                         ;
; READ_DURING_WRITE_MODE_MIXED_PORTS ; DONT_CARE            ; Untyped                                         ;
; READ_DURING_WRITE_MODE_PORT_A      ; NEW_DATA_NO_NBE_READ ; Untyped                                         ;
; READ_DURING_WRITE_MODE_PORT_B      ; NEW_DATA_NO_NBE_READ ; Untyped                                         ;
; INIT_FILE                          ; UNUSED               ; Untyped                                         ;
; INIT_FILE_LAYOUT                   ; PORT_A               ; Untyped                                         ;
; MAXIMUM_DEPTH                      ; 0                    ; Untyped                                         ;
; CLOCK_ENABLE_INPUT_A               ; BYPASS               ; Untyped                                         ;
; CLOCK_ENABLE_INPUT_B               ; NORMAL               ; Untyped                                         ;
; CLOCK_ENABLE_OUTPUT_A              ; BYPASS               ; Untyped                                         ;
; CLOCK_ENABLE_OUTPUT_B              ; NORMAL               ; Untyped                                         ;
; CLOCK_ENABLE_CORE_A                ; USE_INPUT_CLKEN      ; Untyped                                         ;
; CLOCK_ENABLE_CORE_B                ; USE_INPUT_CLKEN      ; Untyped                                         ;
; ENABLE_ECC                         ; FALSE                ; Untyped                                         ;
; ECC_PIPELINE_STAGE_ENABLED         ; FALSE                ; Untyped                                         ;
; WIDTH_ECCSTATUS                    ; 3                    ; Untyped                                         ;
; DEVICE_FAMILY                      ; Cyclone IV E         ; Untyped                                         ;
; CBXI_PARAMETER                     ; altsyncram_35g1      ; Untyped                                         ;
+------------------------------------+----------------------+-------------------------------------------------+
Note: In order to hide this table in the UI and the text report file, please set the "Show Parameter Settings in Synthesis Report" option in "Analysis and Synthesis Settings -> More Settings" to "Off".


+------------------------------------------------------------------+
; Parameter Settings for User Entity Instance: sls_mem_cu_v:mem_cu ;
+----------------+-------+-----------------------------------------+
; Parameter Name ; Value ; Type                                    ;
+----------------+-------+-----------------------------------------+
; n              ; 34    ; Signed Integer                          ;
+----------------+-------+-----------------------------------------+
Note: In order to hide this table in the UI and the text report file, please set the "Show Parameter Settings in Synthesis Report" option in "Analysis and Synthesis Settings -> More Settings" to "Off".


+------------------------------------------------------------------------------------------------------------+
; altsyncram Parameter Settings by Entity Instance                                                           ;
+-------------------------------------------+----------------------------------------------------------------+
; Name                                      ; Value                                                          ;
+-------------------------------------------+----------------------------------------------------------------+
; Number of entity instances                ; 2                                                              ;
; Entity Instance                           ; sls_mem_v:mut|sls_rom_v:my_rom|altsyncram:altsyncram_component ;
;     -- OPERATION_MODE                     ; ROM                                                            ;
;     -- WIDTH_A                            ; 4                                                              ;
;     -- NUMWORDS_A                         ; 256                                                            ;
;     -- OUTDATA_REG_A                      ; UNREGISTERED                                                   ;
;     -- WIDTH_B                            ; 1                                                              ;
;     -- NUMWORDS_B                         ; 1                                                              ;
;     -- ADDRESS_REG_B                      ; CLOCK1                                                         ;
;     -- OUTDATA_REG_B                      ; UNREGISTERED                                                   ;
;     -- RAM_BLOCK_TYPE                     ; AUTO                                                           ;
;     -- READ_DURING_WRITE_MODE_MIXED_PORTS ; DONT_CARE                                                      ;
; Entity Instance                           ; sls_mem_v:mut|sls_ram_v:my_ram|altsyncram:altsyncram_component ;
;     -- OPERATION_MODE                     ; SINGLE_PORT                                                    ;
;     -- WIDTH_A                            ; 4                                                              ;
;     -- NUMWORDS_A                         ; 256                                                            ;
;     -- OUTDATA_REG_A                      ; UNREGISTERED                                                   ;
;     -- WIDTH_B                            ; 1                                                              ;
;     -- NUMWORDS_B                         ; 1                                                              ;
;     -- ADDRESS_REG_B                      ; CLOCK1                                                         ;
;     -- OUTDATA_REG_B                      ; UNREGISTERED                                                   ;
;     -- RAM_BLOCK_TYPE                     ; AUTO                                                           ;
;     -- READ_DURING_WRITE_MODE_MIXED_PORTS ; DONT_CARE                                                      ;
+-------------------------------------------+----------------------------------------------------------------+


+---------------------------------------------+
; Port Connectivity Checks: "sls_mem_v:mut"   ;
+-----------+-------+----------+--------------+
; Port      ; Type  ; Severity ; Details      ;
+-----------+-------+----------+--------------+
; Din_upcnt ; Input ; Info     ; Stuck at VCC ;
+-----------+-------+----------+--------------+


+-----------------------------------------------------+
; Post-Synthesis Netlist Statistics for Top Partition ;
+-----------------------+-----------------------------+
; Type                  ; Count                       ;
+-----------------------+-----------------------------+
; boundary_port         ; 10                          ;
; cycloneiii_ff         ; 64                          ;
;     ENA               ; 12                          ;
;     ENA SCLR          ; 6                           ;
;     SCLR              ; 31                          ;
;     SLD               ; 8                           ;
;     plain             ; 7                           ;
; cycloneiii_lcell_comb ; 81                          ;
;     arith             ; 37                          ;
;         2 data inputs ; 36                          ;
;         3 data inputs ; 1                           ;
;     normal            ; 44                          ;
;         1 data inputs ; 3                           ;
;         2 data inputs ; 17                          ;
;         3 data inputs ; 7                           ;
;         4 data inputs ; 17                          ;
; cycloneiii_ram_block  ; 8                           ;
;                       ;                             ;
; Max LUT depth         ; 3.50                        ;
; Average LUT depth     ; 2.14                        ;
+-----------------------+-----------------------------+


+-------------------------------+
; Elapsed Time Per Partition    ;
+----------------+--------------+
; Partition Name ; Elapsed Time ;
+----------------+--------------+
; Top            ; 00:00:00     ;
+----------------+--------------+


+-------------------------------+
; Analysis & Synthesis Messages ;
+-------------------------------+
Info: *******************************************************************
Info: Running Quartus Prime Analysis & Synthesis
    Info: Version 18.1.0 Build 625 09/12/2018 SJ Lite Edition
    Info: Processing started: Fri Mar 07 15:06:49 2025
Info: Command: quartus_map --read_settings_files=on --write_settings_files=off sls_mem_v -c sls_mem_v
Warning (18236): Number of processors has not been specified which may cause overloading on shared machines.  Set the global assignment NUM_PARALLEL_PROCESSORS in your QSF to an appropriate value for best performance.
Info (20030): Parallel compilation is enabled and will use 8 of the 8 processors detected
Info (12021): Found 1 design units, including 1 entities, in source file sls_mem_fpga_emulation.v
    Info (12023): Found entity 1: sls_mem_fpga_emulation File: C:/Users/sls3445/Documents/DS2_Labs/Lab7/sls_mem_v_restored/sls_mem_v/sls_mem_fpga_emulation.v Line: 1
Info (12021): Found 1 design units, including 1 entities, in source file sls_mem_cu_v.v
    Info (12023): Found entity 1: sls_mem_cu_v File: C:/Users/sls3445/Documents/DS2_Labs/Lab7/sls_mem_v_restored/sls_mem_v/sls_mem_cu_v.v Line: 1
Info (12021): Found 1 design units, including 1 entities, in source file sls_rom_v.v
    Info (12023): Found entity 1: sls_rom_v File: C:/Users/sls3445/Documents/DS2_Labs/Lab7/sls_mem_v_restored/sls_mem_v/sls_rom_v.v Line: 39
Info (12021): Found 1 design units, including 1 entities, in source file sls_ram_v.v
    Info (12023): Found entity 1: sls_ram_v File: C:/Users/sls3445/Documents/DS2_Labs/Lab7/sls_mem_v_restored/sls_mem_v/sls_ram_v.v Line: 39
Info (12021): Found 1 design units, including 1 entities, in source file /users/sls3445/documents/ds2_labs/lab7/sls_mem_v_restored/sls_8bit_upcnt_v/sls_8bit_upcnt_v.v
    Info (12023): Found entity 1: sls_8bit_upcnt_v File: C:/Users/sls3445/Documents/DS2_Labs/Lab7/sls_mem_v_restored/sls_8bit_upcnt_v/sls_8bit_upcnt_v.v Line: 1
Info (12021): Found 1 design units, including 1 entities, in source file /users/sls3445/documents/ds2_labs/lab7/sls_mem_v_restored/sls_4bit_reg_v/sls_4bit_reg_v.v
    Info (12023): Found entity 1: sls_4bit_reg_v File: C:/Users/sls3445/Documents/DS2_Labs/Lab7/sls_mem_v_restored/sls_4bit_reg_v/sls_4bit_reg_v.v Line: 1
Info (12021): Found 1 design units, including 1 entities, in source file sls_mem_v.v
    Info (12023): Found entity 1: sls_mem_v File: C:/Users/sls3445/Documents/DS2_Labs/Lab7/sls_mem_v_restored/sls_mem_v/sls_mem_v.v Line: 1
Info (12021): Found 1 design units, including 1 entities, in source file sls_mem_v_tb.v
    Info (12023): Found entity 1: sls_mem_v_tb File: C:/Users/sls3445/Documents/DS2_Labs/Lab7/sls_mem_v_restored/sls_mem_v/sls_mem_v_tb.v Line: 3
Info (12127): Elaborating entity "sls_mem_fpga_emulation" for the top level hierarchy
Info (12128): Elaborating entity "sls_mem_v" for hierarchy "sls_mem_v:mut" File: C:/Users/sls3445/Documents/DS2_Labs/Lab7/sls_mem_v_restored/sls_mem_v/sls_mem_fpga_emulation.v Line: 20
Info (12128): Elaborating entity "sls_8bit_upcnt_v" for hierarchy "sls_mem_v:mut|sls_8bit_upcnt_v:my_cnt" File: C:/Users/sls3445/Documents/DS2_Labs/Lab7/sls_mem_v_restored/sls_mem_v/sls_mem_v.v Line: 14
Info (12128): Elaborating entity "sls_rom_v" for hierarchy "sls_mem_v:mut|sls_rom_v:my_rom" File: C:/Users/sls3445/Documents/DS2_Labs/Lab7/sls_mem_v_restored/sls_mem_v/sls_mem_v.v Line: 16
Info (12128): Elaborating entity "altsyncram" for hierarchy "sls_mem_v:mut|sls_rom_v:my_rom|altsyncram:altsyncram_component" File: C:/Users/sls3445/Documents/DS2_Labs/Lab7/sls_mem_v_restored/sls_mem_v/sls_rom_v.v Line: 81
Info (12130): Elaborated megafunction instantiation "sls_mem_v:mut|sls_rom_v:my_rom|altsyncram:altsyncram_component" File: C:/Users/sls3445/Documents/DS2_Labs/Lab7/sls_mem_v_restored/sls_mem_v/sls_rom_v.v Line: 81
Info (12133): Instantiated megafunction "sls_mem_v:mut|sls_rom_v:my_rom|altsyncram:altsyncram_component" with the following parameter: File: C:/Users/sls3445/Documents/DS2_Labs/Lab7/sls_mem_v_restored/sls_mem_v/sls_rom_v.v Line: 81
    Info (12134): Parameter "address_aclr_a" = "NONE"
    Info (12134): Parameter "clock_enable_input_a" = "BYPASS"
    Info (12134): Parameter "clock_enable_output_a" = "BYPASS"
    Info (12134): Parameter "init_file" = "sls_rom_v.mif"
    Info (12134): Parameter "intended_device_family" = "Cyclone IV E"
    Info (12134): Parameter "lpm_hint" = "ENABLE_RUNTIME_MOD=NO"
    Info (12134): Parameter "lpm_type" = "altsyncram"
    Info (12134): Parameter "numwords_a" = "256"
    Info (12134): Parameter "operation_mode" = "ROM"
    Info (12134): Parameter "outdata_aclr_a" = "NONE"
    Info (12134): Parameter "outdata_reg_a" = "UNREGISTERED"
    Info (12134): Parameter "widthad_a" = "8"
    Info (12134): Parameter "width_a" = "4"
    Info (12134): Parameter "width_byteena_a" = "1"
Info (12021): Found 1 design units, including 1 entities, in source file db/altsyncram_59a1.tdf
    Info (12023): Found entity 1: altsyncram_59a1 File: C:/Users/sls3445/Documents/DS2_Labs/Lab7/sls_mem_v_restored/sls_mem_v/db/altsyncram_59a1.tdf Line: 27
Info (12128): Elaborating entity "altsyncram_59a1" for hierarchy "sls_mem_v:mut|sls_rom_v:my_rom|altsyncram:altsyncram_component|altsyncram_59a1:auto_generated" File: c:/intelfpga_lite/18.1/quartus/libraries/megafunctions/altsyncram.tdf Line: 791
Info (12128): Elaborating entity "sls_4bit_reg_v" for hierarchy "sls_mem_v:mut|sls_4bit_reg_v:my_reg" File: C:/Users/sls3445/Documents/DS2_Labs/Lab7/sls_mem_v_restored/sls_mem_v/sls_mem_v.v Line: 18
Info (12128): Elaborating entity "sls_ram_v" for hierarchy "sls_mem_v:mut|sls_ram_v:my_ram" File: C:/Users/sls3445/Documents/DS2_Labs/Lab7/sls_mem_v_restored/sls_mem_v/sls_mem_v.v Line: 20
Info (12128): Elaborating entity "altsyncram" for hierarchy "sls_mem_v:mut|sls_ram_v:my_ram|altsyncram:altsyncram_component" File: C:/Users/sls3445/Documents/DS2_Labs/Lab7/sls_mem_v_restored/sls_mem_v/sls_ram_v.v Line: 85
Info (12130): Elaborated megafunction instantiation "sls_mem_v:mut|sls_ram_v:my_ram|altsyncram:altsyncram_component" File: C:/Users/sls3445/Documents/DS2_Labs/Lab7/sls_mem_v_restored/sls_mem_v/sls_ram_v.v Line: 85
Info (12133): Instantiated megafunction "sls_mem_v:mut|sls_ram_v:my_ram|altsyncram:altsyncram_component" with the following parameter: File: C:/Users/sls3445/Documents/DS2_Labs/Lab7/sls_mem_v_restored/sls_mem_v/sls_ram_v.v Line: 85
    Info (12134): Parameter "clock_enable_input_a" = "BYPASS"
    Info (12134): Parameter "clock_enable_output_a" = "BYPASS"
    Info (12134): Parameter "intended_device_family" = "Cyclone IV E"
    Info (12134): Parameter "lpm_hint" = "ENABLE_RUNTIME_MOD=NO"
    Info (12134): Parameter "lpm_type" = "altsyncram"
    Info (12134): Parameter "numwords_a" = "256"
    Info (12134): Parameter "operation_mode" = "SINGLE_PORT"
    Info (12134): Parameter "outdata_aclr_a" = "NONE"
    Info (12134): Parameter "outdata_reg_a" = "UNREGISTERED"
    Info (12134): Parameter "power_up_uninitialized" = "FALSE"
    Info (12134): Parameter "read_during_write_mode_port_a" = "NEW_DATA_NO_NBE_READ"
    Info (12134): Parameter "widthad_a" = "8"
    Info (12134): Parameter "width_a" = "4"
    Info (12134): Parameter "width_byteena_a" = "1"
Info (12021): Found 1 design units, including 1 entities, in source file db/altsyncram_35g1.tdf
    Info (12023): Found entity 1: altsyncram_35g1 File: C:/Users/sls3445/Documents/DS2_Labs/Lab7/sls_mem_v_restored/sls_mem_v/db/altsyncram_35g1.tdf Line: 27
Info (12128): Elaborating entity "altsyncram_35g1" for hierarchy "sls_mem_v:mut|sls_ram_v:my_ram|altsyncram:altsyncram_component|altsyncram_35g1:auto_generated" File: c:/intelfpga_lite/18.1/quartus/libraries/megafunctions/altsyncram.tdf Line: 791
Info (12128): Elaborating entity "sls_mem_cu_v" for hierarchy "sls_mem_cu_v:mem_cu" File: C:/Users/sls3445/Documents/DS2_Labs/Lab7/sls_mem_v_restored/sls_mem_v/sls_mem_fpga_emulation.v Line: 25
Info (286030): Timing-Driven Synthesis is running
Info (17049): 3 registers lost all their fanouts during netlist optimizations.
Info (16010): Generating hard_block partition "hard_block:auto_generated_inst"
    Info (16011): Adding 0 node(s), including 0 DDIO, 0 PLL, 0 transceiver and 0 LCELL
Info (21057): Implemented 112 device resources after synthesis - the final resource count might be different
    Info (21058): Implemented 2 input pins
    Info (21059): Implemented 8 output pins
    Info (21061): Implemented 94 logic cells
    Info (21064): Implemented 8 RAM segments
Info: Quartus Prime Analysis & Synthesis was successful. 0 errors, 1 warning
    Info: Peak virtual memory: 4823 megabytes
    Info: Processing ended: Fri Mar 07 15:06:58 2025
    Info: Elapsed time: 00:00:09
    Info: Total CPU time (on all processors): 00:00:07


