Analysis & Synthesis report for slsRISC_vhdl
Thu Apr 03 16:01:22 2025
Quartus Prime Version 18.1.0 Build 625 09/12/2018 SJ Lite Edition


---------------------
; Table of Contents ;
---------------------
  1. Legal Notice
  2. Analysis & Synthesis Summary
  3. Analysis & Synthesis Settings
  4. Parallel Compilation
  5. Analysis & Synthesis Messages



----------------
; Legal Notice ;
----------------
Copyright (C) 2018  Intel Corporation. All rights reserved.
Your use of Intel Corporation's design tools, logic functions 
and other software and tools, and its AMPP partner logic 
functions, and any output files from any of the foregoing 
(including device programming or simulation files), and any 
associated documentation or information are expressly subject 
to the terms and conditions of the Intel Program License 
Subscription Agreement, the Intel Quartus Prime License Agreement,
the Intel FPGA IP License Agreement, or other applicable license
agreement, including, without limitation, that your use is for
the sole purpose of programming logic devices manufactured by
Intel and sold by Intel or its authorized distributors.  Please
refer to the applicable agreement for further details.



+----------------------------------------------------------------------------------+
; Analysis & Synthesis Summary                                                     ;
+------------------------------------+---------------------------------------------+
; Analysis & Synthesis Status        ; Failed - Thu Apr 03 16:01:21 2025           ;
; Quartus Prime Version              ; 18.1.0 Build 625 09/12/2018 SJ Lite Edition ;
; Revision Name                      ; slsRISC_vhdl                                ;
; Top-level Entity Name              ; slsRISC_DP_vhdl                             ;
; Family                             ; Cyclone IV E                                ;
; Total logic elements               ; N/A until Partition Merge                   ;
;     Total combinational functions  ; N/A until Partition Merge                   ;
;     Dedicated logic registers      ; N/A until Partition Merge                   ;
; Total registers                    ; N/A until Partition Merge                   ;
; Total pins                         ; N/A until Partition Merge                   ;
; Total virtual pins                 ; N/A until Partition Merge                   ;
; Total memory bits                  ; N/A until Partition Merge                   ;
; Embedded Multiplier 9-bit elements ; N/A until Partition Merge                   ;
; Total PLLs                         ; N/A until Partition Merge                   ;
+------------------------------------+---------------------------------------------+


+------------------------------------------------------------------------------------------------------------+
; Analysis & Synthesis Settings                                                                              ;
+------------------------------------------------------------------+--------------------+--------------------+
; Option                                                           ; Setting            ; Default Value      ;
+------------------------------------------------------------------+--------------------+--------------------+
; Device                                                           ; EP4CE22F17C6       ;                    ;
; Top-level entity name                                            ; slsRISC_DP_vhdl    ; slsRISC_vhdl       ;
; Family name                                                      ; Cyclone IV E       ; Cyclone V          ;
; Use smart compilation                                            ; Off                ; Off                ;
; Enable parallel Assembler and Timing Analyzer during compilation ; On                 ; On                 ;
; Enable compact report table                                      ; Off                ; Off                ;
; Restructure Multiplexers                                         ; Auto               ; Auto               ;
; Create Debugging Nodes for IP Cores                              ; Off                ; Off                ;
; Preserve fewer node names                                        ; On                 ; On                 ;
; Intel FPGA IP Evaluation Mode                                    ; Enable             ; Enable             ;
; Verilog Version                                                  ; Verilog_2001       ; Verilog_2001       ;
; VHDL Version                                                     ; VHDL_1993          ; VHDL_1993          ;
; State Machine Processing                                         ; Auto               ; Auto               ;
; Safe State Machine                                               ; Off                ; Off                ;
; Extract Verilog State Machines                                   ; On                 ; On                 ;
; Extract VHDL State Machines                                      ; On                 ; On                 ;
; Ignore Verilog initial constructs                                ; Off                ; Off                ;
; Iteration limit for constant Verilog loops                       ; 5000               ; 5000               ;
; Iteration limit for non-constant Verilog loops                   ; 250                ; 250                ;
; Add Pass-Through Logic to Inferred RAMs                          ; On                 ; On                 ;
; Infer RAMs from Raw Logic                                        ; On                 ; On                 ;
; Parallel Synthesis                                               ; On                 ; On                 ;
; DSP Block Balancing                                              ; Auto               ; Auto               ;
; NOT Gate Push-Back                                               ; On                 ; On                 ;
; Power-Up Don't Care                                              ; On                 ; On                 ;
; Remove Redundant Logic Cells                                     ; Off                ; Off                ;
; Remove Duplicate Registers                                       ; On                 ; On                 ;
; Ignore CARRY Buffers                                             ; Off                ; Off                ;
; Ignore CASCADE Buffers                                           ; Off                ; Off                ;
; Ignore GLOBAL Buffers                                            ; Off                ; Off                ;
; Ignore ROW GLOBAL Buffers                                        ; Off                ; Off                ;
; Ignore LCELL Buffers                                             ; Off                ; Off                ;
; Ignore SOFT Buffers                                              ; On                 ; On                 ;
; Limit AHDL Integers to 32 Bits                                   ; Off                ; Off                ;
; Optimization Technique                                           ; Balanced           ; Balanced           ;
; Carry Chain Length                                               ; 70                 ; 70                 ;
; Auto Carry Chains                                                ; On                 ; On                 ;
; Auto Open-Drain Pins                                             ; On                 ; On                 ;
; Perform WYSIWYG Primitive Resynthesis                            ; Off                ; Off                ;
; Auto ROM Replacement                                             ; On                 ; On                 ;
; Auto RAM Replacement                                             ; On                 ; On                 ;
; Auto DSP Block Replacement                                       ; On                 ; On                 ;
; Auto Shift Register Replacement                                  ; Auto               ; Auto               ;
; Allow Shift Register Merging across Hierarchies                  ; Auto               ; Auto               ;
; Auto Clock Enable Replacement                                    ; On                 ; On                 ;
; Strict RAM Replacement                                           ; Off                ; Off                ;
; Allow Synchronous Control Signals                                ; On                 ; On                 ;
; Force Use of Synchronous Clear Signals                           ; Off                ; Off                ;
; Auto RAM Block Balancing                                         ; On                 ; On                 ;
; Auto RAM to Logic Cell Conversion                                ; Off                ; Off                ;
; Auto Resource Sharing                                            ; Off                ; Off                ;
; Allow Any RAM Size For Recognition                               ; Off                ; Off                ;
; Allow Any ROM Size For Recognition                               ; Off                ; Off                ;
; Allow Any Shift Register Size For Recognition                    ; Off                ; Off                ;
; Use LogicLock Constraints during Resource Balancing              ; On                 ; On                 ;
; Ignore translate_off and synthesis_off directives                ; Off                ; Off                ;
; Timing-Driven Synthesis                                          ; On                 ; On                 ;
; Report Parameter Settings                                        ; On                 ; On                 ;
; Report Source Assignments                                        ; On                 ; On                 ;
; Report Connectivity Checks                                       ; On                 ; On                 ;
; Ignore Maximum Fan-Out Assignments                               ; Off                ; Off                ;
; Synchronization Register Chain Length                            ; 2                  ; 2                  ;
; Power Optimization During Synthesis                              ; Normal compilation ; Normal compilation ;
; HDL message level                                                ; Level2             ; Level2             ;
; Suppress Register Optimization Related Messages                  ; Off                ; Off                ;
; Number of Removed Registers Reported in Synthesis Report         ; 5000               ; 5000               ;
; Number of Swept Nodes Reported in Synthesis Report               ; 5000               ; 5000               ;
; Number of Inverted Registers Reported in Synthesis Report        ; 100                ; 100                ;
; Clock MUX Protection                                             ; On                 ; On                 ;
; Auto Gated Clock Conversion                                      ; Off                ; Off                ;
; Block Design Naming                                              ; Auto               ; Auto               ;
; SDC constraint protection                                        ; Off                ; Off                ;
; Synthesis Effort                                                 ; Auto               ; Auto               ;
; Shift Register Replacement - Allow Asynchronous Clear Signal     ; On                 ; On                 ;
; Pre-Mapping Resynthesis Optimization                             ; Off                ; Off                ;
; Analysis & Synthesis Message Level                               ; Medium             ; Medium             ;
; Disable Register Merging Across Hierarchies                      ; Auto               ; Auto               ;
; Resource Aware Inference For Block RAM                           ; On                 ; On                 ;
+------------------------------------------------------------------+--------------------+--------------------+


+------------------------------------------+
; Parallel Compilation                     ;
+----------------------------+-------------+
; Processors                 ; Number      ;
+----------------------------+-------------+
; Number detected on machine ; 48          ;
; Maximum allowed            ; 16          ;
;                            ;             ;
; Average used               ; 1.00        ;
; Maximum used               ; 1           ;
;                            ;             ;
; Usage by Processor         ; % Time Used ;
;     Processor 1            ; 100.0%      ;
+----------------------------+-------------+


+-------------------------------+
; Analysis & Synthesis Messages ;
+-------------------------------+
Info: *******************************************************************
Info: Running Quartus Prime Analysis & Synthesis
    Info: Version 18.1.0 Build 625 09/12/2018 SJ Lite Edition
    Info: Processing started: Thu Apr 03 15:59:57 2025
Info: Command: quartus_map --read_settings_files=on --write_settings_files=off slsRISC_vhdl -c slsRISC_vhdl
Warning (18236): Number of processors has not been specified which may cause overloading on shared machines.  Set the global assignment NUM_PARALLEL_PROCESSORS in your QSF to an appropriate value for best performance.
Info (20030): Parallel compilation is enabled and will use 16 of the 16 processors detected
Info (12021): Found 2 design units, including 1 entities, in source file slsrisc_vhdl.vhd
    Info (12022): Found design unit 1: slsRISC_vhdl-slsRISC_struc File: //tsclient/Labs_from_desktop/Lab9/slsRISC_vhdl/slsRISC_vhdl.vhd Line: 18
    Info (12023): Found entity 1: slsRISC_vhdl File: //tsclient/Labs_from_desktop/Lab9/slsRISC_vhdl/slsRISC_vhdl.vhd Line: 8
Error (10500): VHDL syntax error at slsRISC_CU_vhdl.vhd(78) near text "|";  expecting ")", or "," File: //tsclient/Labs_from_desktop/Lab9/slsRISC_vhdl/slsRISC_CU_vhdl.vhd Line: 78
Error (10500): VHDL syntax error at slsRISC_CU_vhdl.vhd(79) near text ")";  expecting "!", or "=>" File: //tsclient/Labs_from_desktop/Lab9/slsRISC_vhdl/slsRISC_CU_vhdl.vhd Line: 79
Error (10500): VHDL syntax error at slsRISC_CU_vhdl.vhd(80) near text "=";  expecting "(", or "'", or "." File: //tsclient/Labs_from_desktop/Lab9/slsRISC_vhdl/slsRISC_CU_vhdl.vhd Line: 80
Error (10500): VHDL syntax error at slsRISC_CU_vhdl.vhd(81) near text "=";  expecting "(", or "'", or "." File: //tsclient/Labs_from_desktop/Lab9/slsRISC_vhdl/slsRISC_CU_vhdl.vhd Line: 81
Error (10500): VHDL syntax error at slsRISC_CU_vhdl.vhd(82) near text "=";  expecting "(", or "'", or "." File: //tsclient/Labs_from_desktop/Lab9/slsRISC_vhdl/slsRISC_CU_vhdl.vhd Line: 82
Error (10500): VHDL syntax error at slsRISC_CU_vhdl.vhd(83) near text "=";  expecting "(", or "'", or "." File: //tsclient/Labs_from_desktop/Lab9/slsRISC_vhdl/slsRISC_CU_vhdl.vhd Line: 83
Error (10500): VHDL syntax error at slsRISC_CU_vhdl.vhd(87) near text "<=";  expecting ";" File: //tsclient/Labs_from_desktop/Lab9/slsRISC_vhdl/slsRISC_CU_vhdl.vhd Line: 87
Error (10500): VHDL syntax error at slsRISC_CU_vhdl.vhd(90) near text "|";  expecting ")", or "," File: //tsclient/Labs_from_desktop/Lab9/slsRISC_vhdl/slsRISC_CU_vhdl.vhd Line: 90
Error (10500): VHDL syntax error at slsRISC_CU_vhdl.vhd(99) near text "=";  expecting "(", or "'", or "." File: //tsclient/Labs_from_desktop/Lab9/slsRISC_vhdl/slsRISC_CU_vhdl.vhd Line: 99
Error (10500): VHDL syntax error at slsRISC_CU_vhdl.vhd(100) near text "=";  expecting "(", or "'", or "." File: //tsclient/Labs_from_desktop/Lab9/slsRISC_vhdl/slsRISC_CU_vhdl.vhd Line: 100
Error (10500): VHDL syntax error at slsRISC_CU_vhdl.vhd(101) near text "=";  expecting "(", or "'", or "." File: //tsclient/Labs_from_desktop/Lab9/slsRISC_vhdl/slsRISC_CU_vhdl.vhd Line: 101
Error (10500): VHDL syntax error at slsRISC_CU_vhdl.vhd(102) near text "=";  expecting "(", or "'", or "." File: //tsclient/Labs_from_desktop/Lab9/slsRISC_vhdl/slsRISC_CU_vhdl.vhd Line: 102
Error (10500): VHDL syntax error at slsRISC_CU_vhdl.vhd(105) near text "=";  expecting "(", or "'", or "." File: //tsclient/Labs_from_desktop/Lab9/slsRISC_vhdl/slsRISC_CU_vhdl.vhd Line: 105
Error (10500): VHDL syntax error at slsRISC_CU_vhdl.vhd(119) near text "=";  expecting "(", or "'", or "." File: //tsclient/Labs_from_desktop/Lab9/slsRISC_vhdl/slsRISC_CU_vhdl.vhd Line: 119
Error (10500): VHDL syntax error at slsRISC_CU_vhdl.vhd(131) near text "=";  expecting "(", or "'", or "." File: //tsclient/Labs_from_desktop/Lab9/slsRISC_vhdl/slsRISC_CU_vhdl.vhd Line: 131
Error (10500): VHDL syntax error at slsRISC_CU_vhdl.vhd(132) near text "=";  expecting "(", or "'", or "." File: //tsclient/Labs_from_desktop/Lab9/slsRISC_vhdl/slsRISC_CU_vhdl.vhd Line: 132
Error (10500): VHDL syntax error at slsRISC_CU_vhdl.vhd(133) near text "=";  expecting "(", or "'", or "." File: //tsclient/Labs_from_desktop/Lab9/slsRISC_vhdl/slsRISC_CU_vhdl.vhd Line: 133
Error (10500): VHDL syntax error at slsRISC_CU_vhdl.vhd(134) near text "=";  expecting "(", or "'", or "." File: //tsclient/Labs_from_desktop/Lab9/slsRISC_vhdl/slsRISC_CU_vhdl.vhd Line: 134
Error (10500): VHDL syntax error at slsRISC_CU_vhdl.vhd(141) near text ";";  expecting "(", or an identifier, or "range" File: //tsclient/Labs_from_desktop/Lab9/slsRISC_vhdl/slsRISC_CU_vhdl.vhd Line: 141
Info (12021): Found 0 design units, including 0 entities, in source file slsrisc_cu_vhdl.vhd
Info (12021): Found 2 design units, including 1 entities, in source file sls_iw2ascii_vhdl.vhd
    Info (12022): Found design unit 1: sls_IW2ASCII_vhdl-disassemble File: //tsclient/Labs_from_desktop/Lab9/slsRISC_vhdl/sls_IW2ASCII_vhdl.vhd Line: 24
    Info (12023): Found entity 1: sls_IW2ASCII_vhdl File: //tsclient/Labs_from_desktop/Lab9/slsRISC_vhdl/sls_IW2ASCII_vhdl.vhd Line: 16
Info (12021): Found 1 design units, including 0 entities, in source file //tsclient/labs_from_desktop/sls_package/sls_package.vhd
    Info (12022): Found design unit 1: sls_package File: //tsclient/Labs_from_desktop/sls_package/sls_package.vhd Line: 4
Info (12021): Found 1 design units, including 0 entities, in source file //tsclient/labs_from_desktop/lab6/sls_8bit_alu_struc_vhdl_restored/sls_8bit_alu_struc_vhdl/sls_alu_package.vhd
    Info (12022): Found design unit 1: sls_alu_package File: //tsclient/Labs_from_desktop/Lab6/sls_8bit_alu_struc_vhdl_restored/sls_8bit_alu_struc_vhdl/sls_alu_package.vhd Line: 4
Error (10500): VHDL syntax error at slsRISC_DP_vhdl.vhd(92) near text "slsRisc_DP_struc";  expecting "entity", or "architecture", or "use", or "library", or "package", or "configuration" File: //tsclient/Labs_from_desktop/Lab9/slsRISC_vhdl/slsRISC_DP_vhdl.vhd Line: 92
Info (12021): Found 0 design units, including 0 entities, in source file slsrisc_dp_vhdl.vhd
Info (12021): Found 2 design units, including 1 entities, in source file sls_mm_vhdl.vhd
    Info (12022): Found design unit 1: sls_MM_vhdl-SYN File: //tsclient/Labs_from_desktop/Lab9/slsRISC_vhdl/sls_MM_vhdl.vhd Line: 54
    Info (12023): Found entity 1: sls_MM_vhdl File: //tsclient/Labs_from_desktop/Lab9/slsRISC_vhdl/sls_MM_vhdl.vhd Line: 42
Info (12021): Found 1 design units, including 0 entities, in source file sls_risc_package.vhd
    Info (12022): Found design unit 1: sls_RISC_package File: //tsclient/Labs_from_desktop/Lab9/slsRISC_vhdl/sls_RISC_package.vhd Line: 4
Info (12021): Found 2 design units, including 1 entities, in source file sls_8bit_4loc_stack_vhdl.vhd
    Info (12022): Found design unit 1: sls_8bit_4loc_stack_vhdl-sls_stack File: //tsclient/Labs_from_desktop/Lab9/slsRISC_vhdl/sls_8bit_4loc_stack_vhdl.vhd Line: 11
    Info (12023): Found entity 1: sls_8bit_4loc_stack_vhdl File: //tsclient/Labs_from_desktop/Lab9/slsRISC_vhdl/sls_8bit_4loc_stack_vhdl.vhd Line: 5
Error (10430): VHDL Primary Unit Declaration error at CU_Temp.vhd(8): primary unit "slsRISC_CU_vhdl" already exists in library "work". Compile the two primary units into different libraries or assign them unique names. The Intel FPGA Knowledge Database contains many articles with specific details on how to resolve this error. Visit the Knowledge Database at https://www.altera.com/support/support-resources/knowledge-base/search.html and search for this specific error message number. File: //tsclient/Labs_from_desktop/Lab9/slsRISC_vhdl/CU_Temp.vhd Line: 8
Error (10784): HDL error at slsRISC_CU_vhdl.vhd(6): see declaration for object "slsRISC_CU_vhdl" File: //tsclient/Labs_from_desktop/Lab9/slsRISC_vhdl/slsRISC_CU_vhdl.vhd Line: 6
Error (10500): VHDL syntax error at CU_Temp.vhd(183) near text "when";  expecting "end", or "else", or "elsif" File: //tsclient/Labs_from_desktop/Lab9/slsRISC_vhdl/CU_Temp.vhd Line: 183
Error (10500): VHDL syntax error at CU_Temp.vhd(184) near text "is";  expecting "then" File: //tsclient/Labs_from_desktop/Lab9/slsRISC_vhdl/CU_Temp.vhd Line: 184
Error (10500): VHDL syntax error at CU_Temp.vhd(199) near text "when";  expecting "end", or "(", or an identifier ("when" is a reserved keyword), or a sequential statement File: //tsclient/Labs_from_desktop/Lab9/slsRISC_vhdl/CU_Temp.vhd Line: 199
Error (10500): VHDL syntax error at CU_Temp.vhd(208) near text "when";  expecting "end", or "(", or an identifier ("when" is a reserved keyword), or a sequential statement File: //tsclient/Labs_from_desktop/Lab9/slsRISC_vhdl/CU_Temp.vhd Line: 208
Error (10500): VHDL syntax error at CU_Temp.vhd(218) near text "when";  expecting "end", or "(", or an identifier ("when" is a reserved keyword), or a sequential statement File: //tsclient/Labs_from_desktop/Lab9/slsRISC_vhdl/CU_Temp.vhd Line: 218
Error (10500): VHDL syntax error at CU_Temp.vhd(226) near text "case";  expecting "if" File: //tsclient/Labs_from_desktop/Lab9/slsRISC_vhdl/CU_Temp.vhd Line: 226
Error (10500): VHDL syntax error at CU_Temp.vhd(299) near text "when";  expecting "end", or "(", or an identifier ("when" is a reserved keyword), or a sequential statement File: //tsclient/Labs_from_desktop/Lab9/slsRISC_vhdl/CU_Temp.vhd Line: 299
Error (10500): VHDL syntax error at CU_Temp.vhd(307) near text "case";  expecting "if" File: //tsclient/Labs_from_desktop/Lab9/slsRISC_vhdl/CU_Temp.vhd Line: 307
Error (10500): VHDL syntax error at CU_Temp.vhd(309) near text "process";  expecting "if" File: //tsclient/Labs_from_desktop/Lab9/slsRISC_vhdl/CU_Temp.vhd Line: 309
Info (12021): Found 0 design units, including 0 entities, in source file cu_temp.vhd
Error: Quartus Prime Analysis & Synthesis was unsuccessful. 31 errors, 1 warning
    Error: Peak virtual memory: 4792 megabytes
    Error: Processing ended: Thu Apr 03 16:01:27 2025
    Error: Elapsed time: 00:01:30
    Error: Total CPU time (on all processors): 00:00:26


